Current date and time 
##### START task 10000 aws #####
Start w/ time
CUDA is used

Preparing the data...
 Training data X (257023, 2439) Y (257023,)
 Test data X (28559, 2439) Y (28559,)

Parameter-stamp...
 --> task:          AZ_Task20-task
 --> model:         ember_MLP
 --> hyper-params:  i10000-lr0.001-b256-sgd
AZ_Task20-task--ember_MLP--i10000-lr0.001-b256-sgd--

----------------------------------------MAIN MODEL----------------------------------------
Classifier(
  (flatten): Flatten()
  (fcE): AZ_MLP_Net(
    (fc0): Linear(in_features=2439, out_features=2048, bias=True)
    (fc0_bn): BatchNorm1d(2048, eps=1e-05, momentum=0.1, affine=True, track_running_stats=True)
    (act0): ReLU()
    (fc0_drop): Dropout(p=0.5, inplace=False)
    (fc1): Linear(in_features=2048, out_features=1024, bias=True)
    (fc1_bn): BatchNorm1d(1024, eps=1e-05, momentum=0.1, affine=True, track_running_stats=True)
    (act1): ReLU()
    (fc1_drop): Dropout(p=0.5, inplace=False)
    (fc2): Linear(in_features=1024, out_features=512, bias=True)
    (fc2_bn): BatchNorm1d(512, eps=1e-05, momentum=0.1, affine=True, track_running_stats=True)
    (act2): ReLU()
    (fc2_drop): Dropout(p=0.5, inplace=False)
    (fc3): Linear(in_features=512, out_features=256, bias=True)
    (fc3_bn): BatchNorm1d(256, eps=1e-05, momentum=0.1, affine=True, track_running_stats=True)
    (act3): ReLU()
    (fc3_drop): Dropout(p=0.5, inplace=False)
    (fc4): Linear(in_features=256, out_features=128, bias=True)
    (fc4_bn): BatchNorm1d(128, eps=1e-05, momentum=0.1, affine=True, track_running_stats=True)
    (act4): ReLU()
    (fc4_drop): Dropout(p=0.5, inplace=False)
  )
  (classifier): AZ_Classifier(
    (fc_last): Linear(in_features=128, out_features=100, bias=True)
  )
)
------------------------------------------------------------------------------------------
--> this network has 7805156 parameters (~7.8 million)
      of which: - learnable: 7805156 (~7.8 million)
                - fixed: 0 (~0.0 million)
------------------------------------------------------------------------------------------

Training...
task 1 =>> taskLabels [0, 1, 2, 3, 4]
=> Acc: 1.000 Precision 1.000 Recall 1.000 F1 1.000 


accs [1.0]
 precisions [1.0]
 recalls [1.0]
 f1scores [1.0]
task 2 =>> taskLabels [5, 6, 7, 8, 9]
i am Task AWS
replay #of families 5
=> Acc: 0.968 Precision 0.968 Recall 0.968 F1 0.968 
=> Acc: 0.992 Precision 0.992 Recall 0.992 F1 0.993 


accs [0.9681274900398407, 0.9923664122137404]
 precisions [0.9581673306772909, 0.9971374045801527]
 recalls [0.9442231075697212, 0.9952290076335878]
 f1scores [0.9519779418466868, 0.9923438765426594]
task 3 =>> taskLabels [10, 11, 12, 13, 14]
i am Task AWS
replay #of families 10
=> Acc: 0.926 Precision 0.926 Recall 0.926 F1 0.918 
=> Acc: 0.955 Precision 0.955 Recall 0.955 F1 0.956 
=> Acc: 1.000 Precision 1.000 Recall 1.000 F1 1.000 


accs [0.9262948207171314, 0.9551526717557252, 1.0]
 precisions [0.9203187250996016, 0.9475190839694656, 1.0]
 recalls [0.9083665338645418, 0.9456106870229007, 1.0]
 f1scores [0.8951620719658141, 0.9533879348754516, 1.0]
task 4 =>> taskLabels [15, 16, 17, 18, 19]
i am Task AWS
replay #of families 15
=> Acc: 0.946 Precision 0.946 Recall 0.946 F1 0.945 
=> Acc: 0.912 Precision 0.912 Recall 0.912 F1 0.907 
=> Acc: 0.931 Precision 0.931 Recall 0.931 F1 0.929 
=> Acc: 0.992 Precision 0.992 Recall 0.992 F1 0.992 


accs [0.9462151394422311, 0.9122137404580153, 0.9307692307692308, 0.9923954372623575]
 precisions [0.9442231075697212, 0.9265267175572519, 0.9461538461538461, 0.973384030418251]
 recalls [0.9462151394422311, 0.9131679389312977, 0.9346153846153846, 0.9809885931558935]
 f1scores [0.964394428530212, 0.9202047562392389, 0.9443749544415958, 0.9925252525252525]
task 5 =>> taskLabels [20, 21, 22, 23, 24]
i am Task AWS
replay #of families 20
=> Acc: 0.807 Precision 0.807 Recall 0.807 F1 0.801 
=> Acc: 0.837 Precision 0.837 Recall 0.837 F1 0.832 
=> Acc: 0.881 Precision 0.881 Recall 0.881 F1 0.876 
=> Acc: 0.772 Precision 0.772 Recall 0.772 F1 0.748 
=> Acc: 0.966 Precision 0.966 Recall 0.966 F1 0.966 


accs [0.8067729083665338, 0.8368320610687023, 0.8807692307692307, 0.7718631178707225, 0.9657282741738066]
 precisions [0.7868525896414342, 0.8272900763358778, 0.9, 0.6806083650190115, 0.9663402692778458]
 recalls [0.8227091633466136, 0.8234732824427481, 0.8730769230769231, 0.6920152091254753, 0.9608323133414932]
 f1scores [0.751110573465726, 0.8039901727859198, 0.8948109837169043, 0.6664668489800685, 0.9621661928187464]
task 6 =>> taskLabels [25, 26, 27, 28, 29]
i am Task AWS
replay #of families 25
=> Acc: 0.865 Precision 0.865 Recall 0.865 F1 0.862 
=> Acc: 0.882 Precision 0.882 Recall 0.882 F1 0.881 
=> Acc: 0.754 Precision 0.754 Recall 0.754 F1 0.746 
=> Acc: 0.779 Precision 0.779 Recall 0.779 F1 0.755 
=> Acc: 0.829 Precision 0.829 Recall 0.829 F1 0.832 
=> Acc: 0.975 Precision 0.975 Recall 0.975 F1 0.975 


accs [0.8645418326693227, 0.8816793893129771, 0.7538461538461538, 0.779467680608365, 0.8292533659730722, 0.9749839640795381]
 precisions [0.8605577689243028, 0.8788167938931297, 0.7769230769230769, 0.7452471482889734, 0.8390452876376989, 0.9833226427196922]
 recalls [0.8784860557768924, 0.9026717557251909, 0.7730769230769231, 0.7832699619771863, 0.8347613219094248, 0.9698524695317511]
 f1scores [0.8476832138866148, 0.895283460873272, 0.7593430997770889, 0.709617878395515, 0.8468314054095563, 0.9779810091607402]
task 7 =>> taskLabels [30, 31, 32, 33, 34]
i am Task AWS
replay #of families 30
=> Acc: 0.896 Precision 0.896 Recall 0.896 F1 0.892 
=> Acc: 0.828 Precision 0.828 Recall 0.828 F1 0.805 
=> Acc: 0.844 Precision 0.844 Recall 0.844 F1 0.837 
=> Acc: 0.817 Precision 0.817 Recall 0.817 F1 0.798 
=> Acc: 0.739 Precision 0.739 Recall 0.739 F1 0.735 
=> Acc: 0.831 Precision 0.831 Recall 0.831 F1 0.830 
=> Acc: 0.956 Precision 0.956 Recall 0.956 F1 0.955 


accs [0.896414342629482, 0.8282442748091603, 0.8442307692307692, 0.8174904942965779, 0.7386780905752754, 0.831302116741501, 0.9555208739758096]
 precisions [0.8745019920318725, 0.7881679389312977, 0.8115384615384615, 0.8136882129277566, 0.7478580171358629, 0.8492623476587556, 0.9648849005072181]
 recalls [0.9103585657370518, 0.8158396946564885, 0.8480769230769231, 0.7452471482889734, 0.7460220318237454, 0.8402822322001283, 0.9582520483808038]
 f1scores [0.865363745870968, 0.7790274243386188, 0.8150492150604682, 0.7742775795252096, 0.7412995052497212, 0.8393498681946683, 0.9635650821069055]
task 8 =>> taskLabels [35, 36, 37, 38, 39]
i am Task AWS
replay #of families 35
=> Acc: 0.944 Precision 0.944 Recall 0.944 F1 0.945 
=> Acc: 0.880 Precision 0.880 Recall 0.880 F1 0.877 
=> Acc: 0.794 Precision 0.794 Recall 0.794 F1 0.780 
=> Acc: 0.890 Precision 0.890 Recall 0.890 F1 0.889 
=> Acc: 0.790 Precision 0.790 Recall 0.790 F1 0.787 
=> Acc: 0.694 Precision 0.694 Recall 0.694 F1 0.687 
=> Acc: 0.792 Precision 0.792 Recall 0.792 F1 0.770 
=> Acc: 0.926 Precision 0.926 Recall 0.926 F1 0.921 


accs [0.9442231075697212, 0.8797709923664122, 0.7942307692307692, 0.8897338403041825, 0.7900856793145655, 0.6940346375881976, 0.7924307452204448, 0.9257356375525455]
 precisions [0.9482071713147411, 0.875, 0.7653846153846153, 0.8326996197718631, 0.780905752753978, 0.7042976266837716, 0.8068669527896996, 0.9327417094815507]
 recalls [0.9322709163346613, 0.8654580152671756, 0.7730769230769231, 0.9049429657794676, 0.7876376988984088, 0.6959589480436177, 0.8072571205618416, 0.9248014946286782]
 f1scores [0.9443321040030493, 0.8926237228922356, 0.7732872551941026, 0.841813922356091, 0.8048419413819523, 0.7079682934813534, 0.7647869911004728, 0.9090916483967468]
task 9 =>> taskLabels [40, 41, 42, 43, 44]
i am Task AWS
replay #of families 40
=> Acc: 0.934 Precision 0.934 Recall 0.934 F1 0.935 
=> Acc: 0.854 Precision 0.854 Recall 0.854 F1 0.850 
=> Acc: 0.754 Precision 0.754 Recall 0.754 F1 0.736 
=> Acc: 0.878 Precision 0.878 Recall 0.878 F1 0.864 
=> Acc: 0.742 Precision 0.742 Recall 0.742 F1 0.740 
=> Acc: 0.742 Precision 0.742 Recall 0.742 F1 0.721 
=> Acc: 0.752 Precision 0.752 Recall 0.752 F1 0.733 
=> Acc: 0.880 Precision 0.880 Recall 0.880 F1 0.868 
=> Acc: 0.988 Precision 0.988 Recall 0.988 F1 0.988 


accs [0.9342629482071713, 0.8540076335877863, 0.7538461538461538, 0.8783269961977186, 0.7423500611995104, 0.742142398973701, 0.7522434646898166, 0.8799626342830453, 0.9875862068965517]
 precisions [0.9342629482071713, 0.8377862595419847, 0.7961538461538461, 0.8897338403041825, 0.7564259485924113, 0.745349583066068, 0.7479516191962544, 0.8911723493694536, 0.9880459770114942]
 recalls [0.9462151394422311, 0.8673664122137404, 0.7865384615384615, 0.8631178707224335, 0.7582619339045288, 0.7504810776138551, 0.7506827936012486, 0.8808967772069126, 0.9816091954022989]
 f1scores [0.9274888806435726, 0.8320572877703721, 0.742477443114566, 0.8119203633351539, 0.7321698652538637, 0.7161358141594468, 0.7459507863823008, 0.8803600728480291, 0.9844649843123208]
task 10 =>> taskLabels [45, 46, 47, 48, 49]
i am Task AWS
replay #of families 45
=> Acc: 0.916 Precision 0.916 Recall 0.916 F1 0.907 
=> Acc: 0.848 Precision 0.848 Recall 0.848 F1 0.843 
=> Acc: 0.875 Precision 0.875 Recall 0.875 F1 0.872 
=> Acc: 0.833 Precision 0.833 Recall 0.833 F1 0.822 
=> Acc: 0.734 Precision 0.734 Recall 0.734 F1 0.729 
=> Acc: 0.741 Precision 0.741 Recall 0.741 F1 0.720 
=> Acc: 0.673 Precision 0.673 Recall 0.673 F1 0.639 
=> Acc: 0.866 Precision 0.866 Recall 0.866 F1 0.848 
=> Acc: 0.918 Precision 0.918 Recall 0.918 F1 0.913 
=> Acc: 0.994 Precision 0.994 Recall 0.994 F1 0.994 


accs [0.9163346613545816, 0.8482824427480916, 0.875, 0.8326996197718631, 0.7343941248470012, 0.7408595253367544, 0.6730394069449863, 0.8664175618869687, 0.9181609195402299, 0.9942652329749104]
 precisions [0.9223107569721115, 0.8463740458015268, 0.8519230769230769, 0.8593155893536122, 0.7423500611995104, 0.7479153303399615, 0.6703082325399922, 0.8510042036431574, 0.9135632183908046, 0.9906810035842294]
 recalls [0.9223107569721115, 0.8654580152671756, 0.8807692307692307, 0.8669201520912547, 0.7380660954712362, 0.7382937780628608, 0.6808427623878268, 0.8654834189631013, 0.9131034482758621, 0.9878136200716846]
 f1scores [0.9154115951385577, 0.8231115265462735, 0.8741808284155279, 0.856847433446668, 0.7363588518515108, 0.7047390482700729, 0.6473462621547112, 0.8329087182417103, 0.9201246082988872, 0.9891750389967691]
task 11 =>> taskLabels [50, 51, 52, 53, 54]
i am Task AWS
replay #of families 50
=> Acc: 0.823 Precision 0.823 Recall 0.823 F1 0.797 
=> Acc: 0.789 Precision 0.789 Recall 0.789 F1 0.783 
=> Acc: 0.817 Precision 0.817 Recall 0.817 F1 0.810 
=> Acc: 0.772 Precision 0.772 Recall 0.772 F1 0.757 
=> Acc: 0.741 Precision 0.741 Recall 0.741 F1 0.719 
=> Acc: 0.824 Precision 0.824 Recall 0.824 F1 0.818 
=> Acc: 0.736 Precision 0.736 Recall 0.736 F1 0.721 
=> Acc: 0.859 Precision 0.859 Recall 0.859 F1 0.848 
=> Acc: 0.940 Precision 0.940 Recall 0.940 F1 0.940 
=> Acc: 0.889 Precision 0.889 Recall 0.889 F1 0.890 
=> Acc: 0.984 Precision 0.984 Recall 0.984 F1 0.984 


accs [0.8227091633466136, 0.7891221374045801, 0.8173076923076923, 0.7718631178707225, 0.741126070991432, 0.8236048749198204, 0.7358564182598517, 0.8589444184960299, 0.9397701149425287, 0.8888888888888888, 0.9840737636211232]
 precisions [0.8027888446215139, 0.7786259541984732, 0.7711538461538462, 0.7908745247148289, 0.7496940024479805, 0.8242463117382938, 0.74131876706984, 0.8654834189631013, 0.9383908045977012, 0.9010752688172043, 0.9756915339480302]
 recalls [0.8047808764940239, 0.7576335877862596, 0.801923076923077, 0.8212927756653993, 0.7197062423500612, 0.8396407953816549, 0.7510729613733905, 0.8608127043437646, 0.9439080459770115, 0.8910394265232975, 0.9823973176865046]
 f1scores [0.8264051684138598, 0.7815807899431173, 0.8229236102926578, 0.7847542412050401, 0.7119119812003932, 0.8136111506973019, 0.7151331408566441, 0.8440971497685291, 0.944234314428775, 0.8826924385493055, 0.9906639984107443]
task 12 =>> taskLabels [55, 56, 57, 58, 59]
i am Task AWS
replay #of families 55
=> Acc: 0.932 Precision 0.932 Recall 0.932 F1 0.930 
=> Acc: 0.826 Precision 0.826 Recall 0.826 F1 0.809 
=> Acc: 0.873 Precision 0.873 Recall 0.873 F1 0.867 
=> Acc: 0.825 Precision 0.825 Recall 0.825 F1 0.805 
=> Acc: 0.797 Precision 0.797 Recall 0.797 F1 0.794 
=> Acc: 0.759 Precision 0.759 Recall 0.759 F1 0.752 
=> Acc: 0.768 Precision 0.768 Recall 0.768 F1 0.755 
=> Acc: 0.835 Precision 0.835 Recall 0.835 F1 0.811 
=> Acc: 0.903 Precision 0.903 Recall 0.903 F1 0.899 
=> Acc: 0.849 Precision 0.849 Recall 0.849 F1 0.850 
=> Acc: 0.921 Precision 0.921 Recall 0.921 F1 0.917 
=> Acc: 0.984 Precision 0.984 Recall 0.984 F1 0.985 


accs [0.9322709163346613, 0.8263358778625954, 0.8730769230769231, 0.8250950570342205, 0.7968176254589964, 0.7594611930724824, 0.7678501755754975, 0.8346567024754787, 0.9025287356321839, 0.8494623655913979, 0.9212070410729254, 0.984271523178808]
 precisions [0.9342629482071713, 0.8301526717557252, 0.8480769230769231, 0.8288973384030418, 0.799265605875153, 0.7479153303399615, 0.7690206788919235, 0.8164409154600654, 0.9085057471264368, 0.8652329749103943, 0.9203688181056161, 0.9809602649006622]
 recalls [0.9302788844621513, 0.8005725190839694, 0.8365384615384616, 0.8326996197718631, 0.7796817625458996, 0.745349583066068, 0.7725321888412017, 0.8318542737038767, 0.9025287356321839, 0.8845878136200717, 0.9153394803017603, 0.9826158940397351]
 f1scores [0.9299710501024456, 0.7911517630171028, 0.8328566612628414, 0.7720599457040136, 0.7834707041028184, 0.7437433227145466, 0.7572254991906515, 0.807058883658993, 0.906184349125839, 0.8573629716715683, 0.9070280403596724, 0.9828531098109593]
task 13 =>> taskLabels [60, 61, 62, 63, 64]
i am Task AWS
replay #of families 60
=> Acc: 0.882 Precision 0.882 Recall 0.882 F1 0.875 
=> Acc: 0.757 Precision 0.757 Recall 0.757 F1 0.754 
=> Acc: 0.812 Precision 0.812 Recall 0.812 F1 0.804 
=> Acc: 0.882 Precision 0.882 Recall 0.882 F1 0.882 
=> Acc: 0.791 Precision 0.791 Recall 0.791 F1 0.782 
=> Acc: 0.763 Precision 0.763 Recall 0.763 F1 0.731 
=> Acc: 0.785 Precision 0.785 Recall 0.785 F1 0.773 
=> Acc: 0.852 Precision 0.852 Recall 0.852 F1 0.825 
=> Acc: 0.847 Precision 0.847 Recall 0.847 F1 0.841 
=> Acc: 0.904 Precision 0.904 Recall 0.904 F1 0.903 
=> Acc: 0.894 Precision 0.894 Recall 0.894 F1 0.889 
=> Acc: 0.977 Precision 0.977 Recall 0.977 F1 0.976 
=> Acc: 0.975 Precision 0.975 Recall 0.975 F1 0.975 


accs [0.8824701195219123, 0.7566793893129771, 0.8115384615384615, 0.8821292775665399, 0.7913096695226438, 0.7626683771648493, 0.7850175575497463, 0.8524054180289584, 0.8473563218390805, 0.9039426523297491, 0.8935456831517183, 0.9768211920529801, 0.9752066115702479]
 precisions [0.8824701195219123, 0.7404580152671756, 0.8038461538461539, 0.8288973384030418, 0.795593635250918, 0.758819756254009, 0.778384705423332, 0.8346567024754787, 0.8533333333333334, 0.9146953405017921, 0.892707460184409, 0.9793046357615894, 0.9586776859504132]
 recalls [0.8705179282868526, 0.7452290076335878, 0.7826923076923077, 0.8555133079847909, 0.7943696450428397, 0.7677998717126363, 0.777214202106906, 0.8220457730032695, 0.8528735632183908, 0.9003584229390681, 0.8834870075440067, 0.9892384105960265, 0.9772727272727273]
 f1scores [0.8401356161904451, 0.7342937618251131, 0.8093528620079796, 0.8283878586678833, 0.7954337611125468, 0.7354288375969286, 0.7843379817345542, 0.8226459870840633, 0.8353421192969952, 0.9011760795961068, 0.8930964742200024, 0.9885069737444396, 0.9787205462957095]
task 14 =>> taskLabels [65, 66, 67, 68, 69]
i am Task AWS
replay #of families 65
=> Acc: 0.960 Precision 0.960 Recall 0.960 F1 0.959 
=> Acc: 0.759 Precision 0.759 Recall 0.759 F1 0.765 
=> Acc: 0.888 Precision 0.888 Recall 0.888 F1 0.880 
=> Acc: 0.863 Precision 0.863 Recall 0.863 F1 0.854 
=> Acc: 0.846 Precision 0.846 Recall 0.846 F1 0.842 
=> Acc: 0.795 Precision 0.795 Recall 0.795 F1 0.779 
=> Acc: 0.770 Precision 0.770 Recall 0.770 F1 0.761 
=> Acc: 0.744 Precision 0.744 Recall 0.744 F1 0.725 
=> Acc: 0.899 Precision 0.899 Recall 0.899 F1 0.897 
=> Acc: 0.870 Precision 0.870 Recall 0.870 F1 0.869 
=> Acc: 0.801 Precision 0.801 Recall 0.801 F1 0.786 
=> Acc: 0.975 Precision 0.975 Recall 0.975 F1 0.975 
=> Acc: 0.948 Precision 0.948 Recall 0.948 F1 0.947 
=> Acc: 0.953 Precision 0.953 Recall 0.953 F1 0.953 


accs [0.9601593625498008, 0.7585877862595419, 0.8884615384615384, 0.8631178707224335, 0.846389228886169, 0.7953816549069916, 0.7698010144362075, 0.7440448388603457, 0.8988505747126436, 0.8702508960573476, 0.8013411567476949, 0.9751655629139073, 0.9483471074380165, 0.9531174480425326]
 precisions [0.9342629482071713, 0.767175572519084, 0.8615384615384616, 0.870722433460076, 0.8365973072215422, 0.7851186658114175, 0.7694108466640656, 0.7407753386268099, 0.8937931034482759, 0.8673835125448028, 0.7988264878457669, 0.9768211920529801, 0.9297520661157025, 0.9632672788786854]
 recalls [0.9342629482071713, 0.7786259541984732, 0.8846153846153846, 0.844106463878327, 0.8598531211750307, 0.7838357921744709, 0.7686305111197815, 0.7533862680990191, 0.8942528735632184, 0.8688172043010752, 0.7963118189438391, 0.9817880794701986, 0.9214876033057852, 0.9627839536007733]
 f1scores [0.9353730375728254, 0.774673569265548, 0.8599096003037324, 0.8374519324072042, 0.8525871313383048, 0.7657739808851868, 0.7441950274779138, 0.7204433119721136, 0.8933074093915507, 0.884712881478135, 0.7799189201983772, 0.9762379346292549, 0.905447206779199, 0.9645476515742614]
task 15 =>> taskLabels [70, 71, 72, 73, 74]
i am Task AWS
replay #of families 70
=> Acc: 0.920 Precision 0.920 Recall 0.920 F1 0.914 
=> Acc: 0.774 Precision 0.774 Recall 0.774 F1 0.765 
=> Acc: 0.888 Precision 0.888 Recall 0.888 F1 0.885 
=> Acc: 0.833 Precision 0.833 Recall 0.833 F1 0.830 
=> Acc: 0.772 Precision 0.772 Recall 0.772 F1 0.767 
=> Acc: 0.762 Precision 0.762 Recall 0.762 F1 0.745 
=> Acc: 0.741 Precision 0.741 Recall 0.741 F1 0.730 
=> Acc: 0.682 Precision 0.682 Recall 0.682 F1 0.644 
=> Acc: 0.873 Precision 0.873 Recall 0.873 F1 0.868 
=> Acc: 0.919 Precision 0.919 Recall 0.919 F1 0.918 
=> Acc: 0.896 Precision 0.896 Recall 0.896 F1 0.893 
=> Acc: 0.923 Precision 0.923 Recall 0.923 F1 0.914 
=> Acc: 0.952 Precision 0.952 Recall 0.952 F1 0.952 
=> Acc: 0.942 Precision 0.942 Recall 0.942 F1 0.943 
=> Acc: 0.929 Precision 0.929 Recall 0.929 F1 0.928 


accs [0.9203187250996016, 0.773854961832061, 0.8884615384615384, 0.8326996197718631, 0.7717258261933905, 0.7620269403463759, 0.740928599297698, 0.6823914058851004, 0.8731034482758621, 0.9189964157706093, 0.8960603520536463, 0.9230132450331126, 0.9524793388429752, 0.9424842919284678, 0.92854140395124]
 precisions [0.9262948207171314, 0.7414122137404581, 0.8826923076923077, 0.844106463878327, 0.7784577723378213, 0.7633098139833226, 0.7358564182598517, 0.6833255488089678, 0.8496551724137931, 0.9182795698924732, 0.8792958927074602, 0.9064569536423841, 0.9111570247933884, 0.9347510874818753, 0.9226565783942833]
 recalls [0.9183266932270916, 0.7538167938931297, 0.8730769230769231, 0.8022813688212928, 0.7717258261933905, 0.7742142398973701, 0.7385875926648459, 0.6837926202709015, 0.8496551724137931, 0.9032258064516129, 0.8725901089689857, 0.918046357615894, 0.9214876033057852, 0.9347510874818753, 0.9298024379991593]
 f1scores [0.9367626464837076, 0.7528610787044414, 0.8965986307324391, 0.8121344919120727, 0.7985924182380779, 0.7505581736681963, 0.7110248429700696, 0.6296095632022976, 0.8623785330179519, 0.9192406778476567, 0.8860751066220258, 0.9084015202074447, 0.9194699103713189, 0.9435754815339827, 0.92069049327657]
task 16 =>> taskLabels [75, 76, 77, 78, 79]
i am Task AWS
replay #of families 75
=> Acc: 0.867 Precision 0.867 Recall 0.867 F1 0.858 
=> Acc: 0.702 Precision 0.702 Recall 0.702 F1 0.669 
=> Acc: 0.894 Precision 0.894 Recall 0.894 F1 0.891 
=> Acc: 0.852 Precision 0.852 Recall 0.852 F1 0.847 
=> Acc: 0.774 Precision 0.774 Recall 0.774 F1 0.767 
=> Acc: 0.793 Precision 0.793 Recall 0.793 F1 0.771 
=> Acc: 0.675 Precision 0.675 Recall 0.675 F1 0.658 
=> Acc: 0.715 Precision 0.715 Recall 0.715 F1 0.678 
=> Acc: 0.879 Precision 0.879 Recall 0.879 F1 0.875 
=> Acc: 0.903 Precision 0.903 Recall 0.903 F1 0.904 
=> Acc: 0.916 Precision 0.916 Recall 0.916 F1 0.909 
=> Acc: 0.860 Precision 0.860 Recall 0.860 F1 0.838 
=> Acc: 0.938 Precision 0.938 Recall 0.938 F1 0.939 
=> Acc: 0.934 Precision 0.934 Recall 0.934 F1 0.933 
=> Acc: 0.880 Precision 0.880 Recall 0.880 F1 0.879 
=> Acc: 0.985 Precision 0.985 Recall 0.985 F1 0.985 


accs [0.8665338645418327, 0.7022900763358778, 0.8942307692307693, 0.8517110266159695, 0.773561811505508, 0.7934573444515716, 0.6746000780335544, 0.7150864082204578, 0.8786206896551724, 0.9032258064516129, 0.9161777032690696, 0.8600993377483444, 0.9380165289256198, 0.9337844369260513, 0.880201765447667, 0.9847328244274809]
 precisions [0.8665338645418327, 0.6727099236641222, 0.8711538461538462, 0.8250950570342205, 0.7729498164014688, 0.7966645285439384, 0.6722590714007023, 0.7052779075198505, 0.8832183908045977, 0.9060931899641577, 0.9103101424979044, 0.8675496688741722, 0.9318181818181818, 0.9328177863702272, 0.8810424548129466, 0.990185387131952]
 recalls [0.8725099601593626, 0.683206106870229, 0.8942307692307693, 0.8174904942965779, 0.7649938800489596, 0.804361770365619, 0.6628950448692938, 0.7062120504437179, 0.8896551724137931, 0.8974910394265233, 0.9195305951383068, 0.8783112582781457, 0.9338842975206612, 0.9366843885935234, 0.8965952080706179, 0.9869138495092693]
 f1scores [0.8904501319867194, 0.6553469538828548, 0.8838817605962648, 0.8250187363264132, 0.7775417965303417, 0.7608965331919146, 0.6498547100854809, 0.6709983379463, 0.8868910839672746, 0.9062203226427666, 0.8995321895283727, 0.8406896495741716, 0.9275308539616869, 0.9352745964525235, 0.8904432477358887, 0.9877896246263751]
task 17 =>> taskLabels [80, 81, 82, 83, 84]
i am Task AWS
replay #of families 80
=> Acc: 0.896 Precision 0.896 Recall 0.896 F1 0.895 
=> Acc: 0.817 Precision 0.817 Recall 0.817 F1 0.812 
=> Acc: 0.819 Precision 0.819 Recall 0.819 F1 0.813 
=> Acc: 0.787 Precision 0.787 Recall 0.787 F1 0.768 
=> Acc: 0.800 Precision 0.800 Recall 0.800 F1 0.794 
=> Acc: 0.790 Precision 0.790 Recall 0.790 F1 0.768 
=> Acc: 0.695 Precision 0.695 Recall 0.695 F1 0.681 
=> Acc: 0.765 Precision 0.765 Recall 0.765 F1 0.747 
=> Acc: 0.806 Precision 0.806 Recall 0.806 F1 0.793 
=> Acc: 0.881 Precision 0.881 Recall 0.881 F1 0.881 
=> Acc: 0.873 Precision 0.873 Recall 0.873 F1 0.865 
=> Acc: 0.844 Precision 0.844 Recall 0.844 F1 0.829 
=> Acc: 0.930 Precision 0.930 Recall 0.930 F1 0.927 
=> Acc: 0.900 Precision 0.900 Recall 0.900 F1 0.899 
=> Acc: 0.870 Precision 0.870 Recall 0.870 F1 0.868 
=> Acc: 0.946 Precision 0.946 Recall 0.946 F1 0.945 
=> Acc: 0.963 Precision 0.963 Recall 0.963 F1 0.963 


accs [0.896414342629482, 0.816793893129771, 0.8192307692307692, 0.7870722433460076, 0.8004895960832313, 0.7896087235407312, 0.6948888021849395, 0.7645959831854273, 0.8064367816091954, 0.8810035842293907, 0.8725901089689857, 0.8443708609271523, 0.9297520661157025, 0.9004349927501208, 0.869693148381673, 0.9460196292257361, 0.9628697293895532]
 precisions [0.9143426294820717, 0.8015267175572519, 0.8346153846153846, 0.8250950570342205, 0.8102815177478581, 0.777421423989737, 0.7081545064377682, 0.7641289117234937, 0.8022988505747126, 0.8953405017921147, 0.8834870075440067, 0.847682119205298, 0.8863636363636364, 0.9130014499758338, 0.8667507356031946, 0.9383860414394766, 0.9697923222152297]
 recalls [0.9103585657370518, 0.8110687022900763, 0.8076923076923077, 0.7756653992395437, 0.802937576499388, 0.7806286080821039, 0.7003511509949278, 0.7720691265763662, 0.7963218390804597, 0.8874551971326164, 0.8801341156747695, 0.8675496688741722, 0.9070247933884298, 0.9062348960850652, 0.8738965952080706, 0.9438386041439476, 0.9653870358716173]
 f1scores [0.8843755263246574, 0.7868980075901456, 0.8017730361188615, 0.7905664736712336, 0.7939566765031695, 0.7576660010281578, 0.6972538776112323, 0.7368843915522901, 0.781911793650142, 0.8947312557380103, 0.8560329133622393, 0.8329443300548774, 0.8974967535781335, 0.913060017738945, 0.8666711416992916, 0.9480619497137873, 0.9641730889863931]
task 18 =>> taskLabels [85, 86, 87, 88, 89]
i am Task AWS
replay #of families 85
=> Acc: 0.922 Precision 0.922 Recall 0.922 F1 0.923 
=> Acc: 0.815 Precision 0.815 Recall 0.815 F1 0.806 
=> Acc: 0.875 Precision 0.875 Recall 0.875 F1 0.873 
=> Acc: 0.848 Precision 0.848 Recall 0.848 F1 0.841 
=> Acc: 0.782 Precision 0.782 Recall 0.782 F1 0.779 
=> Acc: 0.725 Precision 0.725 Recall 0.725 F1 0.706 
=> Acc: 0.711 Precision 0.711 Recall 0.711 F1 0.692 
=> Acc: 0.771 Precision 0.771 Recall 0.771 F1 0.765 
=> Acc: 0.848 Precision 0.848 Recall 0.848 F1 0.840 
=> Acc: 0.854 Precision 0.854 Recall 0.854 F1 0.853 
=> Acc: 0.829 Precision 0.829 Recall 0.829 F1 0.825 
=> Acc: 0.881 Precision 0.881 Recall 0.881 F1 0.867 
=> Acc: 0.911 Precision 0.911 Recall 0.911 F1 0.911 
=> Acc: 0.909 Precision 0.909 Recall 0.909 F1 0.906 
=> Acc: 0.825 Precision 0.825 Recall 0.825 F1 0.822 
=> Acc: 0.971 Precision 0.971 Recall 0.971 F1 0.971 
=> Acc: 0.942 Precision 0.942 Recall 0.942 F1 0.941 
=> Acc: 0.929 Precision 0.929 Recall 0.929 F1 0.926 


accs [0.9223107569721115, 0.8148854961832062, 0.875, 0.8479087452471483, 0.7821297429620563, 0.7254650416933932, 0.7112758486149044, 0.7711349836524989, 0.847816091954023, 0.8544802867383513, 0.829002514668902, 0.8807947019867549, 0.9111570247933884, 0.9091348477525375, 0.825136612021858, 0.9711014176663032, 0.9421019509125236, 0.928739971684757]
 precisions [0.9143426294820717, 0.8396946564885496, 0.8730769230769231, 0.8250950570342205, 0.8023255813953488, 0.7331622835150737, 0.70464299648849, 0.7730032695002336, 0.8496551724137931, 0.8530465949820788, 0.8575020955574183, 0.8567880794701986, 0.9132231404958677, 0.9144514258095698, 0.8335435056746532, 0.9623773173391494, 0.9364380113278792, 0.926852288815479]
 recalls [0.9183266932270916, 0.8158396946564885, 0.8596153846153847, 0.844106463878327, 0.7888616891064871, 0.7415009621552278, 0.7058134998049161, 0.7711349836524989, 0.8436781609195402, 0.8587813620071685, 0.8306789606035205, 0.8650662251655629, 0.8946280991735537, 0.9081681971967134, 0.8318621269440941, 0.9738276990185387, 0.9414726242920075, 0.9230769230769231]
 f1scores [0.9155068674038468, 0.7942600834789186, 0.8716808502659636, 0.8062309653624545, 0.7698534846672443, 0.713545752838917, 0.6698060797817635, 0.7659922312495752, 0.8372236821922346, 0.8711798006010991, 0.8416139474370388, 0.8552815006611626, 0.9006849218208085, 0.910462952274715, 0.8288027992793016, 0.9659925556633653, 0.9301203607470561, 0.932759967758669]
task 19 =>> taskLabels [90, 91, 92, 93, 94]
i am Task AWS
replay #of families 90
=> Acc: 0.743 Precision 0.743 Recall 0.743 F1 0.731 
=> Acc: 0.714 Precision 0.714 Recall 0.714 F1 0.697 
=> Acc: 0.815 Precision 0.815 Recall 0.815 F1 0.807 
=> Acc: 0.779 Precision 0.779 Recall 0.779 F1 0.771 
=> Acc: 0.747 Precision 0.747 Recall 0.747 F1 0.741 
=> Acc: 0.752 Precision 0.752 Recall 0.752 F1 0.733 
=> Acc: 0.648 Precision 0.648 Recall 0.648 F1 0.618 
=> Acc: 0.806 Precision 0.806 Recall 0.806 F1 0.797 
=> Acc: 0.859 Precision 0.859 Recall 0.859 F1 0.853 
=> Acc: 0.848 Precision 0.848 Recall 0.848 F1 0.848 
=> Acc: 0.878 Precision 0.878 Recall 0.878 F1 0.864 
=> Acc: 0.842 Precision 0.842 Recall 0.842 F1 0.821 
=> Acc: 0.928 Precision 0.928 Recall 0.928 F1 0.930 
=> Acc: 0.917 Precision 0.917 Recall 0.917 F1 0.917 
=> Acc: 0.772 Precision 0.772 Recall 0.772 F1 0.761 
=> Acc: 0.911 Precision 0.911 Recall 0.911 F1 0.909 
=> Acc: 0.931 Precision 0.931 Recall 0.931 F1 0.931 
=> Acc: 0.887 Precision 0.887 Recall 0.887 F1 0.886 
=> Acc: 0.941 Precision 0.941 Recall 0.941 F1 0.939 


accs [0.7430278884462151, 0.7137404580152672, 0.8153846153846154, 0.779467680608365, 0.7472460220318238, 0.7517639512508018, 0.648068669527897, 0.8061653432975245, 0.8588505747126437, 0.8480286738351255, 0.8776194467728415, 0.8418874172185431, 0.9276859504132231, 0.9173513774770421, 0.7717528373266078, 0.910577971646674, 0.9314033983637507, 0.8867390278433224, 0.9407294832826748]
 precisions [0.7390438247011952, 0.7299618320610687, 0.7865384615384615, 0.7908745247148289, 0.7643818849449204, 0.7607440667094291, 0.6515801794771752, 0.7991592713685194, 0.8533333333333334, 0.8480286738351255, 0.8692372170997485, 0.8509933774834437, 0.9214876033057852, 0.9226679555340744, 0.7368642286675073, 0.9176663031624863, 0.906859660163625, 0.8928739971684757, 0.9316109422492401]
 recalls [0.7768924302788844, 0.7309160305343512, 0.8096153846153846, 0.8288973384030418, 0.7558139534883721, 0.7620269403463759, 0.649629340616465, 0.7944885567491826, 0.8606896551724138, 0.8365591397849462, 0.86756077116513, 0.8501655629139073, 0.9400826446280992, 0.9212179797003384, 0.7549390500210172, 0.910577971646674, 0.9100062932662052, 0.8952336007550732, 0.9164133738601824]
 f1scores [0.7147522403393218, 0.7311579979108724, 0.7604194290261999, 0.8007781437063735, 0.746697154320364, 0.7391365069326769, 0.6249828661139115, 0.7897394245011999, 0.8636023286148541, 0.8502813277393297, 0.8577173915334713, 0.831356227815933, 0.9325579208886644, 0.9127240845404266, 0.7541067721238062, 0.9191267229376505, 0.911258004198236, 0.8849536488647974, 0.9246791768171054]
task 20 =>> taskLabels [95, 96, 97, 98, 99]
i am Task AWS
replay #of families 95
=> Acc: 0.797 Precision 0.797 Recall 0.797 F1 0.799 
=> Acc: 0.680 Precision 0.680 Recall 0.680 F1 0.669 
=> Acc: 0.840 Precision 0.840 Recall 0.840 F1 0.817 
=> Acc: 0.760 Precision 0.760 Recall 0.760 F1 0.753 
=> Acc: 0.802 Precision 0.802 Recall 0.802 F1 0.794 
=> Acc: 0.782 Precision 0.782 Recall 0.782 F1 0.754 
=> Acc: 0.685 Precision 0.685 Recall 0.685 F1 0.666 
=> Acc: 0.848 Precision 0.848 Recall 0.848 F1 0.839 
=> Acc: 0.867 Precision 0.867 Recall 0.867 F1 0.861 
=> Acc: 0.816 Precision 0.816 Recall 0.816 F1 0.811 
=> Acc: 0.919 Precision 0.919 Recall 0.919 F1 0.915 
=> Acc: 0.898 Precision 0.898 Recall 0.898 F1 0.894 
=> Acc: 0.909 Precision 0.909 Recall 0.909 F1 0.913 
=> Acc: 0.867 Precision 0.867 Recall 0.867 F1 0.865 
=> Acc: 0.741 Precision 0.741 Recall 0.741 F1 0.715 
=> Acc: 0.892 Precision 0.892 Recall 0.892 F1 0.891 
=> Acc: 0.916 Precision 0.916 Recall 0.916 F1 0.916 
=> Acc: 0.765 Precision 0.765 Recall 0.765 F1 0.764 
=> Acc: 0.810 Precision 0.810 Recall 0.810 F1 0.803 
=> Acc: 0.795 Precision 0.795 Recall 0.795 F1 0.774 


accs [0.796812749003984, 0.6803435114503816, 0.8403846153846154, 0.7604562737642585, 0.8023255813953488, 0.7819114817190507, 0.685134607881389, 0.8482017748715553, 0.8671264367816092, 0.8157706093189964, 0.9186923721709975, 0.8981788079470199, 0.9090909090909091, 0.8666022232962783, 0.741067675493905, 0.8920392584514721, 0.9156702328508496, 0.7654554034922133, 0.8100303951367781, 0.7952691680261011]
 precisions [0.7808764940239044, 0.6593511450381679, 0.823076923076923, 0.8212927756653993, 0.8304773561811506, 0.7556125721616421, 0.6894264533749512, 0.847267631947688, 0.88, 0.8021505376344086, 0.9153394803017603, 0.9172185430463576, 0.9297520661157025, 0.8598356694055099, 0.7318200924758301, 0.8904034896401308, 0.8842039018250472, 0.7763095799905616, 0.8267477203647416, 0.7960848287112561]
 recalls [0.8067729083665338, 0.6555343511450382, 0.8480769230769231, 0.8098859315589354, 0.8255813953488372, 0.758819756254009, 0.7089348419820523, 0.8519383465670247, 0.8744827586206897, 0.7921146953405018, 0.9111483654652137, 0.9147350993377483, 0.9504132231404959, 0.8680521991300145, 0.7318200924758301, 0.886041439476554, 0.8967904342353682, 0.7569608305804625, 0.7933130699088146, 0.8197389885807504]
 f1scores [0.762745318977052, 0.6807264293925279, 0.8029976313755738, 0.7940948562677196, 0.824427610272284, 0.7340543842462187, 0.6849239911100126, 0.8406865667613556, 0.8696062616156736, 0.809372428924533, 0.9042364636868557, 0.9021927961999052, 0.9399055688641724, 0.8587631889087255, 0.6930690281605042, 0.8920030375174461, 0.9005375377441555, 0.7829215328096855, 0.7950589967129496, 0.7558028925768027]
done w/ time
All done
