Current date and time 
##### START task 10000 aws #####
Start w/ time
CUDA is used

Preparing the data...
 Training data X (257023, 2439) Y (257023,)
 Test data X (28559, 2439) Y (28559,)

Parameter-stamp...
 --> task:          AZ_Task20-task
 --> model:         ember_MLP
 --> hyper-params:  i10000-lr0.001-b256-sgd
AZ_Task20-task--ember_MLP--i10000-lr0.001-b256-sgd--

----------------------------------------MAIN MODEL----------------------------------------
Classifier(
  (flatten): Flatten()
  (fcE): AZ_MLP_Net(
    (fc0): Linear(in_features=2439, out_features=2048, bias=True)
    (fc0_bn): BatchNorm1d(2048, eps=1e-05, momentum=0.1, affine=True, track_running_stats=True)
    (act0): ReLU()
    (fc0_drop): Dropout(p=0.5, inplace=False)
    (fc1): Linear(in_features=2048, out_features=1024, bias=True)
    (fc1_bn): BatchNorm1d(1024, eps=1e-05, momentum=0.1, affine=True, track_running_stats=True)
    (act1): ReLU()
    (fc1_drop): Dropout(p=0.5, inplace=False)
    (fc2): Linear(in_features=1024, out_features=512, bias=True)
    (fc2_bn): BatchNorm1d(512, eps=1e-05, momentum=0.1, affine=True, track_running_stats=True)
    (act2): ReLU()
    (fc2_drop): Dropout(p=0.5, inplace=False)
    (fc3): Linear(in_features=512, out_features=256, bias=True)
    (fc3_bn): BatchNorm1d(256, eps=1e-05, momentum=0.1, affine=True, track_running_stats=True)
    (act3): ReLU()
    (fc3_drop): Dropout(p=0.5, inplace=False)
    (fc4): Linear(in_features=256, out_features=128, bias=True)
    (fc4_bn): BatchNorm1d(128, eps=1e-05, momentum=0.1, affine=True, track_running_stats=True)
    (act4): ReLU()
    (fc4_drop): Dropout(p=0.5, inplace=False)
  )
  (classifier): AZ_Classifier(
    (fc_last): Linear(in_features=128, out_features=100, bias=True)
  )
)
------------------------------------------------------------------------------------------
--> this network has 7805156 parameters (~7.8 million)
      of which: - learnable: 7805156 (~7.8 million)
                - fixed: 0 (~0.0 million)
------------------------------------------------------------------------------------------

Training...
task 1 =>> taskLabels [0, 1, 2, 3, 4]
=> Acc: 0.998 Precision 0.998 Recall 0.998 F1 0.998 


accs [0.9983890455094644]
 precisions [0.9983890455094644]
 recalls [0.9983890455094644]
 f1scores [0.999174384622594]
task 2 =>> taskLabels [5, 6, 7, 8, 9]
done w/ time
Start w/ time
CUDA is used

Preparing the data...
 Training data X (257023, 2439) Y (257023,)
 Test data X (28559, 2439) Y (28559,)

Parameter-stamp...
 --> task:          AZ_Task20-task
 --> model:         ember_MLP
 --> hyper-params:  i10000-lr0.001-b256-sgd
AZ_Task20-task--ember_MLP--i10000-lr0.001-b256-sgd--

----------------------------------------MAIN MODEL----------------------------------------
Classifier(
  (flatten): Flatten()
  (fcE): AZ_MLP_Net(
    (fc0): Linear(in_features=2439, out_features=2048, bias=True)
    (fc0_bn): BatchNorm1d(2048, eps=1e-05, momentum=0.1, affine=True, track_running_stats=True)
    (act0): ReLU()
    (fc0_drop): Dropout(p=0.5, inplace=False)
    (fc1): Linear(in_features=2048, out_features=1024, bias=True)
    (fc1_bn): BatchNorm1d(1024, eps=1e-05, momentum=0.1, affine=True, track_running_stats=True)
    (act1): ReLU()
    (fc1_drop): Dropout(p=0.5, inplace=False)
    (fc2): Linear(in_features=1024, out_features=512, bias=True)
    (fc2_bn): BatchNorm1d(512, eps=1e-05, momentum=0.1, affine=True, track_running_stats=True)
    (act2): ReLU()
    (fc2_drop): Dropout(p=0.5, inplace=False)
    (fc3): Linear(in_features=512, out_features=256, bias=True)
    (fc3_bn): BatchNorm1d(256, eps=1e-05, momentum=0.1, affine=True, track_running_stats=True)
    (act3): ReLU()
    (fc3_drop): Dropout(p=0.5, inplace=False)
    (fc4): Linear(in_features=256, out_features=128, bias=True)
    (fc4_bn): BatchNorm1d(128, eps=1e-05, momentum=0.1, affine=True, track_running_stats=True)
    (act4): ReLU()
    (fc4_drop): Dropout(p=0.5, inplace=False)
  )
  (classifier): AZ_Classifier(
    (fc_last): Linear(in_features=128, out_features=100, bias=True)
  )
)
------------------------------------------------------------------------------------------
--> this network has 7805156 parameters (~7.8 million)
      of which: - learnable: 7805156 (~7.8 million)
                - fixed: 0 (~0.0 million)
------------------------------------------------------------------------------------------

Training...
task 1 =>> taskLabels [0, 1, 2, 3, 4]
=> Acc: 0.994 Precision 0.994 Recall 0.994 F1 0.994 


accs [0.9944253859348199]
 precisions [0.9927101200686106]
 recalls [0.9952830188679245]
 f1scores [0.9940622858022568]
task 2 =>> taskLabels [5, 6, 7, 8, 9]
done w/ time
Start w/ time
CUDA is used

Preparing the data...
 Training data X (257023, 2439) Y (257023,)
 Test data X (28559, 2439) Y (28559,)

Parameter-stamp...
 --> task:          AZ_Task20-task
 --> model:         ember_MLP
 --> hyper-params:  i10000-lr0.001-b256-sgd
AZ_Task20-task--ember_MLP--i10000-lr0.001-b256-sgd--

----------------------------------------MAIN MODEL----------------------------------------
Classifier(
  (flatten): Flatten()
  (fcE): AZ_MLP_Net(
    (fc0): Linear(in_features=2439, out_features=2048, bias=True)
    (fc0_bn): BatchNorm1d(2048, eps=1e-05, momentum=0.1, affine=True, track_running_stats=True)
    (act0): ReLU()
    (fc0_drop): Dropout(p=0.5, inplace=False)
    (fc1): Linear(in_features=2048, out_features=1024, bias=True)
    (fc1_bn): BatchNorm1d(1024, eps=1e-05, momentum=0.1, affine=True, track_running_stats=True)
    (act1): ReLU()
    (fc1_drop): Dropout(p=0.5, inplace=False)
    (fc2): Linear(in_features=1024, out_features=512, bias=True)
    (fc2_bn): BatchNorm1d(512, eps=1e-05, momentum=0.1, affine=True, track_running_stats=True)
    (act2): ReLU()
    (fc2_drop): Dropout(p=0.5, inplace=False)
    (fc3): Linear(in_features=512, out_features=256, bias=True)
    (fc3_bn): BatchNorm1d(256, eps=1e-05, momentum=0.1, affine=True, track_running_stats=True)
    (act3): ReLU()
    (fc3_drop): Dropout(p=0.5, inplace=False)
    (fc4): Linear(in_features=256, out_features=128, bias=True)
    (fc4_bn): BatchNorm1d(128, eps=1e-05, momentum=0.1, affine=True, track_running_stats=True)
    (act4): ReLU()
    (fc4_drop): Dropout(p=0.5, inplace=False)
  )
  (classifier): AZ_Classifier(
    (fc_last): Linear(in_features=128, out_features=100, bias=True)
  )
)
------------------------------------------------------------------------------------------
--> this network has 7805156 parameters (~7.8 million)
      of which: - learnable: 7805156 (~7.8 million)
                - fixed: 0 (~0.0 million)
------------------------------------------------------------------------------------------

Training...
task 1 =>> taskLabels [0, 1, 2, 3, 4]
=> Acc: 0.995 Precision 0.995 Recall 0.995 F1 0.995 


accs [0.9952644041041832]
 precisions [0.9928966061562746]
 recalls [0.9960536700868192]
 f1scores [0.9932324849204412]
task 2 =>> taskLabels [5, 6, 7, 8, 9]
done w/ time
Start w/ time
CUDA is used

Preparing the data...
 Training data X (257023, 2439) Y (257023,)
 Test data X (28559, 2439) Y (28559,)

Parameter-stamp...
 --> task:          AZ_Task20-task
 --> model:         ember_MLP
 --> hyper-params:  i10000-lr0.001-b256-sgd
AZ_Task20-task--ember_MLP--i10000-lr0.001-b256-sgd--

----------------------------------------MAIN MODEL----------------------------------------
Classifier(
  (flatten): Flatten()
  (fcE): AZ_MLP_Net(
    (fc0): Linear(in_features=2439, out_features=2048, bias=True)
    (fc0_bn): BatchNorm1d(2048, eps=1e-05, momentum=0.1, affine=True, track_running_stats=True)
    (act0): ReLU()
    (fc0_drop): Dropout(p=0.5, inplace=False)
    (fc1): Linear(in_features=2048, out_features=1024, bias=True)
    (fc1_bn): BatchNorm1d(1024, eps=1e-05, momentum=0.1, affine=True, track_running_stats=True)
    (act1): ReLU()
    (fc1_drop): Dropout(p=0.5, inplace=False)
    (fc2): Linear(in_features=1024, out_features=512, bias=True)
    (fc2_bn): BatchNorm1d(512, eps=1e-05, momentum=0.1, affine=True, track_running_stats=True)
    (act2): ReLU()
    (fc2_drop): Dropout(p=0.5, inplace=False)
    (fc3): Linear(in_features=512, out_features=256, bias=True)
    (fc3_bn): BatchNorm1d(256, eps=1e-05, momentum=0.1, affine=True, track_running_stats=True)
    (act3): ReLU()
    (fc3_drop): Dropout(p=0.5, inplace=False)
    (fc4): Linear(in_features=256, out_features=128, bias=True)
    (fc4_bn): BatchNorm1d(128, eps=1e-05, momentum=0.1, affine=True, track_running_stats=True)
    (act4): ReLU()
    (fc4_drop): Dropout(p=0.5, inplace=False)
  )
  (classifier): AZ_Classifier(
    (fc_last): Linear(in_features=128, out_features=100, bias=True)
  )
)
------------------------------------------------------------------------------------------
--> this network has 7805156 parameters (~7.8 million)
      of which: - learnable: 7805156 (~7.8 million)
                - fixed: 0 (~0.0 million)
------------------------------------------------------------------------------------------

Training...
task 1 =>> taskLabels [0, 1, 2, 3, 4]
=> Acc: 0.999 Precision 0.999 Recall 0.999 F1 0.999 


accs [0.9992119779353822]
 precisions [0.9984239558707644]
 recalls [0.9984239558707644]
 f1scores [0.9969100453352422]
task 2 =>> taskLabels [5, 6, 7, 8, 9]
done w/ time
Start w/ time
CUDA is used

Preparing the data...
 Training data X (257023, 2439) Y (257023,)
 Test data X (28559, 2439) Y (28559,)

Parameter-stamp...
 --> task:          AZ_Task20-task
 --> model:         ember_MLP
 --> hyper-params:  i10000-lr0.001-b256-sgd
AZ_Task20-task--ember_MLP--i10000-lr0.001-b256-sgd--

----------------------------------------MAIN MODEL----------------------------------------
Classifier(
  (flatten): Flatten()
  (fcE): AZ_MLP_Net(
    (fc0): Linear(in_features=2439, out_features=2048, bias=True)
    (fc0_bn): BatchNorm1d(2048, eps=1e-05, momentum=0.1, affine=True, track_running_stats=True)
    (act0): ReLU()
    (fc0_drop): Dropout(p=0.5, inplace=False)
    (fc1): Linear(in_features=2048, out_features=1024, bias=True)
    (fc1_bn): BatchNorm1d(1024, eps=1e-05, momentum=0.1, affine=True, track_running_stats=True)
    (act1): ReLU()
    (fc1_drop): Dropout(p=0.5, inplace=False)
    (fc2): Linear(in_features=1024, out_features=512, bias=True)
    (fc2_bn): BatchNorm1d(512, eps=1e-05, momentum=0.1, affine=True, track_running_stats=True)
    (act2): ReLU()
    (fc2_drop): Dropout(p=0.5, inplace=False)
    (fc3): Linear(in_features=512, out_features=256, bias=True)
    (fc3_bn): BatchNorm1d(256, eps=1e-05, momentum=0.1, affine=True, track_running_stats=True)
    (act3): ReLU()
    (fc3_drop): Dropout(p=0.5, inplace=False)
    (fc4): Linear(in_features=256, out_features=128, bias=True)
    (fc4_bn): BatchNorm1d(128, eps=1e-05, momentum=0.1, affine=True, track_running_stats=True)
    (act4): ReLU()
    (fc4_drop): Dropout(p=0.5, inplace=False)
  )
  (classifier): AZ_Classifier(
    (fc_last): Linear(in_features=128, out_features=100, bias=True)
  )
)
------------------------------------------------------------------------------------------
--> this network has 7805156 parameters (~7.8 million)
      of which: - learnable: 7805156 (~7.8 million)
                - fixed: 0 (~0.0 million)
------------------------------------------------------------------------------------------

Training...
task 1 =>> taskLabels [0, 1, 2, 3, 4]
=> Acc: 0.984 Precision 0.984 Recall 0.984 F1 0.984 


accs [0.9841897233201581]
 precisions [0.9807312252964426]
 recalls [0.9812252964426877]
 f1scores [0.9869584751450275]
task 2 =>> taskLabels [5, 6, 7, 8, 9]
done w/ time
All done
