Current date and time 
##### START task 10000 aws #####
Start w/ time
CUDA is used

Preparing the data...
 Training data X (257023, 2439) Y (257023,)
 Test data X (28559, 2439) Y (28559,)

Parameter-stamp...
 --> task:          AZ_Task20-task
 --> model:         ember_MLP
 --> hyper-params:  i10000-lr0.001-b256-sgd
AZ_Task20-task--ember_MLP--i10000-lr0.001-b256-sgd--

----------------------------------------MAIN MODEL----------------------------------------
Classifier(
  (flatten): Flatten()
  (fcE): AZ_MLP_Net(
    (fc0): Linear(in_features=2439, out_features=2048, bias=True)
    (fc0_bn): BatchNorm1d(2048, eps=1e-05, momentum=0.1, affine=True, track_running_stats=True)
    (act0): ReLU()
    (fc0_drop): Dropout(p=0.5, inplace=False)
    (fc1): Linear(in_features=2048, out_features=1024, bias=True)
    (fc1_bn): BatchNorm1d(1024, eps=1e-05, momentum=0.1, affine=True, track_running_stats=True)
    (act1): ReLU()
    (fc1_drop): Dropout(p=0.5, inplace=False)
    (fc2): Linear(in_features=1024, out_features=512, bias=True)
    (fc2_bn): BatchNorm1d(512, eps=1e-05, momentum=0.1, affine=True, track_running_stats=True)
    (act2): ReLU()
    (fc2_drop): Dropout(p=0.5, inplace=False)
    (fc3): Linear(in_features=512, out_features=256, bias=True)
    (fc3_bn): BatchNorm1d(256, eps=1e-05, momentum=0.1, affine=True, track_running_stats=True)
    (act3): ReLU()
    (fc3_drop): Dropout(p=0.5, inplace=False)
    (fc4): Linear(in_features=256, out_features=128, bias=True)
    (fc4_bn): BatchNorm1d(128, eps=1e-05, momentum=0.1, affine=True, track_running_stats=True)
    (act4): ReLU()
    (fc4_drop): Dropout(p=0.5, inplace=False)
  )
  (classifier): AZ_Classifier(
    (fc_last): Linear(in_features=128, out_features=100, bias=True)
  )
)
------------------------------------------------------------------------------------------
--> this network has 7805156 parameters (~7.8 million)
      of which: - learnable: 7805156 (~7.8 million)
                - fixed: 0 (~0.0 million)
------------------------------------------------------------------------------------------

Training...
task 1 =>> taskLabels [0, 1, 2, 3, 4]
=> Acc: 0.999 Precision 0.999 Recall 0.999 F1 0.999 


accs [0.9994259471871412]
 precisions [0.9988518943742825]
 recalls [0.9977037887485649]
 f1scores [0.9982075137279033]
task 2 =>> taskLabels [5, 6, 7, 8, 9]
i am Task AWS
replay #of families 5
=> Acc: 0.978 Precision 0.978 Recall 0.978 F1 0.977 
=> Acc: 0.986 Precision 0.986 Recall 0.986 F1 0.986 


accs [0.9776119402985075, 0.9860896445131375]
 precisions [0.9758897818599311, 0.9876352395672334]
 recalls [0.9799081515499426, 0.9853168469860897]
 f1scores [0.9768661589181132, 0.9891355020800155]
task 3 =>> taskLabels [10, 11, 12, 13, 14]
i am Task AWS
replay #of families 10
=> Acc: 0.919 Precision 0.919 Recall 0.919 F1 0.917 
=> Acc: 0.895 Precision 0.895 Recall 0.895 F1 0.883 
=> Acc: 0.980 Precision 0.980 Recall 0.980 F1 0.980 


accs [0.9190585533869116, 0.8945131375579598, 0.9795918367346939]
 precisions [0.9219288174512055, 0.9041731066460588, 0.9831410825199645]
 recalls [0.9242250287026407, 0.8894899536321483, 0.9831410825199645]
 f1scores [0.9166512995940576, 0.8931480705833208, 0.9721066520759717]
task 4 =>> taskLabels [15, 16, 17, 18, 19]
i am Task AWS
replay #of families 15
=> Acc: 0.940 Precision 0.940 Recall 0.940 F1 0.939 
=> Acc: 0.879 Precision 0.879 Recall 0.879 F1 0.874 
=> Acc: 0.900 Precision 0.900 Recall 0.900 F1 0.902 
=> Acc: 0.993 Precision 0.993 Recall 0.993 F1 0.993 


accs [0.9397244546498278, 0.8790571870170015, 0.8997338065661047, 0.9931623931623932]
 precisions [0.931113662456946, 0.8941267387944358, 0.9183673469387755, 0.9811965811965812]
 recalls [0.9437428243398392, 0.8674652241112828, 0.906832298136646, 0.9914529914529915]
 f1scores [0.9524501581172071, 0.8769807384765471, 0.9120651004728536, 0.9844909099223343]
task 5 =>> taskLabels [20, 21, 22, 23, 24]
i am Task AWS
replay #of families 20
=> Acc: 0.844 Precision 0.844 Recall 0.844 F1 0.836 
=> Acc: 0.832 Precision 0.832 Recall 0.832 F1 0.823 
=> Acc: 0.941 Precision 0.941 Recall 0.941 F1 0.942 
=> Acc: 0.952 Precision 0.952 Recall 0.952 F1 0.950 
=> Acc: 0.987 Precision 0.987 Recall 0.987 F1 0.987 


accs [0.8444316877152698, 0.8323029366306027, 0.9414374445430346, 0.9521367521367521, 0.9868421052631579]
 precisions [0.8576349024110218, 0.8465996908809892, 0.9414374445430346, 0.9555555555555556, 0.9923245614035088]
 recalls [0.8450057405281286, 0.8496908809891809, 0.9361135758651287, 0.9658119658119658, 0.9890350877192983]
 f1scores [0.8478871745904766, 0.8382183406843893, 0.9335127985786393, 0.9379036716002414, 0.9845755700294212]
task 6 =>> taskLabels [25, 26, 27, 28, 29]
i am Task AWS
replay #of families 25
=> Acc: 0.882 Precision 0.882 Recall 0.882 F1 0.879 
=> Acc: 0.781 Precision 0.781 Recall 0.781 F1 0.762 
=> Acc: 0.882 Precision 0.882 Recall 0.882 F1 0.882 
=> Acc: 0.904 Precision 0.904 Recall 0.904 F1 0.902 
=> Acc: 0.912 Precision 0.912 Recall 0.912 F1 0.911 
=> Acc: 0.971 Precision 0.971 Recall 0.971 F1 0.971 


accs [0.8823191733639495, 0.7812982998454405, 0.8819875776397516, 0.9042735042735043, 0.9122807017543859, 0.9708846584546472]
 precisions [0.8955223880597015, 0.7751159196290572, 0.906832298136646, 0.9008547008547009, 0.8991228070175439, 0.9686450167973124]
 recalls [0.8886337543053962, 0.7840030911901081, 0.9077196095829636, 0.8991452991452992, 0.9133771929824561, 0.9664053751399776]
 f1scores [0.890085179432511, 0.7757719473183642, 0.8757728256318724, 0.8958747826977154, 0.918767503278719, 0.9825492502075519]
task 7 =>> taskLabels [30, 31, 32, 33, 34]
i am Task AWS
replay #of families 30
=> Acc: 0.883 Precision 0.883 Recall 0.883 F1 0.883 
=> Acc: 0.824 Precision 0.824 Recall 0.824 F1 0.807 
=> Acc: 0.848 Precision 0.848 Recall 0.848 F1 0.848 
=> Acc: 0.882 Precision 0.882 Recall 0.882 F1 0.880 
=> Acc: 0.802 Precision 0.802 Recall 0.802 F1 0.792 
=> Acc: 0.936 Precision 0.936 Recall 0.936 F1 0.933 
=> Acc: 0.966 Precision 0.966 Recall 0.966 F1 0.963 


accs [0.8828932261768083, 0.8241885625965997, 0.8482697426796806, 0.882051282051282, 0.8015350877192983, 0.9361702127659575, 0.9656301145662848]
 precisions [0.8892078071182549, 0.8272797527047914, 0.8367346938775511, 0.8632478632478633, 0.8015350877192983, 0.9070548712206047, 0.972176759410802]
 recalls [0.8892078071182549, 0.8164605873261206, 0.8429458740017747, 0.8581196581196581, 0.8037280701754386, 0.9361702127659575, 0.9607201309328969]
 f1scores [0.8823915433574191, 0.8105016602118142, 0.8263431918731212, 0.8906101635487959, 0.8209563848824806, 0.9355179090913464, 0.9621196495381105]
task 8 =>> taskLabels [35, 36, 37, 38, 39]
i am Task AWS
replay #of families 35
=> Acc: 0.910 Precision 0.910 Recall 0.910 F1 0.909 
=> Acc: 0.838 Precision 0.838 Recall 0.838 F1 0.827 
=> Acc: 0.862 Precision 0.862 Recall 0.862 F1 0.857 
=> Acc: 0.862 Precision 0.862 Recall 0.862 F1 0.856 
=> Acc: 0.886 Precision 0.886 Recall 0.886 F1 0.886 
=> Acc: 0.869 Precision 0.869 Recall 0.869 F1 0.854 
=> Acc: 0.941 Precision 0.941 Recall 0.941 F1 0.940 
=> Acc: 0.953 Precision 0.953 Recall 0.953 F1 0.951 


accs [0.9104477611940298, 0.8380989180834622, 0.8624667258207631, 0.8615384615384616, 0.8859649122807017, 0.8689809630459127, 0.9410801963993454, 0.9533560864618885]
 precisions [0.9104477611940298, 0.8369397217928902, 0.8802129547471162, 0.8581196581196581, 0.8717105263157895, 0.8544232922732363, 0.9509001636661211, 0.9601820250284414]
 recalls [0.9150401836969001, 0.8500772797527048, 0.8802129547471162, 0.8581196581196581, 0.8673245614035088, 0.8622620380739082, 0.9541734860883797, 0.9658703071672355]
 f1scores [0.9245182976003109, 0.845649786192746, 0.8679323852229761, 0.8525287109227102, 0.8960634701223797, 0.8482121595576795, 0.95185390651848, 0.9505913418849804]
task 9 =>> taskLabels [40, 41, 42, 43, 44]
i am Task AWS
replay #of families 40
=> Acc: 0.898 Precision 0.898 Recall 0.898 F1 0.892 
=> Acc: 0.888 Precision 0.888 Recall 0.888 F1 0.881 
=> Acc: 0.888 Precision 0.888 Recall 0.888 F1 0.885 
=> Acc: 0.850 Precision 0.850 Recall 0.850 F1 0.849 
=> Acc: 0.863 Precision 0.863 Recall 0.863 F1 0.860 
=> Acc: 0.732 Precision 0.732 Recall 0.732 F1 0.700 
=> Acc: 0.899 Precision 0.899 Recall 0.899 F1 0.895 
=> Acc: 0.908 Precision 0.908 Recall 0.908 F1 0.903 
=> Acc: 0.996 Precision 0.996 Recall 0.996 F1 0.995 


accs [0.8978185993111366, 0.8879443585780525, 0.8881987577639752, 0.8495726495726496, 0.8629385964912281, 0.7323628219484882, 0.8985270049099836, 0.9078498293515358, 0.9955156950672646]
 precisions [0.894374282433984, 0.874420401854714, 0.9148181011535049, 0.8547008547008547, 0.8662280701754386, 0.7592385218365062, 0.88379705400982, 0.8907849829351536, 0.9977578475336323]
 recalls [0.8955223880597015, 0.8778979907264297, 0.9103815439219166, 0.8598290598290599, 0.8848684210526315, 0.7334826427771557, 0.8854337152209493, 0.9180887372013652, 0.9955156950672646]
 f1scores [0.890936768751008, 0.8707304258037892, 0.9083175862126976, 0.8691376980500378, 0.8848841522124584, 0.7064893941640007, 0.9009485021355017, 0.8971764668212533, 0.9955788959452858]
task 10 =>> taskLabels [45, 46, 47, 48, 49]
i am Task AWS
replay #of families 45
=> Acc: 0.877 Precision 0.877 Recall 0.877 F1 0.873 
=> Acc: 0.881 Precision 0.881 Recall 0.881 F1 0.874 
=> Acc: 0.857 Precision 0.857 Recall 0.857 F1 0.855 
=> Acc: 0.884 Precision 0.884 Recall 0.884 F1 0.883 
=> Acc: 0.758 Precision 0.758 Recall 0.758 F1 0.747 
=> Acc: 0.821 Precision 0.821 Recall 0.821 F1 0.813 
=> Acc: 0.846 Precision 0.846 Recall 0.846 F1 0.834 
=> Acc: 0.865 Precision 0.865 Recall 0.865 F1 0.847 
=> Acc: 0.939 Precision 0.939 Recall 0.939 F1 0.938 
=> Acc: 0.992 Precision 0.992 Recall 0.992 F1 0.992 


accs [0.8765786452353617, 0.8809891808346213, 0.8571428571428571, 0.8837606837606837, 0.7576754385964912, 0.8208286674132139, 0.8461538461538461, 0.8646188850967008, 0.9394618834080718, 0.9924924924924925]
 precisions [0.8645235361653272, 0.874806800618238, 0.8624667258207631, 0.8905982905982905, 0.7982456140350878, 0.8465845464725644, 0.8428805237315876, 0.8725824800910125, 0.9372197309417041, 0.9854854854854855]
 recalls [0.8760045924225028, 0.8794435857805255, 0.8589174800354925, 0.8495726495726496, 0.7708333333333334, 0.8376259798432251, 0.855973813420622, 0.863481228668942, 0.9439461883408071, 0.991991991991992]
 f1scores [0.8779602291392857, 0.8712078960916779, 0.8531339127538491, 0.8984407620473721, 0.7595594437206088, 0.8031312512143984, 0.7968397279259873, 0.8621423906166783, 0.9658118218162896, 0.9907573828629609]
task 11 =>> taskLabels [50, 51, 52, 53, 54]
i am Task AWS
replay #of families 50
=> Acc: 0.866 Precision 0.866 Recall 0.866 F1 0.859 
=> Acc: 0.886 Precision 0.886 Recall 0.886 F1 0.887 
=> Acc: 0.883 Precision 0.883 Recall 0.883 F1 0.881 
=> Acc: 0.850 Precision 0.850 Recall 0.850 F1 0.848 
=> Acc: 0.763 Precision 0.763 Recall 0.763 F1 0.754 
=> Acc: 0.704 Precision 0.704 Recall 0.704 F1 0.668 
=> Acc: 0.823 Precision 0.823 Recall 0.823 F1 0.809 
=> Acc: 0.826 Precision 0.826 Recall 0.826 F1 0.811 
=> Acc: 0.857 Precision 0.857 Recall 0.857 F1 0.851 
=> Acc: 0.899 Precision 0.899 Recall 0.899 F1 0.900 
=> Acc: 0.884 Precision 0.884 Recall 0.884 F1 0.876 


accs [0.8656716417910447, 0.8863987635239567, 0.8828748890860693, 0.8495726495726496, 0.7631578947368421, 0.7043673012318029, 0.823240589198036, 0.825938566552901, 0.8565022421524664, 0.8988988988988988, 0.8843296781039972]
 precisions [0.8628013777267508, 0.8921947449768161, 0.8624667258207631, 0.8683760683760684, 0.7609649122807017, 0.6886898096304591, 0.79050736497545, 0.8407281001137656, 0.8408071748878924, 0.9074074074074074, 0.8843296781039972]
 recalls [0.8633754305396096, 0.8906491499227203, 0.8775510204081632, 0.8512820512820513, 0.7850877192982456, 0.7110862262038073, 0.8134206219312602, 0.8532423208191127, 0.8452914798206278, 0.9019019019019019, 0.8860983374602052]
 f1scores [0.8663936085457289, 0.8838567589521859, 0.8686480316627696, 0.866718239913045, 0.7823393741402583, 0.6732008031661769, 0.804877656071487, 0.7900591865313304, 0.8369457661330385, 0.9179782242716679, 0.8781303814371478]
task 12 =>> taskLabels [55, 56, 57, 58, 59]
i am Task AWS
replay #of families 55
=> Acc: 0.855 Precision 0.855 Recall 0.855 F1 0.856 
=> Acc: 0.870 Precision 0.870 Recall 0.870 F1 0.862 
=> Acc: 0.887 Precision 0.887 Recall 0.887 F1 0.885 
=> Acc: 0.896 Precision 0.896 Recall 0.896 F1 0.893 
=> Acc: 0.829 Precision 0.829 Recall 0.829 F1 0.812 
=> Acc: 0.784 Precision 0.784 Recall 0.784 F1 0.774 
=> Acc: 0.804 Precision 0.804 Recall 0.804 F1 0.801 
=> Acc: 0.838 Precision 0.838 Recall 0.838 F1 0.820 
=> Acc: 0.751 Precision 0.751 Recall 0.751 F1 0.731 
=> Acc: 0.870 Precision 0.870 Recall 0.870 F1 0.868 
=> Acc: 0.715 Precision 0.715 Recall 0.715 F1 0.662 
=> Acc: 0.989 Precision 0.989 Recall 0.989 F1 0.989 


accs [0.8547646383467279, 0.8701700154559505, 0.8873114463176575, 0.8957264957264958, 0.8289473684210527, 0.7838745800671892, 0.8036006546644845, 0.838452787258248, 0.7511210762331838, 0.8698698698698699, 0.7148921117792714, 0.9887342611000662]
 precisions [0.8892078071182549, 0.8562596599690881, 0.8855368234250222, 0.8717948717948718, 0.8267543859649122, 0.7637178051511758, 0.8297872340425532, 0.8407281001137656, 0.7668161434977578, 0.8813813813813813, 0.7000353731871242, 0.9867461895294898]
 recalls [0.8805970149253731, 0.8721020092735703, 0.8793256433007985, 0.8615384615384616, 0.8377192982456141, 0.7681970884658454, 0.8314238952536824, 0.8395904436860068, 0.8094170403587444, 0.8738738738738738, 0.6982667138309162, 0.9827700463883366]
 f1scores [0.8841036700495731, 0.8681956859011116, 0.8717019746031234, 0.9005448438690437, 0.801255425422949, 0.7539232767493635, 0.8392084494392498, 0.7940828501882373, 0.7663995606129873, 0.8899784107219025, 0.6405401234337879, 0.9898507955343512]
task 13 =>> taskLabels [60, 61, 62, 63, 64]
i am Task AWS
replay #of families 60
=> Acc: 0.892 Precision 0.892 Recall 0.892 F1 0.889 
=> Acc: 0.881 Precision 0.881 Recall 0.881 F1 0.877 
=> Acc: 0.857 Precision 0.857 Recall 0.857 F1 0.855 
=> Acc: 0.850 Precision 0.850 Recall 0.850 F1 0.847 
=> Acc: 0.834 Precision 0.834 Recall 0.834 F1 0.833 
=> Acc: 0.810 Precision 0.810 Recall 0.810 F1 0.790 
=> Acc: 0.795 Precision 0.795 Recall 0.795 F1 0.781 
=> Acc: 0.817 Precision 0.817 Recall 0.817 F1 0.785 
=> Acc: 0.767 Precision 0.767 Recall 0.767 F1 0.773 
=> Acc: 0.829 Precision 0.829 Recall 0.829 F1 0.830 
=> Acc: 0.773 Precision 0.773 Recall 0.773 F1 0.745 
=> Acc: 0.975 Precision 0.975 Recall 0.975 F1 0.975 
=> Acc: 0.988 Precision 0.988 Recall 0.988 F1 0.987 


accs [0.8920780711825488, 0.8806027820710973, 0.8571428571428571, 0.8495726495726496, 0.8344298245614035, 0.8096304591265397, 0.795417348608838, 0.8168373151308305, 0.7668161434977578, 0.8293293293293293, 0.7729041386628935, 0.975480450629556, 0.9875862068965517]
 precisions [0.8869115958668198, 0.8867851622874807, 0.8456078083407276, 0.8717948717948718, 0.8278508771929824, 0.8118701007838746, 0.8265139116202946, 0.8407281001137656, 0.7443946188340808, 0.8323323323323323, 0.7714892111779271, 0.9734923790589795, 0.9958620689655172]
 recalls [0.8989667049368542, 0.8767387944358578, 0.8642413487133984, 0.8564102564102564, 0.8179824561403509, 0.8185890257558791, 0.8085106382978723, 0.8441410693970421, 0.7443946188340808, 0.8323323323323323, 0.7679518924655111, 0.9761431411530815, 0.9903448275862069]
 f1scores [0.8893808357517411, 0.8707110526812036, 0.8630193468334086, 0.8396018415782331, 0.8423669705917678, 0.8152624020642889, 0.7670126731868032, 0.8093314678089797, 0.7400068328704658, 0.8217969760143194, 0.7505037119777966, 0.9687836011175683, 0.9946501928789623]
task 14 =>> taskLabels [65, 66, 67, 68, 69]
i am Task AWS
replay #of families 65
=> Acc: 0.908 Precision 0.908 Recall 0.908 F1 0.908 
=> Acc: 0.898 Precision 0.898 Recall 0.898 F1 0.890 
=> Acc: 0.852 Precision 0.852 Recall 0.852 F1 0.846 
=> Acc: 0.853 Precision 0.853 Recall 0.853 F1 0.847 
=> Acc: 0.784 Precision 0.784 Recall 0.784 F1 0.782 
=> Acc: 0.485 Precision 0.485 Recall 0.485 F1 0.439 
=> Acc: 0.818 Precision 0.818 Recall 0.818 F1 0.810 
=> Acc: 0.830 Precision 0.830 Recall 0.830 F1 0.790 
=> Acc: 0.789 Precision 0.789 Recall 0.789 F1 0.789 
=> Acc: 0.912 Precision 0.912 Recall 0.912 F1 0.913 
=> Acc: 0.730 Precision 0.730 Recall 0.730 F1 0.700 
=> Acc: 0.955 Precision 0.955 Recall 0.955 F1 0.955 
=> Acc: 0.923 Precision 0.923 Recall 0.923 F1 0.923 
=> Acc: 0.884 Precision 0.884 Recall 0.884 F1 0.879 


accs [0.9081515499425947, 0.8976043276661515, 0.8518189884649512, 0.852991452991453, 0.7839912280701754, 0.48488241881298993, 0.8183306055646481, 0.8304891922639362, 0.7892376681614349, 0.9124124124124124, 0.7304563141139017, 0.9549370444002651, 0.9227586206896552, 0.8837709857942316]
 precisions [0.904707233065442, 0.8875579598145286, 0.867790594498669, 0.8547008547008547, 0.7785087719298246, 0.5408734602463606, 0.8052373158756138, 0.850967007963595, 0.7757847533632287, 0.9184184184184184, 0.7272727272727273, 0.9602385685884692, 0.9296551724137931, 0.8738699956952217]
 recalls [0.9058553386911596, 0.8968315301391035, 0.8562555456965395, 0.8512820512820513, 0.7774122807017544, 0.5117581187010078, 0.8314238952536824, 0.8293515358361775, 0.8071748878923767, 0.9269269269269269, 0.7453130527060489, 0.9430086149768059, 0.903448275862069, 0.8880757640981489]
 f1scores [0.898713584769036, 0.8838596003688706, 0.8610347214390124, 0.8246868367194891, 0.7650992901014055, 0.45112967603459575, 0.8154720344412809, 0.8003914598219357, 0.8164611768484014, 0.9181996936574599, 0.7113203146274623, 0.9535951616000933, 0.9225145975600831, 0.8656701970717737]
task 15 =>> taskLabels [70, 71, 72, 73, 74]
i am Task AWS
replay #of families 70
=> Acc: 0.859 Precision 0.859 Recall 0.859 F1 0.855 
=> Acc: 0.862 Precision 0.862 Recall 0.862 F1 0.848 
=> Acc: 0.895 Precision 0.895 Recall 0.895 F1 0.893 
=> Acc: 0.821 Precision 0.821 Recall 0.821 F1 0.818 
=> Acc: 0.720 Precision 0.720 Recall 0.720 F1 0.698 
=> Acc: 0.571 Precision 0.571 Recall 0.571 F1 0.516 
=> Acc: 0.823 Precision 0.823 Recall 0.823 F1 0.825 
=> Acc: 0.796 Precision 0.796 Recall 0.796 F1 0.759 
=> Acc: 0.796 Precision 0.796 Recall 0.796 F1 0.790 
=> Acc: 0.869 Precision 0.869 Recall 0.869 F1 0.869 
=> Acc: 0.711 Precision 0.711 Recall 0.711 F1 0.667 
=> Acc: 0.921 Precision 0.921 Recall 0.921 F1 0.922 
=> Acc: 0.935 Precision 0.935 Recall 0.935 F1 0.934 
=> Acc: 0.777 Precision 0.777 Recall 0.777 F1 0.776 
=> Acc: 0.971 Precision 0.971 Recall 0.971 F1 0.971 


accs [0.8593570608495982, 0.8620556414219475, 0.8952972493345164, 0.8205128205128205, 0.7203947368421053, 0.5711086226203808, 0.823240589198036, 0.7963594994311718, 0.7959641255605381, 0.8693693693693694, 0.7106473293243721, 0.9211398277004639, 0.9351724137931035, 0.7774429616874731, 0.9713622291021672]
 precisions [0.8708381171067738, 0.8531684698608965, 0.9112688553682342, 0.8393162393162393, 0.7532894736842105, 0.5386338185890257, 0.8003273322422259, 0.7986348122866894, 0.7780269058295964, 0.8708708708708709, 0.7032189600282985, 0.9224652087475149, 0.9227586206896552, 0.7610848041325872, 0.978328173374613]
 recalls [0.8576349024110218, 0.8442812982998454, 0.8890860692102928, 0.8358974358974359, 0.731359649122807, 0.5767077267637178, 0.8592471358428805, 0.78839590443686, 0.7847533632286996, 0.8638638638638638, 0.7198443579766537, 0.9198144466534128, 0.9172413793103448, 0.7679724494188549, 0.9791021671826625]
 f1scores [0.86332068309223, 0.8607396300265883, 0.8984228079455517, 0.8094878605829898, 0.7230732434161624, 0.5159035922071054, 0.8412299774528875, 0.7704878042708974, 0.7903811233393585, 0.8819630048419385, 0.6642058419423744, 0.9173313556954923, 0.934236535702512, 0.7696637812376871, 0.9839055781190004]
task 16 =>> taskLabels [75, 76, 77, 78, 79]
i am Task AWS
replay #of families 75
=> Acc: 0.894 Precision 0.894 Recall 0.894 F1 0.887 
=> Acc: 0.845 Precision 0.845 Recall 0.845 F1 0.832 
=> Acc: 0.910 Precision 0.910 Recall 0.910 F1 0.908 
=> Acc: 0.853 Precision 0.853 Recall 0.853 F1 0.853 
=> Acc: 0.781 Precision 0.781 Recall 0.781 F1 0.779 
=> Acc: 0.652 Precision 0.652 Recall 0.652 F1 0.609 
=> Acc: 0.858 Precision 0.858 Recall 0.858 F1 0.859 
=> Acc: 0.757 Precision 0.757 Recall 0.757 F1 0.729 
=> Acc: 0.830 Precision 0.830 Recall 0.830 F1 0.833 
=> Acc: 0.873 Precision 0.873 Recall 0.873 F1 0.872 
=> Acc: 0.721 Precision 0.721 Recall 0.721 F1 0.679 
=> Acc: 0.917 Precision 0.917 Recall 0.917 F1 0.920 
=> Acc: 0.956 Precision 0.956 Recall 0.956 F1 0.955 
=> Acc: 0.781 Precision 0.781 Recall 0.781 F1 0.780 
=> Acc: 0.885 Precision 0.885 Recall 0.885 F1 0.864 
=> Acc: 0.952 Precision 0.952 Recall 0.952 F1 0.955 


accs [0.894374282433984, 0.8454404945904173, 0.9103815439219166, 0.852991452991453, 0.7807017543859649, 0.6517357222844344, 0.8576104746317512, 0.7565415244596132, 0.8295964125560538, 0.8728728728728729, 0.7209055535903784, 0.9171636845593109, 0.9558620689655173, 0.7813172621609987, 0.8854489164086687, 0.9524752475247524]
 precisions [0.881171067738232, 0.8384853168469861, 0.8961845607808341, 0.8256410256410256, 0.7861842105263158, 0.6573348264277715, 0.8592471358428805, 0.7656427758816837, 0.8228699551569507, 0.8683683683683684, 0.7148921117792714, 0.9145129224652088, 0.9517241379310345, 0.7735686612139475, 0.8808049535603715, 0.9643564356435643]
 recalls [0.8966704936854191, 0.8496908809891809, 0.9032830523513753, 0.8170940170940171, 0.7807017543859649, 0.6696528555431132, 0.8216039279869067, 0.7861205915813424, 0.8295964125560538, 0.8808808808808809, 0.728333922886452, 0.9111994698475812, 0.96, 0.7851915626345243, 0.891640866873065, 0.9544554455445544]
 f1scores [0.8818819069346681, 0.845984851536991, 0.908654422018954, 0.8079260203799666, 0.7722089457609812, 0.5979478157582586, 0.8471848123783923, 0.7567887348114324, 0.8455963699853386, 0.8662168353709829, 0.6912016676198601, 0.919939126180279, 0.951347467710898, 0.7842076421480947, 0.8684425486884614, 0.9600359760405345]
task 17 =>> taskLabels [80, 81, 82, 83, 84]
i am Task AWS
replay #of families 80
=> Acc: 0.943 Precision 0.943 Recall 0.943 F1 0.941 
=> Acc: 0.815 Precision 0.815 Recall 0.815 F1 0.791 
=> Acc: 0.847 Precision 0.847 Recall 0.847 F1 0.845 
=> Acc: 0.880 Precision 0.880 Recall 0.880 F1 0.873 
=> Acc: 0.745 Precision 0.745 Recall 0.745 F1 0.748 
=> Acc: 0.691 Precision 0.691 Recall 0.691 F1 0.691 
=> Acc: 0.836 Precision 0.836 Recall 0.836 F1 0.835 
=> Acc: 0.807 Precision 0.807 Recall 0.807 F1 0.763 
=> Acc: 0.785 Precision 0.785 Recall 0.785 F1 0.777 
=> Acc: 0.705 Precision 0.705 Recall 0.705 F1 0.682 
=> Acc: 0.673 Precision 0.673 Recall 0.673 F1 0.615 
=> Acc: 0.920 Precision 0.920 Recall 0.920 F1 0.921 
=> Acc: 0.847 Precision 0.847 Recall 0.847 F1 0.844 
=> Acc: 0.681 Precision 0.681 Recall 0.681 F1 0.672 
=> Acc: 0.782 Precision 0.782 Recall 0.782 F1 0.761 
=> Acc: 0.919 Precision 0.919 Recall 0.919 F1 0.918 
=> Acc: 0.983 Precision 0.983 Recall 0.983 F1 0.982 


accs [0.9425947187141217, 0.8149149922720247, 0.8473824312333629, 0.8803418803418803, 0.7445175438596491, 0.6909294512877939, 0.8363338788870703, 0.8065984072810012, 0.7847533632286996, 0.7052052052052052, 0.6731517509727627, 0.9198144466534128, 0.8468965517241379, 0.6805854498493328, 0.781733746130031, 0.9188118811881189, 0.9827479975354282]
 precisions [0.9374282433983927, 0.8164605873261206, 0.8509316770186336, 0.8700854700854701, 0.7697368421052632, 0.6864501679731243, 0.8854337152209493, 0.8065984072810012, 0.7645739910313901, 0.6926926926926927, 0.6717368234877963, 0.9231278992710404, 0.8579310344827586, 0.6978045630650022, 0.7724458204334366, 0.9326732673267327, 0.9852125693160814]
 recalls [0.9305396096440872, 0.8357805255023184, 0.8145519077196096, 0.882051282051282, 0.8004385964912281, 0.7122060470324748, 0.8641571194762684, 0.7974971558589306, 0.7690582959641256, 0.7087087087087087, 0.6841174389812522, 0.9218025182239894, 0.8413793103448276, 0.686612139474817, 0.7809597523219814, 0.9207920792079208, 0.9852125693160814]
 f1scores [0.9387344831061861, 0.7882487269303204, 0.8439357196507487, 0.891536877919593, 0.7746222086984702, 0.7289958349800967, 0.8414031038855132, 0.7938042789955843, 0.788217375040018, 0.696326636036522, 0.6204391856347691, 0.9321348135254162, 0.8739421395927749, 0.675657534807549, 0.7631237158059134, 0.9378600170352748, 0.9849930265379987]
task 18 =>> taskLabels [85, 86, 87, 88, 89]
i am Task AWS
replay #of families 85
=> Acc: 0.911 Precision 0.911 Recall 0.911 F1 0.910 
=> Acc: 0.808 Precision 0.808 Recall 0.808 F1 0.794 
=> Acc: 0.855 Precision 0.855 Recall 0.855 F1 0.853 
=> Acc: 0.875 Precision 0.875 Recall 0.875 F1 0.871 
=> Acc: 0.727 Precision 0.727 Recall 0.727 F1 0.716 
=> Acc: 0.690 Precision 0.690 Recall 0.690 F1 0.696 
=> Acc: 0.812 Precision 0.812 Recall 0.812 F1 0.805 
=> Acc: 0.853 Precision 0.853 Recall 0.853 F1 0.834 
=> Acc: 0.776 Precision 0.776 Recall 0.776 F1 0.769 
=> Acc: 0.823 Precision 0.823 Recall 0.823 F1 0.823 
=> Acc: 0.680 Precision 0.680 Recall 0.680 F1 0.623 
=> Acc: 0.924 Precision 0.924 Recall 0.924 F1 0.925 
=> Acc: 0.858 Precision 0.858 Recall 0.858 F1 0.851 
=> Acc: 0.727 Precision 0.727 Recall 0.727 F1 0.722 
=> Acc: 0.755 Precision 0.755 Recall 0.755 F1 0.735 
=> Acc: 0.871 Precision 0.871 Recall 0.871 F1 0.871 
=> Acc: 0.959 Precision 0.959 Recall 0.959 F1 0.959 
=> Acc: 0.959 Precision 0.959 Recall 0.959 F1 0.960 


accs [0.9110218140068886, 0.8083462132921174, 0.8553682342502218, 0.8752136752136752, 0.7269736842105263, 0.6898096304591266, 0.8117839607201309, 0.8532423208191127, 0.7757847533632287, 0.8233233233233234, 0.6795189246551114, 0.923790589794566, 0.8579310344827586, 0.7266465777012484, 0.7546439628482973, 0.8712871287128713, 0.9593345656192237, 0.959332638164755]
 precisions [0.9052812858783008, 0.8125965996908809, 0.8757763975155279, 0.8598290598290599, 0.7280701754385965, 0.6797312430011199, 0.8281505728314239, 0.850967007963595, 0.7533632286995515, 0.8093093093093093, 0.6827025114962858, 0.9324055666003976, 0.84, 0.7137322427894963, 0.7871517027863777, 0.8594059405940594, 0.9463955637707948, 0.9614181438998958]
 recalls [0.9070034443168772, 0.8191653786707882, 0.8775510204081632, 0.8615384615384616, 0.756578947368421, 0.6987681970884658, 0.8101472995090017, 0.8430034129692833, 0.7645739910313901, 0.8238238238238238, 0.6759816059426954, 0.9158383035122598, 0.8537931034482759, 0.7412828239345673, 0.7856037151702786, 0.8752475247524752, 0.9525569932224276, 0.9697601668404588]
 f1scores [0.9098406961243726, 0.8022755023358196, 0.853878842258007, 0.902905519328781, 0.7289179274258467, 0.7193231436627954, 0.8259841295570691, 0.8418037306794057, 0.7836589066103248, 0.835169447936958, 0.6267982913534066, 0.9349709306372654, 0.8647511523010166, 0.7323602359798724, 0.7702231379665887, 0.8307276276272445, 0.9566651038639519, 0.9612305733039003]
task 19 =>> taskLabels [90, 91, 92, 93, 94]
i am Task AWS
replay #of families 90
=> Acc: 0.867 Precision 0.867 Recall 0.867 F1 0.865 
=> Acc: 0.797 Precision 0.797 Recall 0.797 F1 0.780 
=> Acc: 0.841 Precision 0.841 Recall 0.841 F1 0.837 
=> Acc: 0.891 Precision 0.891 Recall 0.891 F1 0.891 
=> Acc: 0.741 Precision 0.741 Recall 0.741 F1 0.728 
=> Acc: 0.704 Precision 0.704 Recall 0.704 F1 0.703 
=> Acc: 0.768 Precision 0.768 Recall 0.768 F1 0.756 
=> Acc: 0.788 Precision 0.788 Recall 0.788 F1 0.731 
=> Acc: 0.733 Precision 0.733 Recall 0.733 F1 0.718 
=> Acc: 0.815 Precision 0.815 Recall 0.815 F1 0.812 
=> Acc: 0.683 Precision 0.683 Recall 0.683 F1 0.613 
=> Acc: 0.915 Precision 0.915 Recall 0.915 F1 0.914 
=> Acc: 0.841 Precision 0.841 Recall 0.841 F1 0.838 
=> Acc: 0.704 Precision 0.704 Recall 0.704 F1 0.686 
=> Acc: 0.775 Precision 0.775 Recall 0.775 F1 0.750 
=> Acc: 0.891 Precision 0.891 Recall 0.891 F1 0.888 
=> Acc: 0.925 Precision 0.925 Recall 0.925 F1 0.922 
=> Acc: 0.895 Precision 0.895 Recall 0.895 F1 0.898 
=> Acc: 0.940 Precision 0.940 Recall 0.940 F1 0.939 


accs [0.8668197474167624, 0.7971406491499228, 0.8411712511091393, 0.8905982905982905, 0.7412280701754386, 0.7043673012318029, 0.7675941080196399, 0.78839590443686, 0.7331838565022422, 0.8153153153153153, 0.6830562433675275, 0.9151756129887343, 0.8413793103448276, 0.7042617305208781, 0.7747678018575851, 0.8910891089108911, 0.9248305606900801, 0.8952033368091762, 0.9399477806788512]
 precisions [0.8605051664753157, 0.8149149922720247, 0.8287488908606921, 0.8803418803418803, 0.7269736842105263, 0.6853303471444568, 0.7921440261865794, 0.764505119453925, 0.7152466367713004, 0.8138138138138138, 0.6568800848956491, 0.9343936381709742, 0.8413793103448276, 0.6986655187257856, 0.7623839009287926, 0.8455445544554455, 0.9205175600739371, 0.8978102189781022, 0.9436031331592689]
 recalls [0.8616532721010333, 0.8153013910355487, 0.8358473824312334, 0.8700854700854701, 0.7094298245614035, 0.6942889137737962, 0.7725040916530278, 0.78839590443686, 0.7017937219730942, 0.8013013013013013, 0.6632472585779978, 0.9151756129887343, 0.8165517241379311, 0.6990959965561774, 0.7469040247678018, 0.8752475247524752, 0.9143561306223044, 0.899895724713243, 0.9394255874673629]
 f1scores [0.8688534705745203, 0.8087510946737237, 0.8145240586672609, 0.8906431188599588, 0.725248337317561, 0.6933091028161924, 0.7581583641871597, 0.7229164654681914, 0.7035659695657082, 0.8244186472821322, 0.5997358397191244, 0.915399535366485, 0.8510219672465619, 0.6713571775103931, 0.7295524317486733, 0.8415439410789608, 0.9101034279033687, 0.9030111982256794, 0.9356038428455683]
task 20 =>> taskLabels [95, 96, 97, 98, 99]
i am Task AWS
replay #of families 95
=> Acc: 0.904 Precision 0.904 Recall 0.904 F1 0.897 
=> Acc: 0.869 Precision 0.869 Recall 0.869 F1 0.866 
=> Acc: 0.794 Precision 0.794 Recall 0.794 F1 0.794 
=> Acc: 0.856 Precision 0.856 Recall 0.856 F1 0.851 
=> Acc: 0.727 Precision 0.727 Recall 0.727 F1 0.716 
=> Acc: 0.740 Precision 0.740 Recall 0.740 F1 0.739 
=> Acc: 0.840 Precision 0.840 Recall 0.840 F1 0.815 
=> Acc: 0.812 Precision 0.812 Recall 0.812 F1 0.782 
=> Acc: 0.758 Precision 0.758 Recall 0.758 F1 0.741 
=> Acc: 0.804 Precision 0.804 Recall 0.804 F1 0.806 
=> Acc: 0.683 Precision 0.683 Recall 0.683 F1 0.635 
=> Acc: 0.938 Precision 0.938 Recall 0.938 F1 0.937 
=> Acc: 0.880 Precision 0.880 Recall 0.880 F1 0.881 
=> Acc: 0.680 Precision 0.680 Recall 0.680 F1 0.678 
=> Acc: 0.885 Precision 0.885 Recall 0.885 F1 0.873 
=> Acc: 0.911 Precision 0.911 Recall 0.911 F1 0.909 
=> Acc: 0.903 Precision 0.903 Recall 0.903 F1 0.900 
=> Acc: 0.869 Precision 0.869 Recall 0.869 F1 0.870 
=> Acc: 0.876 Precision 0.876 Recall 0.876 F1 0.874 
=> Acc: 0.894 Precision 0.894 Recall 0.894 F1 0.891 


accs [0.9041331802525833, 0.8693972179289027, 0.7941437444543035, 0.8564102564102564, 0.7269736842105263, 0.7402015677491601, 0.839607201309329, 0.8122866894197952, 0.757847533632287, 0.8038038038038038, 0.683409975238769, 0.9377070907886017, 0.88, 0.6797244941885493, 0.8846749226006192, 0.9108910891089109, 0.9026494146642021, 0.8686131386861314, 0.8757180156657963, 0.8939747781410555]
 precisions [0.8817451205510907, 0.8713292117465224, 0.8163265306122449, 0.8478632478632478, 0.7039473684210527, 0.7681970884658454, 0.8379705400981997, 0.820250284414107, 0.7937219730941704, 0.7917917917917918, 0.6717368234877963, 0.94831013916501, 0.896551724137931, 0.6732673267326733, 0.8699690402476781, 0.904950495049505, 0.9032655576093653, 0.8879040667361835, 0.8798955613577023, 0.880429705744979]
 recalls [0.8828932261768083, 0.8636012364760433, 0.8163265306122449, 0.8735042735042735, 0.7171052631578947, 0.7413213885778276, 0.8641571194762684, 0.8020477815699659, 0.7959641255605381, 0.8133133133133134, 0.6918995401485674, 0.9310801855533466, 0.8662068965517241, 0.6689625484287559, 0.871517027863777, 0.9128712871287129, 0.8952556993222428, 0.8706986444212722, 0.8798955613577023, 0.8780943484353106]
 f1scores [0.9064399113766599, 0.8601712788491532, 0.8168241138931596, 0.8528633437246395, 0.7008756748138738, 0.7487527395515825, 0.8257393532310229, 0.7788491150029309, 0.7284787929862444, 0.8098918041294956, 0.6163645083770672, 0.9234749258330035, 0.8769920892161979, 0.6791046243140154, 0.8656638908242901, 0.8921845458252516, 0.877409597395881, 0.8664180133088557, 0.8725141419961963, 0.8933817354600982]
done w/ time
All done
