Current date and time 
##### START task 10 ifs #####
Start w/ time
CUDA is used

Preparing the data...
 Training data X (257023, 2439) Y (257023,)
 Test data X (28559, 2439) Y (28559,)

Parameter-stamp...
 --> task:          AZ_Task20-task
 --> model:         ember_MLP
 --> hyper-params:  i10-lr0.001-b256-sgd
AZ_Task20-task--ember_MLP--i10-lr0.001-b256-sgd--

----------------------------------------MAIN MODEL----------------------------------------
Classifier(
  (flatten): Flatten()
  (fcE): AZ_MLP_Net(
    (fc0): Linear(in_features=2439, out_features=2048, bias=True)
    (fc0_bn): BatchNorm1d(2048, eps=1e-05, momentum=0.1, affine=True, track_running_stats=True)
    (act0): ReLU()
    (fc0_drop): Dropout(p=0.5, inplace=False)
    (fc1): Linear(in_features=2048, out_features=1024, bias=True)
    (fc1_bn): BatchNorm1d(1024, eps=1e-05, momentum=0.1, affine=True, track_running_stats=True)
    (act1): ReLU()
    (fc1_drop): Dropout(p=0.5, inplace=False)
    (fc2): Linear(in_features=1024, out_features=512, bias=True)
    (fc2_bn): BatchNorm1d(512, eps=1e-05, momentum=0.1, affine=True, track_running_stats=True)
    (act2): ReLU()
    (fc2_drop): Dropout(p=0.5, inplace=False)
    (fc3): Linear(in_features=512, out_features=256, bias=True)
    (fc3_bn): BatchNorm1d(256, eps=1e-05, momentum=0.1, affine=True, track_running_stats=True)
    (act3): ReLU()
    (fc3_drop): Dropout(p=0.5, inplace=False)
    (fc4): Linear(in_features=256, out_features=128, bias=True)
    (fc4_bn): BatchNorm1d(128, eps=1e-05, momentum=0.1, affine=True, track_running_stats=True)
    (act4): ReLU()
    (fc4_drop): Dropout(p=0.5, inplace=False)
  )
  (classifier): AZ_Classifier(
    (fc_last): Linear(in_features=128, out_features=100, bias=True)
  )
)
------------------------------------------------------------------------------------------
--> this network has 7805156 parameters (~7.8 million)
      of which: - learnable: 7805156 (~7.8 million)
                - fixed: 0 (~0.0 million)
------------------------------------------------------------------------------------------

Training...
task 1 =>> taskLabels [0, 1, 2, 3, 4]
=> Acc: 0.197 Precision 0.197 Recall 0.197 F1 0.068 


accs [0.19703389830508475]
 precisions [0.18485169491525424]
 recalls [0.19915254237288135]
 f1scores [0.0649344676937227]
task 2 =>> taskLabels [5, 6, 7, 8, 9]
i am Task IFS
len(X_) 6704 > v_choose 20
len(X_) 20  v_choose 20
len(X_) 8998 > v_choose 27
len(X_) 28  v_choose 27
len(X_) 8997 > v_choose 27
len(X_) 28  v_choose 27
len(X_) 8996 > v_choose 27
len(X_) 28  v_choose 27
len(X_) 281 > v_choose 1
len(X_) 2  v_choose 1
=> Acc: 0.367 Precision 0.367 Recall 0.367 F1 0.254 
=> Acc: 0.318 Precision 0.318 Recall 0.318 F1 0.215 


accs [0.3665254237288136, 0.31805555555555554]
 precisions [0.3620233050847458, 0.3458333333333333]
 recalls [0.3797669491525424, 0.2875]
 f1scores [0.2674452385264967, 0.22042527803101902]
task 3 =>> taskLabels [10, 11, 12, 13, 14]
i am Task IFS
len(X_) 6704 > v_choose 17
len(X_) 18  v_choose 17
len(X_) 8998 > v_choose 23
len(X_) 24  v_choose 23
len(X_) 8997 > v_choose 23
len(X_) 24  v_choose 23
len(X_) 8996 > v_choose 23
len(X_) 24  v_choose 23
len(X_) 281 > v_choose 1
len(X_) 2  v_choose 1
len(X_) 4324 > v_choose 11
len(X_) 12  v_choose 11
len(X_) 299 > v_choose 1
len(X_) 2  v_choose 1
len(X_) 788 > v_choose 2
len(X_) 2  v_choose 2
len(X_) 785 > v_choose 2
len(X_) 2  v_choose 2
len(X_) 285 > v_choose 1
len(X_) 2  v_choose 1
=> Acc: 0.356 Precision 0.356 Recall 0.356 F1 0.237 
=> Acc: 0.281 Precision 0.281 Recall 0.281 F1 0.203 
=> Acc: 0.189 Precision 0.189 Recall 0.189 F1 0.146 


accs [0.3556673728813559, 0.28055555555555556, 0.18875780707841777]
 precisions [0.3493114406779661, 0.31527777777777777, 0.18875780707841777]
 recalls [0.3487817796610169, 0.3, 0.1825121443442054]
 f1scores [0.23066677205353098, 0.22040057129571194, 0.1379926712105762]
task 4 =>> taskLabels [15, 16, 17, 18, 19]
i am Task IFS
len(X_) 6704 > v_choose 13
len(X_) 14  v_choose 13
len(X_) 8998 > v_choose 17
len(X_) 18  v_choose 17
len(X_) 8997 > v_choose 17
len(X_) 18  v_choose 17
len(X_) 8996 > v_choose 17
len(X_) 18  v_choose 17
len(X_) 281 > v_choose 1
len(X_) 2  v_choose 1
len(X_) 4324 > v_choose 9
len(X_) 10  v_choose 9
len(X_) 299 > v_choose 1
len(X_) 2  v_choose 1
len(X_) 788 > v_choose 2
len(X_) 2  v_choose 2
len(X_) 785 > v_choose 2
len(X_) 2  v_choose 2
len(X_) 285 > v_choose 1
len(X_) 2  v_choose 1
len(X_) 627 > v_choose 2
len(X_) 2  v_choose 2
len(X_) 1707 > v_choose 4
len(X_) 4  v_choose 4
len(X_) 875 > v_choose 2
len(X_) 2  v_choose 2
len(X_) 759 > v_choose 2
len(X_) 2  v_choose 2
len(X_) 8997 > v_choose 17
len(X_) 18  v_choose 17
=> Acc: 0.329 Precision 0.329 Recall 0.329 F1 0.195 
=> Acc: 0.319 Precision 0.319 Recall 0.319 F1 0.214 
=> Acc: 0.216 Precision 0.216 Recall 0.216 F1 0.148 
=> Acc: 0.200 Precision 0.200 Recall 0.200 F1 0.095 


accs [0.3291843220338983, 0.3194444444444444, 0.21582234559333796, 0.1998158379373849]
 precisions [0.3228283898305085, 0.29305555555555557, 0.20957668285912562, 0.20994475138121546]
 recalls [0.3246822033898305, 0.32083333333333336, 0.21374045801526717, 0.20718232044198895]
 f1scores [0.20294622810414698, 0.2372220471338026, 0.15550933947061935, 0.0987877203432946]
task 5 =>> taskLabels [20, 21, 22, 23, 24]
i am Task IFS
len(X_) 6704 > v_choose 10
len(X_) 10  v_choose 10
len(X_) 8998 > v_choose 13
len(X_) 14  v_choose 13
len(X_) 8997 > v_choose 13
len(X_) 14  v_choose 13
len(X_) 8996 > v_choose 13
len(X_) 14  v_choose 13
len(X_) 281 > v_choose 1
len(X_) 2  v_choose 1
len(X_) 4324 > v_choose 6
len(X_) 6  v_choose 6
len(X_) 299 > v_choose 1
len(X_) 2  v_choose 1
len(X_) 788 > v_choose 2
len(X_) 2  v_choose 2
len(X_) 785 > v_choose 2
len(X_) 2  v_choose 2
len(X_) 285 > v_choose 1
len(X_) 2  v_choose 1
len(X_) 627 > v_choose 1
len(X_) 2  v_choose 1
len(X_) 1707 > v_choose 3
len(X_) 4  v_choose 3
len(X_) 875 > v_choose 2
len(X_) 2  v_choose 2
len(X_) 759 > v_choose 2
len(X_) 2  v_choose 2
len(X_) 8997 > v_choose 13
len(X_) 14  v_choose 13
len(X_) 8992 > v_choose 13
len(X_) 14  v_choose 13
len(X_) 256 > v_choose 1
len(X_) 2  v_choose 1
len(X_) 188 > v_choose 1
len(X_) 2  v_choose 1
len(X_) 1120 > v_choose 2
len(X_) 2  v_choose 2
len(X_) 8994 > v_choose 13
len(X_) 14  v_choose 13
=> Acc: 0.357 Precision 0.357 Recall 0.357 F1 0.244 
=> Acc: 0.310 Precision 0.310 Recall 0.310 F1 0.234 
=> Acc: 0.232 Precision 0.232 Recall 0.232 F1 0.217 
=> Acc: 0.247 Precision 0.247 Recall 0.247 F1 0.161 
=> Acc: 0.210 Precision 0.210 Recall 0.210 F1 0.100 


accs [0.3567266949152542, 0.30972222222222223, 0.23247744621790423, 0.24677716390423574, 0.2099236641221374]
 precisions [0.3572563559322034, 0.3333333333333333, 0.21998612074947954, 0.24677716390423574, 0.23282442748091603]
 recalls [0.3606991525423729, 0.2847222222222222, 0.22068008327550312, 0.2596685082872928, 0.1717557251908397]
 f1scores [0.25465332243640193, 0.2218423499865334, 0.1916822603802021, 0.16813493198330232, 0.09995529238584427]
task 6 =>> taskLabels [25, 26, 27, 28, 29]
i am Task IFS
len(X_) 6704 > v_choose 9
len(X_) 10  v_choose 9
len(X_) 8998 > v_choose 12
len(X_) 12  v_choose 12
len(X_) 8997 > v_choose 12
len(X_) 12  v_choose 12
len(X_) 8996 > v_choose 12
len(X_) 12  v_choose 12
len(X_) 281 > v_choose 1
len(X_) 2  v_choose 1
len(X_) 4324 > v_choose 6
len(X_) 6  v_choose 6
len(X_) 299 > v_choose 1
len(X_) 2  v_choose 1
len(X_) 788 > v_choose 2
len(X_) 2  v_choose 2
len(X_) 785 > v_choose 2
len(X_) 2  v_choose 2
len(X_) 285 > v_choose 1
len(X_) 2  v_choose 1
len(X_) 627 > v_choose 1
len(X_) 2  v_choose 1
len(X_) 1707 > v_choose 3
len(X_) 4  v_choose 3
len(X_) 875 > v_choose 2
len(X_) 2  v_choose 2
len(X_) 759 > v_choose 2
len(X_) 2  v_choose 2
len(X_) 8997 > v_choose 12
len(X_) 12  v_choose 12
len(X_) 8992 > v_choose 12
len(X_) 12  v_choose 12
len(X_) 256 > v_choose 1
len(X_) 2  v_choose 1
len(X_) 188 > v_choose 1
len(X_) 2  v_choose 1
len(X_) 1120 > v_choose 2
len(X_) 2  v_choose 2
len(X_) 8994 > v_choose 12
len(X_) 12  v_choose 12
len(X_) 522 > v_choose 1
len(X_) 2  v_choose 1
len(X_) 451 > v_choose 1
len(X_) 2  v_choose 1
len(X_) 292 > v_choose 1
len(X_) 2  v_choose 1
len(X_) 598 > v_choose 1
len(X_) 2  v_choose 1
len(X_) 484 > v_choose 1
len(X_) 2  v_choose 1
=> Acc: 0.354 Precision 0.354 Recall 0.354 F1 0.262 
=> Acc: 0.287 Precision 0.287 Recall 0.287 F1 0.232 
=> Acc: 0.212 Precision 0.212 Recall 0.212 F1 0.129 
=> Acc: 0.224 Precision 0.224 Recall 0.224 F1 0.151 
=> Acc: 0.084 Precision 0.084 Recall 0.084 F1 0.037 
=> Acc: 0.200 Precision 0.200 Recall 0.200 F1 0.114 


accs [0.3538135593220339, 0.2875, 0.21165857043719638, 0.22421731123388583, 0.08396946564885496, 0.2]
 precisions [0.3617584745762712, 0.28194444444444444, 0.19569743233865372, 0.23158379373848986, 0.11068702290076336, 0.17142857142857143]
 recalls [0.3720868644067797, 0.2847222222222222, 0.20263705759888967, 0.22099447513812154, 0.09923664122137404, 0.15510204081632653]
 f1scores [0.264472922761693, 0.22767702907688658, 0.13251656473432183, 0.1466866702573804, 0.04228348816302068, 0.08909705958886285]
task 7 =>> taskLabels [30, 31, 32, 33, 34]
i am Task IFS
len(X_) 6704 > v_choose 9
len(X_) 10  v_choose 9
len(X_) 8998 > v_choose 12
len(X_) 12  v_choose 12
len(X_) 8997 > v_choose 12
len(X_) 12  v_choose 12
len(X_) 8996 > v_choose 12
len(X_) 12  v_choose 12
len(X_) 281 > v_choose 1
len(X_) 2  v_choose 1
len(X_) 4324 > v_choose 6
len(X_) 6  v_choose 6
len(X_) 299 > v_choose 1
len(X_) 2  v_choose 1
len(X_) 788 > v_choose 2
len(X_) 2  v_choose 2
len(X_) 785 > v_choose 2
len(X_) 2  v_choose 2
len(X_) 285 > v_choose 1
len(X_) 2  v_choose 1
len(X_) 627 > v_choose 1
len(X_) 2  v_choose 1
len(X_) 1707 > v_choose 3
len(X_) 4  v_choose 3
len(X_) 875 > v_choose 2
len(X_) 2  v_choose 2
len(X_) 759 > v_choose 1
len(X_) 2  v_choose 1
len(X_) 8997 > v_choose 12
len(X_) 12  v_choose 12
len(X_) 8992 > v_choose 12
len(X_) 12  v_choose 12
len(X_) 256 > v_choose 1
len(X_) 2  v_choose 1
len(X_) 188 > v_choose 1
len(X_) 2  v_choose 1
len(X_) 1120 > v_choose 2
len(X_) 2  v_choose 2
len(X_) 8994 > v_choose 12
len(X_) 12  v_choose 12
len(X_) 522 > v_choose 1
len(X_) 2  v_choose 1
len(X_) 451 > v_choose 1
len(X_) 2  v_choose 1
len(X_) 292 > v_choose 1
len(X_) 2  v_choose 1
len(X_) 598 > v_choose 1
len(X_) 2  v_choose 1
len(X_) 484 > v_choose 1
len(X_) 2  v_choose 1
len(X_) 494 > v_choose 1
len(X_) 2  v_choose 1
len(X_) 729 > v_choose 1
len(X_) 2  v_choose 1
len(X_) 261 > v_choose 1
len(X_) 2  v_choose 1
len(X_) 240 > v_choose 1
len(X_) 2  v_choose 1
len(X_) 475 > v_choose 1
len(X_) 2  v_choose 1
=> Acc: 0.377 Precision 0.377 Recall 0.377 F1 0.280 
=> Acc: 0.276 Precision 0.276 Recall 0.276 F1 0.249 
=> Acc: 0.238 Precision 0.238 Recall 0.238 F1 0.209 
=> Acc: 0.279 Precision 0.279 Recall 0.279 F1 0.224 
=> Acc: 0.271 Precision 0.271 Recall 0.271 F1 0.201 
=> Acc: 0.196 Precision 0.196 Recall 0.196 F1 0.104 
=> Acc: 0.247 Precision 0.247 Recall 0.247 F1 0.185 


accs [0.3771186440677966, 0.2763888888888889, 0.238029146426093, 0.2794659300184162, 0.27099236641221375, 0.19591836734693877, 0.2468265162200282]
 precisions [0.3832097457627119, 0.2652777777777778, 0.21374045801526717, 0.2877532228360958, 0.2824427480916031, 0.1836734693877551, 0.25035260930888575]
 recalls [0.3659957627118644, 0.2569444444444444, 0.21790423317140875, 0.28314917127071826, 0.29770992366412213, 0.2, 0.2757404795486601]
 f1scores [0.2811627618225955, 0.23145298878663145, 0.19905871515671497, 0.21945173524411707, 0.21161290322580645, 0.08332039257249532, 0.20912693996382842]
task 8 =>> taskLabels [35, 36, 37, 38, 39]
i am Task IFS
len(X_) 6704 > v_choose 8
len(X_) 8  v_choose 8
len(X_) 8998 > v_choose 10
len(X_) 10  v_choose 10
len(X_) 8997 > v_choose 10
len(X_) 10  v_choose 10
len(X_) 8996 > v_choose 10
len(X_) 10  v_choose 10
len(X_) 281 > v_choose 1
len(X_) 2  v_choose 1
len(X_) 4324 > v_choose 5
len(X_) 6  v_choose 5
len(X_) 299 > v_choose 1
len(X_) 2  v_choose 1
len(X_) 788 > v_choose 1
len(X_) 2  v_choose 1
len(X_) 785 > v_choose 1
len(X_) 2  v_choose 1
len(X_) 285 > v_choose 1
len(X_) 2  v_choose 1
len(X_) 627 > v_choose 1
len(X_) 2  v_choose 1
len(X_) 1707 > v_choose 2
len(X_) 2  v_choose 2
len(X_) 875 > v_choose 1
len(X_) 2  v_choose 1
len(X_) 759 > v_choose 1
len(X_) 2  v_choose 1
len(X_) 8997 > v_choose 10
len(X_) 10  v_choose 10
len(X_) 8992 > v_choose 10
len(X_) 10  v_choose 10
len(X_) 256 > v_choose 1
len(X_) 2  v_choose 1
len(X_) 188 > v_choose 1
len(X_) 2  v_choose 1
len(X_) 1120 > v_choose 2
len(X_) 2  v_choose 2
len(X_) 8994 > v_choose 10
len(X_) 10  v_choose 10
len(X_) 522 > v_choose 1
len(X_) 2  v_choose 1
len(X_) 451 > v_choose 1
len(X_) 2  v_choose 1
len(X_) 292 > v_choose 1
len(X_) 2  v_choose 1
len(X_) 598 > v_choose 1
len(X_) 2  v_choose 1
len(X_) 484 > v_choose 1
len(X_) 2  v_choose 1
len(X_) 494 > v_choose 1
len(X_) 2  v_choose 1
len(X_) 729 > v_choose 1
len(X_) 2  v_choose 1
len(X_) 261 > v_choose 1
len(X_) 2  v_choose 1
len(X_) 240 > v_choose 1
len(X_) 2  v_choose 1
len(X_) 475 > v_choose 1
len(X_) 2  v_choose 1
len(X_) 442 > v_choose 1
len(X_) 2  v_choose 1
len(X_) 8984 > v_choose 10
len(X_) 10  v_choose 10
len(X_) 382 > v_choose 1
len(X_) 2  v_choose 1
len(X_) 2621 > v_choose 3
len(X_) 4  v_choose 3
len(X_) 338 > v_choose 1
len(X_) 2  v_choose 1
=> Acc: 0.334 Precision 0.334 Recall 0.334 F1 0.202 
=> Acc: 0.193 Precision 0.193 Recall 0.193 F1 0.132 
=> Acc: 0.282 Precision 0.282 Recall 0.282 F1 0.232 
=> Acc: 0.248 Precision 0.248 Recall 0.248 F1 0.161 
=> Acc: 0.263 Precision 0.263 Recall 0.263 F1 0.175 
=> Acc: 0.196 Precision 0.196 Recall 0.196 F1 0.090 
=> Acc: 0.214 Precision 0.214 Recall 0.214 F1 0.112 
=> Acc: 0.199 Precision 0.199 Recall 0.199 F1 0.073 


accs [0.3339512711864407, 0.19305555555555556, 0.2817487855655795, 0.24769797421731124, 0.2633587786259542, 0.19591836734693877, 0.2143864598025388, 0.19916267942583732]
 precisions [0.3485169491525424, 0.175, 0.28938237335183903, 0.24861878453038674, 0.31679389312977096, 0.20408163265306123, 0.21791255289139633, 0.2111244019138756]
 recalls [0.3392478813559322, 0.1625, 0.29493407356002777, 0.23710865561694291, 0.30916030534351147, 0.17551020408163265, 0.21227080394922426, 0.2027511961722488]
 f1scores [0.21083301322199746, 0.1089183532869203, 0.22657641231496659, 0.14624986052765013, 0.19227049518311654, 0.08531858129315756, 0.10531941633263217, 0.06836045310621583]
task 9 =>> taskLabels [40, 41, 42, 43, 44]
i am Task IFS
len(X_) 6704 > v_choose 7
len(X_) 8  v_choose 7
len(X_) 8998 > v_choose 9
len(X_) 10  v_choose 9
len(X_) 8997 > v_choose 9
len(X_) 10  v_choose 9
len(X_) 8996 > v_choose 9
len(X_) 10  v_choose 9
len(X_) 281 > v_choose 1
len(X_) 2  v_choose 1
len(X_) 4324 > v_choose 5
len(X_) 6  v_choose 5
len(X_) 299 > v_choose 1
len(X_) 2  v_choose 1
len(X_) 788 > v_choose 1
len(X_) 2  v_choose 1
len(X_) 785 > v_choose 1
len(X_) 2  v_choose 1
len(X_) 285 > v_choose 1
len(X_) 2  v_choose 1
len(X_) 627 > v_choose 1
len(X_) 2  v_choose 1
len(X_) 1707 > v_choose 2
len(X_) 2  v_choose 2
len(X_) 875 > v_choose 1
len(X_) 2  v_choose 1
len(X_) 759 > v_choose 1
len(X_) 2  v_choose 1
len(X_) 8997 > v_choose 9
len(X_) 10  v_choose 9
len(X_) 8992 > v_choose 9
len(X_) 10  v_choose 9
len(X_) 256 > v_choose 1
len(X_) 2  v_choose 1
len(X_) 188 > v_choose 1
len(X_) 2  v_choose 1
len(X_) 1120 > v_choose 2
len(X_) 2  v_choose 2
len(X_) 8994 > v_choose 9
len(X_) 10  v_choose 9
len(X_) 522 > v_choose 1
len(X_) 2  v_choose 1
len(X_) 451 > v_choose 1
len(X_) 2  v_choose 1
len(X_) 292 > v_choose 1
len(X_) 2  v_choose 1
len(X_) 598 > v_choose 1
len(X_) 2  v_choose 1
len(X_) 484 > v_choose 1
len(X_) 2  v_choose 1
len(X_) 494 > v_choose 1
len(X_) 2  v_choose 1
len(X_) 729 > v_choose 1
len(X_) 2  v_choose 1
len(X_) 261 > v_choose 1
len(X_) 2  v_choose 1
len(X_) 240 > v_choose 1
len(X_) 2  v_choose 1
len(X_) 475 > v_choose 1
len(X_) 2  v_choose 1
len(X_) 442 > v_choose 1
len(X_) 2  v_choose 1
len(X_) 8984 > v_choose 9
len(X_) 10  v_choose 9
len(X_) 382 > v_choose 1
len(X_) 2  v_choose 1
len(X_) 2621 > v_choose 3
len(X_) 4  v_choose 3
len(X_) 338 > v_choose 1
len(X_) 2  v_choose 1
len(X_) 228 > v_choose 1
len(X_) 2  v_choose 1
len(X_) 5933 > v_choose 6
len(X_) 6  v_choose 6
len(X_) 2769 > v_choose 3
len(X_) 4  v_choose 3
len(X_) 5743 > v_choose 6
len(X_) 6  v_choose 6
len(X_) 378 > v_choose 1
len(X_) 2  v_choose 1
=> Acc: 0.360 Precision 0.360 Recall 0.360 F1 0.271 
=> Acc: 0.382 Precision 0.382 Recall 0.382 F1 0.384 
=> Acc: 0.295 Precision 0.295 Recall 0.295 F1 0.256 
=> Acc: 0.242 Precision 0.242 Recall 0.242 F1 0.147 
=> Acc: 0.321 Precision 0.321 Recall 0.321 F1 0.258 
=> Acc: 0.204 Precision 0.204 Recall 0.204 F1 0.119 
=> Acc: 0.311 Precision 0.311 Recall 0.311 F1 0.236 
=> Acc: 0.157 Precision 0.157 Recall 0.157 F1 0.062 
=> Acc: 0.232 Precision 0.232 Recall 0.232 F1 0.114 


accs [0.3596398305084746, 0.3819444444444444, 0.29493407356002777, 0.24171270718232044, 0.32061068702290074, 0.20408163265306123, 0.31100141043723556, 0.15729665071770335, 0.23170731707317074]
 precisions [0.3606991525423729, 0.3888888888888889, 0.2748091603053435, 0.23388581952117865, 0.30916030534351147, 0.22857142857142856, 0.3018335684062059, 0.18241626794258373, 0.20528455284552846]
 recalls [0.3832097457627119, 0.4083333333333333, 0.2741151977793199, 0.21408839779005526, 0.36259541984732824, 0.24489795918367346, 0.3081805359661495, 0.19258373205741627, 0.2682926829268293]
 f1scores [0.2694766266400662, 0.37412095689574315, 0.2684907916771917, 0.12339405265051087, 0.24765262567551397, 0.14668807963783298, 0.23282525573340074, 0.06416625045914957, 0.11323608228335331]
task 10 =>> taskLabels [45, 46, 47, 48, 49]
i am Task IFS
len(X_) 6704 > v_choose 7
len(X_) 8  v_choose 7
len(X_) 8998 > v_choose 9
len(X_) 10  v_choose 9
len(X_) 8997 > v_choose 9
len(X_) 10  v_choose 9
len(X_) 8996 > v_choose 9
len(X_) 10  v_choose 9
len(X_) 281 > v_choose 1
len(X_) 2  v_choose 1
len(X_) 4324 > v_choose 4
len(X_) 4  v_choose 4
len(X_) 299 > v_choose 1
len(X_) 2  v_choose 1
len(X_) 788 > v_choose 1
len(X_) 2  v_choose 1
len(X_) 785 > v_choose 1
len(X_) 2  v_choose 1
len(X_) 285 > v_choose 1
len(X_) 2  v_choose 1
len(X_) 627 > v_choose 1
len(X_) 2  v_choose 1
len(X_) 1707 > v_choose 2
len(X_) 2  v_choose 2
len(X_) 875 > v_choose 1
len(X_) 2  v_choose 1
len(X_) 759 > v_choose 1
len(X_) 2  v_choose 1
len(X_) 8997 > v_choose 9
len(X_) 10  v_choose 9
len(X_) 8992 > v_choose 9
len(X_) 10  v_choose 9
len(X_) 256 > v_choose 1
len(X_) 2  v_choose 1
len(X_) 188 > v_choose 1
len(X_) 2  v_choose 1
len(X_) 1120 > v_choose 2
len(X_) 2  v_choose 2
len(X_) 8994 > v_choose 9
len(X_) 10  v_choose 9
len(X_) 522 > v_choose 1
len(X_) 2  v_choose 1
len(X_) 451 > v_choose 1
len(X_) 2  v_choose 1
len(X_) 292 > v_choose 1
len(X_) 2  v_choose 1
len(X_) 598 > v_choose 1
len(X_) 2  v_choose 1
len(X_) 484 > v_choose 1
len(X_) 2  v_choose 1
len(X_) 494 > v_choose 1
len(X_) 2  v_choose 1
len(X_) 729 > v_choose 1
len(X_) 2  v_choose 1
len(X_) 261 > v_choose 1
len(X_) 2  v_choose 1
len(X_) 240 > v_choose 1
len(X_) 2  v_choose 1
len(X_) 475 > v_choose 1
len(X_) 2  v_choose 1
len(X_) 442 > v_choose 1
len(X_) 2  v_choose 1
len(X_) 8984 > v_choose 9
len(X_) 10  v_choose 9
len(X_) 382 > v_choose 1
len(X_) 2  v_choose 1
len(X_) 2621 > v_choose 3
len(X_) 4  v_choose 3
len(X_) 338 > v_choose 1
len(X_) 2  v_choose 1
len(X_) 228 > v_choose 1
len(X_) 2  v_choose 1
len(X_) 5933 > v_choose 6
len(X_) 6  v_choose 6
len(X_) 2769 > v_choose 3
len(X_) 4  v_choose 3
len(X_) 5743 > v_choose 6
len(X_) 6  v_choose 6
len(X_) 378 > v_choose 1
len(X_) 2  v_choose 1
len(X_) 757 > v_choose 1
len(X_) 2  v_choose 1
len(X_) 228 > v_choose 1
len(X_) 2  v_choose 1
len(X_) 1516 > v_choose 2
len(X_) 2  v_choose 2
len(X_) 1758 > v_choose 2
len(X_) 2  v_choose 2
len(X_) 184 > v_choose 1
len(X_) 2  v_choose 1
=> Acc: 0.353 Precision 0.353 Recall 0.353 F1 0.264 
=> Acc: 0.474 Precision 0.474 Recall 0.474 F1 0.426 
=> Acc: 0.296 Precision 0.296 Recall 0.296 F1 0.239 
=> Acc: 0.295 Precision 0.295 Recall 0.295 F1 0.260 
=> Acc: 0.397 Precision 0.397 Recall 0.397 F1 0.340 
=> Acc: 0.188 Precision 0.188 Recall 0.188 F1 0.118 
=> Acc: 0.315 Precision 0.315 Recall 0.315 F1 0.249 
=> Acc: 0.157 Precision 0.157 Recall 0.157 F1 0.060 
=> Acc: 0.185 Precision 0.185 Recall 0.185 F1 0.108 
=> Acc: 0.275 Precision 0.275 Recall 0.275 F1 0.216 


accs [0.3530190677966102, 0.4736111111111111, 0.2963219986120749, 0.2951197053406998, 0.3969465648854962, 0.18775510204081633, 0.3152327221438646, 0.15729665071770335, 0.18495934959349594, 0.27458492975734355]
 precisions [0.3678495762711864, 0.46944444444444444, 0.2907702984038862, 0.26611418047882135, 0.3969465648854962, 0.21224489795918366, 0.343441466854725, 0.1638755980861244, 0.21747967479674796, 0.28128991060025543]
 recalls [0.3604343220338983, 0.44722222222222224, 0.29493407356002777, 0.2803867403314917, 0.35877862595419846, 0.22857142857142856, 0.32651622002820874, 0.14832535885167464, 0.19308943089430894, 0.2780970625798212]
 f1scores [0.263482389804848, 0.3979581245188034, 0.25813744497046637, 0.23048953435209016, 0.27071847507331376, 0.12226815285056962, 0.25043409303970315, 0.05535648770942888, 0.11836587909519185, 0.21432712889745248]
task 11 =>> taskLabels [50, 51, 52, 53, 54]
i am Task IFS
len(X_) 6704 > v_choose 5
len(X_) 6  v_choose 5
len(X_) 8998 > v_choose 7
len(X_) 8  v_choose 7
len(X_) 8997 > v_choose 7
len(X_) 8  v_choose 7
len(X_) 8996 > v_choose 7
len(X_) 8  v_choose 7
len(X_) 281 > v_choose 1
len(X_) 2  v_choose 1
len(X_) 4324 > v_choose 4
len(X_) 4  v_choose 4
len(X_) 299 > v_choose 1
len(X_) 2  v_choose 1
len(X_) 788 > v_choose 1
len(X_) 2  v_choose 1
len(X_) 785 > v_choose 1
len(X_) 2  v_choose 1
len(X_) 285 > v_choose 1
len(X_) 2  v_choose 1
len(X_) 627 > v_choose 1
len(X_) 2  v_choose 1
len(X_) 1707 > v_choose 2
len(X_) 2  v_choose 2
len(X_) 875 > v_choose 1
len(X_) 2  v_choose 1
len(X_) 759 > v_choose 1
len(X_) 2  v_choose 1
len(X_) 8997 > v_choose 7
len(X_) 8  v_choose 7
len(X_) 8992 > v_choose 7
len(X_) 8  v_choose 7
len(X_) 256 > v_choose 1
len(X_) 2  v_choose 1
len(X_) 188 > v_choose 1
len(X_) 2  v_choose 1
len(X_) 1120 > v_choose 1
len(X_) 2  v_choose 1
len(X_) 8994 > v_choose 7
len(X_) 8  v_choose 7
len(X_) 522 > v_choose 1
len(X_) 2  v_choose 1
len(X_) 451 > v_choose 1
len(X_) 2  v_choose 1
len(X_) 292 > v_choose 1
len(X_) 2  v_choose 1
len(X_) 598 > v_choose 1
len(X_) 2  v_choose 1
len(X_) 484 > v_choose 1
len(X_) 2  v_choose 1
len(X_) 494 > v_choose 1
len(X_) 2  v_choose 1
len(X_) 729 > v_choose 1
len(X_) 2  v_choose 1
len(X_) 261 > v_choose 1
len(X_) 2  v_choose 1
len(X_) 240 > v_choose 1
len(X_) 2  v_choose 1
len(X_) 475 > v_choose 1
len(X_) 2  v_choose 1
len(X_) 442 > v_choose 1
len(X_) 2  v_choose 1
len(X_) 8984 > v_choose 7
len(X_) 8  v_choose 7
len(X_) 382 > v_choose 1
len(X_) 2  v_choose 1
len(X_) 2621 > v_choose 2
len(X_) 2  v_choose 2
len(X_) 338 > v_choose 1
len(X_) 2  v_choose 1
len(X_) 228 > v_choose 1
len(X_) 2  v_choose 1
len(X_) 5933 > v_choose 5
len(X_) 6  v_choose 5
len(X_) 2769 > v_choose 3
len(X_) 4  v_choose 3
len(X_) 5743 > v_choose 5
len(X_) 6  v_choose 5
len(X_) 378 > v_choose 1
len(X_) 2  v_choose 1
len(X_) 757 > v_choose 1
len(X_) 2  v_choose 1
len(X_) 228 > v_choose 1
len(X_) 2  v_choose 1
len(X_) 1516 > v_choose 2
len(X_) 2  v_choose 2
len(X_) 1758 > v_choose 2
len(X_) 2  v_choose 2
len(X_) 184 > v_choose 1
len(X_) 2  v_choose 1
len(X_) 816 > v_choose 1
len(X_) 2  v_choose 1
len(X_) 8996 > v_choose 7
len(X_) 8  v_choose 7
len(X_) 393 > v_choose 1
len(X_) 2  v_choose 1
len(X_) 8994 > v_choose 7
len(X_) 8  v_choose 7
len(X_) 8993 > v_choose 7
len(X_) 8  v_choose 7
=> Acc: 0.361 Precision 0.361 Recall 0.361 F1 0.268 
=> Acc: 0.458 Precision 0.458 Recall 0.458 F1 0.428 
=> Acc: 0.338 Precision 0.338 Recall 0.338 F1 0.300 
=> Acc: 0.349 Precision 0.349 Recall 0.349 F1 0.328 
=> Acc: 0.363 Precision 0.363 Recall 0.363 F1 0.277 
=> Acc: 0.224 Precision 0.224 Recall 0.224 F1 0.169 
=> Acc: 0.238 Precision 0.238 Recall 0.238 F1 0.170 
=> Acc: 0.164 Precision 0.164 Recall 0.164 F1 0.074 
=> Acc: 0.232 Precision 0.232 Recall 0.232 F1 0.121 
=> Acc: 0.190 Precision 0.190 Recall 0.190 F1 0.108 
=> Acc: 0.206 Precision 0.206 Recall 0.206 F1 0.082 


accs [0.361228813559322, 0.4583333333333333, 0.3379597501734906, 0.34898710865561694, 0.36259541984732824, 0.22448979591836735, 0.23765867418899858, 0.16447368421052633, 0.23170731707317074, 0.1896551724137931, 0.20648604269293924]
 precisions [0.3736758474576271, 0.45, 0.3379597501734906, 0.3572744014732965, 0.4122137404580153, 0.19183673469387755, 0.22496473906911144, 0.15490430622009568, 0.27439024390243905, 0.19157088122605365, 0.19950738916256158]
 recalls [0.3569915254237288, 0.44166666666666665, 0.3469812630117974, 0.3632596685082873, 0.4312977099236641, 0.19591836734693877, 0.22849083215796898, 0.18301435406698566, 0.241869918699187, 0.19316730523627076, 0.2204433497536946]
 f1scores [0.2683371361088942, 0.4651034996969873, 0.3024293232529747, 0.34144618960931084, 0.25357703201092163, 0.16908895288811604, 0.15654648790054607, 0.07598694931138188, 0.13558057171768279, 0.11411811266142977, 0.07848350902285485]
task 12 =>> taskLabels [55, 56, 57, 58, 59]
i am Task IFS
len(X_) 6704 > v_choose 5
len(X_) 6  v_choose 5
len(X_) 8998 > v_choose 6
len(X_) 6  v_choose 6
len(X_) 8997 > v_choose 6
len(X_) 6  v_choose 6
len(X_) 8996 > v_choose 6
len(X_) 6  v_choose 6
len(X_) 281 > v_choose 1
len(X_) 2  v_choose 1
len(X_) 4324 > v_choose 3
len(X_) 4  v_choose 3
len(X_) 299 > v_choose 1
len(X_) 2  v_choose 1
len(X_) 788 > v_choose 1
len(X_) 2  v_choose 1
len(X_) 785 > v_choose 1
len(X_) 2  v_choose 1
len(X_) 285 > v_choose 1
len(X_) 2  v_choose 1
len(X_) 627 > v_choose 1
len(X_) 2  v_choose 1
len(X_) 1707 > v_choose 2
len(X_) 2  v_choose 2
len(X_) 875 > v_choose 1
len(X_) 2  v_choose 1
len(X_) 759 > v_choose 1
len(X_) 2  v_choose 1
len(X_) 8997 > v_choose 6
len(X_) 6  v_choose 6
len(X_) 8992 > v_choose 6
len(X_) 6  v_choose 6
len(X_) 256 > v_choose 1
len(X_) 2  v_choose 1
len(X_) 188 > v_choose 1
len(X_) 2  v_choose 1
len(X_) 1120 > v_choose 1
len(X_) 2  v_choose 1
len(X_) 8994 > v_choose 6
len(X_) 6  v_choose 6
len(X_) 522 > v_choose 1
len(X_) 2  v_choose 1
len(X_) 451 > v_choose 1
len(X_) 2  v_choose 1
len(X_) 292 > v_choose 1
len(X_) 2  v_choose 1
len(X_) 598 > v_choose 1
len(X_) 2  v_choose 1
len(X_) 484 > v_choose 1
len(X_) 2  v_choose 1
len(X_) 494 > v_choose 1
len(X_) 2  v_choose 1
len(X_) 729 > v_choose 1
len(X_) 2  v_choose 1
len(X_) 261 > v_choose 1
len(X_) 2  v_choose 1
len(X_) 240 > v_choose 1
len(X_) 2  v_choose 1
len(X_) 475 > v_choose 1
len(X_) 2  v_choose 1
len(X_) 442 > v_choose 1
len(X_) 2  v_choose 1
len(X_) 8984 > v_choose 6
len(X_) 6  v_choose 6
len(X_) 382 > v_choose 1
len(X_) 2  v_choose 1
len(X_) 2621 > v_choose 2
len(X_) 2  v_choose 2
len(X_) 338 > v_choose 1
len(X_) 2  v_choose 1
len(X_) 228 > v_choose 1
len(X_) 2  v_choose 1
len(X_) 5933 > v_choose 4
len(X_) 4  v_choose 4
len(X_) 2769 > v_choose 2
len(X_) 2  v_choose 2
len(X_) 5743 > v_choose 4
len(X_) 4  v_choose 4
len(X_) 378 > v_choose 1
len(X_) 2  v_choose 1
len(X_) 757 > v_choose 1
len(X_) 2  v_choose 1
len(X_) 228 > v_choose 1
len(X_) 2  v_choose 1
len(X_) 1516 > v_choose 1
len(X_) 2  v_choose 1
len(X_) 1758 > v_choose 2
len(X_) 2  v_choose 2
len(X_) 184 > v_choose 1
len(X_) 2  v_choose 1
len(X_) 816 > v_choose 1
len(X_) 2  v_choose 1
len(X_) 8996 > v_choose 6
len(X_) 6  v_choose 6
len(X_) 393 > v_choose 1
len(X_) 2  v_choose 1
len(X_) 8994 > v_choose 6
len(X_) 6  v_choose 6
len(X_) 8993 > v_choose 6
len(X_) 6  v_choose 6
len(X_) 8988 > v_choose 6
len(X_) 6  v_choose 6
len(X_) 1322 > v_choose 1
len(X_) 2  v_choose 1
len(X_) 958 > v_choose 1
len(X_) 2  v_choose 1
len(X_) 1691 > v_choose 2
len(X_) 2  v_choose 2
len(X_) 8951 > v_choose 6
len(X_) 6  v_choose 6
=> Acc: 0.356 Precision 0.356 Recall 0.356 F1 0.258 
=> Acc: 0.374 Precision 0.374 Recall 0.374 F1 0.299 
=> Acc: 0.342 Precision 0.342 Recall 0.342 F1 0.293 
=> Acc: 0.403 Precision 0.403 Recall 0.403 F1 0.340 
=> Acc: 0.385 Precision 0.385 Recall 0.385 F1 0.315 
=> Acc: 0.212 Precision 0.212 Recall 0.212 F1 0.116 
=> Acc: 0.339 Precision 0.339 Recall 0.339 F1 0.265 
=> Acc: 0.192 Precision 0.192 Recall 0.192 F1 0.073 
=> Acc: 0.242 Precision 0.242 Recall 0.242 F1 0.140 
=> Acc: 0.188 Precision 0.188 Recall 0.188 F1 0.081 
=> Acc: 0.200 Precision 0.200 Recall 0.200 F1 0.081 
=> Acc: 0.221 Precision 0.221 Recall 0.221 F1 0.113 


accs [0.3559322033898305, 0.3736111111111111, 0.3421235253296322, 0.40285451197053407, 0.38549618320610685, 0.21224489795918366, 0.3392101551480959, 0.19198564593301434, 0.241869918699187, 0.18773946360153257, 0.20032840722495895, 0.22140522875816993]
 precisions [0.3516949152542373, 0.35694444444444445, 0.32338653712699517, 0.39502762430939226, 0.44656488549618323, 0.23673469387755103, 0.3638928067700987, 0.22488038277511962, 0.25609756097560976, 0.20178799489144317, 0.1921182266009852, 0.22140522875816993]
 recalls [0.3720868644067797, 0.3763888888888889, 0.3289382373351839, 0.38950276243093923, 0.44656488549618323, 0.19183673469387755, 0.3307475317348378, 0.1848086124401914, 0.24796747967479674, 0.2037037037037037, 0.1892446633825944, 0.2647058823529412]
 f1scores [0.2531058286185987, 0.25933689038208346, 0.28492209572628513, 0.3442932579418855, 0.321200958527925, 0.1502018801919795, 0.26222055836671065, 0.07833966359196962, 0.1454465803353952, 0.08617130522875985, 0.08511732876438408, 0.11652505314548527]
task 13 =>> taskLabels [60, 61, 62, 63, 64]
i am Task IFS
len(X_) 6704 > v_choose 4
len(X_) 4  v_choose 4
len(X_) 8998 > v_choose 6
len(X_) 6  v_choose 6
len(X_) 8997 > v_choose 6
len(X_) 6  v_choose 6
len(X_) 8996 > v_choose 6
len(X_) 6  v_choose 6
len(X_) 281 > v_choose 1
len(X_) 2  v_choose 1
len(X_) 4324 > v_choose 3
len(X_) 4  v_choose 3
len(X_) 299 > v_choose 1
len(X_) 2  v_choose 1
len(X_) 788 > v_choose 1
len(X_) 2  v_choose 1
len(X_) 785 > v_choose 1
len(X_) 2  v_choose 1
len(X_) 285 > v_choose 1
len(X_) 2  v_choose 1
len(X_) 627 > v_choose 1
len(X_) 2  v_choose 1
len(X_) 1707 > v_choose 1
len(X_) 2  v_choose 1
len(X_) 875 > v_choose 1
len(X_) 2  v_choose 1
len(X_) 759 > v_choose 1
len(X_) 2  v_choose 1
len(X_) 8997 > v_choose 6
len(X_) 6  v_choose 6
len(X_) 8992 > v_choose 6
len(X_) 6  v_choose 6
len(X_) 256 > v_choose 1
len(X_) 2  v_choose 1
len(X_) 188 > v_choose 1
len(X_) 2  v_choose 1
len(X_) 1120 > v_choose 1
len(X_) 2  v_choose 1
len(X_) 8994 > v_choose 6
len(X_) 6  v_choose 6
len(X_) 522 > v_choose 1
len(X_) 2  v_choose 1
len(X_) 451 > v_choose 1
len(X_) 2  v_choose 1
len(X_) 292 > v_choose 1
len(X_) 2  v_choose 1
len(X_) 598 > v_choose 1
len(X_) 2  v_choose 1
len(X_) 484 > v_choose 1
len(X_) 2  v_choose 1
len(X_) 494 > v_choose 1
len(X_) 2  v_choose 1
len(X_) 729 > v_choose 1
len(X_) 2  v_choose 1
len(X_) 261 > v_choose 1
len(X_) 2  v_choose 1
len(X_) 240 > v_choose 1
len(X_) 2  v_choose 1
len(X_) 475 > v_choose 1
len(X_) 2  v_choose 1
len(X_) 442 > v_choose 1
len(X_) 2  v_choose 1
len(X_) 8984 > v_choose 6
len(X_) 6  v_choose 6
len(X_) 382 > v_choose 1
len(X_) 2  v_choose 1
len(X_) 2621 > v_choose 2
len(X_) 2  v_choose 2
len(X_) 338 > v_choose 1
len(X_) 2  v_choose 1
len(X_) 228 > v_choose 1
len(X_) 2  v_choose 1
len(X_) 5933 > v_choose 4
len(X_) 4  v_choose 4
len(X_) 2769 > v_choose 2
len(X_) 2  v_choose 2
len(X_) 5743 > v_choose 4
len(X_) 4  v_choose 4
len(X_) 378 > v_choose 1
len(X_) 2  v_choose 1
len(X_) 757 > v_choose 1
len(X_) 2  v_choose 1
len(X_) 228 > v_choose 1
len(X_) 2  v_choose 1
len(X_) 1516 > v_choose 1
len(X_) 2  v_choose 1
len(X_) 1758 > v_choose 2
len(X_) 2  v_choose 2
len(X_) 184 > v_choose 1
len(X_) 2  v_choose 1
len(X_) 816 > v_choose 1
len(X_) 2  v_choose 1
len(X_) 8996 > v_choose 6
len(X_) 6  v_choose 6
len(X_) 393 > v_choose 1
len(X_) 2  v_choose 1
len(X_) 8994 > v_choose 6
len(X_) 6  v_choose 6
len(X_) 8993 > v_choose 6
len(X_) 6  v_choose 6
len(X_) 8988 > v_choose 6
len(X_) 6  v_choose 6
len(X_) 1322 > v_choose 1
len(X_) 2  v_choose 1
len(X_) 958 > v_choose 1
len(X_) 2  v_choose 1
len(X_) 1691 > v_choose 1
len(X_) 2  v_choose 1
len(X_) 8951 > v_choose 6
len(X_) 6  v_choose 6
len(X_) 8988 > v_choose 6
len(X_) 6  v_choose 6
len(X_) 411 > v_choose 1
len(X_) 2  v_choose 1
len(X_) 385 > v_choose 1
len(X_) 2  v_choose 1
len(X_) 803 > v_choose 1
len(X_) 2  v_choose 1
len(X_) 423 > v_choose 1
len(X_) 2  v_choose 1
=> Acc: 0.358 Precision 0.358 Recall 0.358 F1 0.263 
=> Acc: 0.382 Precision 0.382 Recall 0.382 F1 0.325 
=> Acc: 0.341 Precision 0.341 Recall 0.341 F1 0.290 
=> Acc: 0.425 Precision 0.425 Recall 0.425 F1 0.374 
=> Acc: 0.439 Precision 0.439 Recall 0.439 F1 0.334 
=> Acc: 0.265 Precision 0.265 Recall 0.265 F1 0.146 
=> Acc: 0.363 Precision 0.363 Recall 0.363 F1 0.245 
=> Acc: 0.193 Precision 0.193 Recall 0.193 F1 0.068 
=> Acc: 0.205 Precision 0.205 Recall 0.205 F1 0.112 
=> Acc: 0.225 Precision 0.225 Recall 0.225 F1 0.146 
=> Acc: 0.216 Precision 0.216 Recall 0.216 F1 0.091 
=> Acc: 0.231 Precision 0.231 Recall 0.231 F1 0.114 
=> Acc: 0.269 Precision 0.269 Recall 0.269 F1 0.153 


accs [0.357521186440678, 0.3819444444444444, 0.3414295628036086, 0.425414364640884, 0.4389312977099237, 0.2653061224489796, 0.3631875881523272, 0.19258373205741627, 0.20528455284552846, 0.2247765006385696, 0.21551724137931033, 0.2312091503267974, 0.2694063926940639]
 precisions [0.3707627118644068, 0.3958333333333333, 0.3414295628036086, 0.4180478821362799, 0.45038167938931295, 0.18775510204081633, 0.35895627644569816, 0.20454545454545456, 0.22967479674796748, 0.22860791826309068, 0.21633825944170773, 0.23366013071895425, 0.3226788432267884]
 recalls [0.3395127118644068, 0.39166666666666666, 0.31714087439278277, 0.43047882136279925, 0.4580152671755725, 0.21224489795918366, 0.35754583921015515, 0.194377990430622, 0.23577235772357724, 0.23627075351213284, 0.19540229885057472, 0.22630718954248366, 0.273972602739726]
 f1scores [0.2616109310661828, 0.33532389128188134, 0.2864906476348804, 0.3808442056948326, 0.3061529933481153, 0.12395511763844388, 0.2239751185010273, 0.07311665644605878, 0.1297500449559432, 0.1519217473038795, 0.08796664812720087, 0.11723937311849748, 0.14885213032581454]
task 14 =>> taskLabels [65, 66, 67, 68, 69]
i am Task IFS
len(X_) 6704 > v_choose 4
len(X_) 4  v_choose 4
len(X_) 8998 > v_choose 6
len(X_) 6  v_choose 6
len(X_) 8997 > v_choose 6
len(X_) 6  v_choose 6
len(X_) 8996 > v_choose 6
len(X_) 6  v_choose 6
len(X_) 281 > v_choose 1
len(X_) 2  v_choose 1
len(X_) 4324 > v_choose 3
len(X_) 4  v_choose 3
len(X_) 299 > v_choose 1
len(X_) 2  v_choose 1
len(X_) 788 > v_choose 1
len(X_) 2  v_choose 1
len(X_) 785 > v_choose 1
len(X_) 2  v_choose 1
len(X_) 285 > v_choose 1
len(X_) 2  v_choose 1
len(X_) 627 > v_choose 1
len(X_) 2  v_choose 1
len(X_) 1707 > v_choose 1
len(X_) 2  v_choose 1
len(X_) 875 > v_choose 1
len(X_) 2  v_choose 1
len(X_) 759 > v_choose 1
len(X_) 2  v_choose 1
len(X_) 8997 > v_choose 6
len(X_) 6  v_choose 6
len(X_) 8992 > v_choose 6
len(X_) 6  v_choose 6
len(X_) 256 > v_choose 1
len(X_) 2  v_choose 1
len(X_) 188 > v_choose 1
len(X_) 2  v_choose 1
len(X_) 1120 > v_choose 1
len(X_) 2  v_choose 1
len(X_) 8994 > v_choose 6
len(X_) 6  v_choose 6
len(X_) 522 > v_choose 1
len(X_) 2  v_choose 1
len(X_) 451 > v_choose 1
len(X_) 2  v_choose 1
len(X_) 292 > v_choose 1
len(X_) 2  v_choose 1
len(X_) 598 > v_choose 1
len(X_) 2  v_choose 1
len(X_) 484 > v_choose 1
len(X_) 2  v_choose 1
len(X_) 494 > v_choose 1
len(X_) 2  v_choose 1
len(X_) 729 > v_choose 1
len(X_) 2  v_choose 1
len(X_) 261 > v_choose 1
len(X_) 2  v_choose 1
len(X_) 240 > v_choose 1
len(X_) 2  v_choose 1
len(X_) 475 > v_choose 1
len(X_) 2  v_choose 1
len(X_) 442 > v_choose 1
len(X_) 2  v_choose 1
len(X_) 8984 > v_choose 6
len(X_) 6  v_choose 6
len(X_) 382 > v_choose 1
len(X_) 2  v_choose 1
len(X_) 2621 > v_choose 2
len(X_) 2  v_choose 2
len(X_) 338 > v_choose 1
len(X_) 2  v_choose 1
len(X_) 228 > v_choose 1
len(X_) 2  v_choose 1
len(X_) 5933 > v_choose 4
len(X_) 4  v_choose 4
len(X_) 2769 > v_choose 2
len(X_) 2  v_choose 2
len(X_) 5743 > v_choose 4
len(X_) 4  v_choose 4
len(X_) 378 > v_choose 1
len(X_) 2  v_choose 1
len(X_) 757 > v_choose 1
len(X_) 2  v_choose 1
len(X_) 228 > v_choose 1
len(X_) 2  v_choose 1
len(X_) 1516 > v_choose 1
len(X_) 2  v_choose 1
len(X_) 1758 > v_choose 1
len(X_) 2  v_choose 1
len(X_) 184 > v_choose 1
len(X_) 2  v_choose 1
len(X_) 816 > v_choose 1
len(X_) 2  v_choose 1
len(X_) 8996 > v_choose 6
len(X_) 6  v_choose 6
len(X_) 393 > v_choose 1
len(X_) 2  v_choose 1
len(X_) 8994 > v_choose 6
len(X_) 6  v_choose 6
len(X_) 8993 > v_choose 6
len(X_) 6  v_choose 6
len(X_) 8988 > v_choose 6
len(X_) 6  v_choose 6
len(X_) 1322 > v_choose 1
len(X_) 2  v_choose 1
len(X_) 958 > v_choose 1
len(X_) 2  v_choose 1
len(X_) 1691 > v_choose 1
len(X_) 2  v_choose 1
len(X_) 8951 > v_choose 6
len(X_) 6  v_choose 6
len(X_) 8988 > v_choose 6
len(X_) 6  v_choose 6
len(X_) 411 > v_choose 1
len(X_) 2  v_choose 1
len(X_) 385 > v_choose 1
len(X_) 2  v_choose 1
len(X_) 803 > v_choose 1
len(X_) 2  v_choose 1
len(X_) 423 > v_choose 1
len(X_) 2  v_choose 1
len(X_) 445 > v_choose 1
len(X_) 2  v_choose 1
len(X_) 214 > v_choose 1
len(X_) 2  v_choose 1
len(X_) 2999 > v_choose 2
len(X_) 2  v_choose 2
len(X_) 400 > v_choose 1
len(X_) 2  v_choose 1
len(X_) 1857 > v_choose 2
len(X_) 2  v_choose 2
=> Acc: 0.363 Precision 0.363 Recall 0.363 F1 0.263 
=> Acc: 0.446 Precision 0.446 Recall 0.446 F1 0.383 
=> Acc: 0.371 Precision 0.371 Recall 0.371 F1 0.328 
=> Acc: 0.411 Precision 0.411 Recall 0.411 F1 0.358 
=> Acc: 0.393 Precision 0.393 Recall 0.393 F1 0.330 
=> Acc: 0.196 Precision 0.196 Recall 0.196 F1 0.142 
=> Acc: 0.334 Precision 0.334 Recall 0.334 F1 0.232 
=> Acc: 0.169 Precision 0.169 Recall 0.169 F1 0.080 
=> Acc: 0.215 Precision 0.215 Recall 0.215 F1 0.122 
=> Acc: 0.232 Precision 0.232 Recall 0.232 F1 0.162 
=> Acc: 0.198 Precision 0.198 Recall 0.198 F1 0.070 
=> Acc: 0.212 Precision 0.212 Recall 0.212 F1 0.108 
=> Acc: 0.227 Precision 0.227 Recall 0.227 F1 0.149 
=> Acc: 0.231 Precision 0.231 Recall 0.231 F1 0.197 


accs [0.3625529661016949, 0.44583333333333336, 0.3712699514226232, 0.4111418047882136, 0.3931297709923664, 0.19591836734693877, 0.3342736248236953, 0.1686602870813397, 0.21544715447154472, 0.23212005108556832, 0.19827586206896552, 0.21241830065359477, 0.2267884322678843, 0.2312091503267974]
 precisions [0.3408368644067797, 0.4013888888888889, 0.36363636363636365, 0.4258747697974217, 0.38549618320610685, 0.2530612244897959, 0.3702397743300423, 0.17165071770334928, 0.21341463414634146, 0.24201787994891444, 0.20279146141215107, 0.20098039215686275, 0.2420091324200913, 0.22630718954248366]
 recalls [0.3445444915254237, 0.40694444444444444, 0.3705759888965996, 0.43968692449355434, 0.3053435114503817, 0.2163265306122449, 0.33709449929478136, 0.1680622009569378, 0.1951219512195122, 0.22381864623243933, 0.19991789819376027, 0.21486928104575165, 0.258751902587519, 0.24673202614379086]
 f1scores [0.272727955022967, 0.364783755340628, 0.32567030081700105, 0.3717612286205848, 0.32184684684684683, 0.22146686514703218, 0.23401009051004645, 0.0721434884716268, 0.11834617280107902, 0.16363530312350483, 0.07287010367860224, 0.11728347295758904, 0.147002997002997, 0.19579752023127533]
task 15 =>> taskLabels [70, 71, 72, 73, 74]
i am Task IFS
len(X_) 6704 > v_choose 4
len(X_) 4  v_choose 4
len(X_) 8998 > v_choose 5
len(X_) 6  v_choose 5
len(X_) 8997 > v_choose 5
len(X_) 6  v_choose 5
len(X_) 8996 > v_choose 5
len(X_) 6  v_choose 5
len(X_) 281 > v_choose 1
len(X_) 2  v_choose 1
len(X_) 4324 > v_choose 3
len(X_) 4  v_choose 3
len(X_) 299 > v_choose 1
len(X_) 2  v_choose 1
len(X_) 788 > v_choose 1
len(X_) 2  v_choose 1
len(X_) 785 > v_choose 1
len(X_) 2  v_choose 1
len(X_) 285 > v_choose 1
len(X_) 2  v_choose 1
len(X_) 627 > v_choose 1
len(X_) 2  v_choose 1
len(X_) 1707 > v_choose 1
len(X_) 2  v_choose 1
len(X_) 875 > v_choose 1
len(X_) 2  v_choose 1
len(X_) 759 > v_choose 1
len(X_) 2  v_choose 1
len(X_) 8997 > v_choose 5
len(X_) 6  v_choose 5
len(X_) 8992 > v_choose 5
len(X_) 6  v_choose 5
len(X_) 256 > v_choose 1
len(X_) 2  v_choose 1
len(X_) 188 > v_choose 1
len(X_) 2  v_choose 1
len(X_) 1120 > v_choose 1
len(X_) 2  v_choose 1
len(X_) 8994 > v_choose 5
len(X_) 6  v_choose 5
len(X_) 522 > v_choose 1
len(X_) 2  v_choose 1
len(X_) 451 > v_choose 1
len(X_) 2  v_choose 1
len(X_) 292 > v_choose 1
len(X_) 2  v_choose 1
len(X_) 598 > v_choose 1
len(X_) 2  v_choose 1
len(X_) 484 > v_choose 1
len(X_) 2  v_choose 1
len(X_) 494 > v_choose 1
len(X_) 2  v_choose 1
len(X_) 729 > v_choose 1
len(X_) 2  v_choose 1
len(X_) 261 > v_choose 1
len(X_) 2  v_choose 1
len(X_) 240 > v_choose 1
len(X_) 2  v_choose 1
len(X_) 475 > v_choose 1
len(X_) 2  v_choose 1
len(X_) 442 > v_choose 1
len(X_) 2  v_choose 1
len(X_) 8984 > v_choose 5
len(X_) 6  v_choose 5
len(X_) 382 > v_choose 1
len(X_) 2  v_choose 1
len(X_) 2621 > v_choose 2
len(X_) 2  v_choose 2
len(X_) 338 > v_choose 1
len(X_) 2  v_choose 1
len(X_) 228 > v_choose 1
len(X_) 2  v_choose 1
len(X_) 5933 > v_choose 4
len(X_) 4  v_choose 4
len(X_) 2769 > v_choose 2
len(X_) 2  v_choose 2
len(X_) 5743 > v_choose 4
len(X_) 4  v_choose 4
len(X_) 378 > v_choose 1
len(X_) 2  v_choose 1
len(X_) 757 > v_choose 1
len(X_) 2  v_choose 1
len(X_) 228 > v_choose 1
len(X_) 2  v_choose 1
len(X_) 1516 > v_choose 1
len(X_) 2  v_choose 1
len(X_) 1758 > v_choose 1
len(X_) 2  v_choose 1
len(X_) 184 > v_choose 1
len(X_) 2  v_choose 1
len(X_) 816 > v_choose 1
len(X_) 2  v_choose 1
len(X_) 8996 > v_choose 5
len(X_) 6  v_choose 5
len(X_) 393 > v_choose 1
len(X_) 2  v_choose 1
len(X_) 8994 > v_choose 5
len(X_) 6  v_choose 5
len(X_) 8993 > v_choose 5
len(X_) 6  v_choose 5
len(X_) 8988 > v_choose 5
len(X_) 6  v_choose 5
len(X_) 1322 > v_choose 1
len(X_) 2  v_choose 1
len(X_) 958 > v_choose 1
len(X_) 2  v_choose 1
len(X_) 1691 > v_choose 1
len(X_) 2  v_choose 1
len(X_) 8951 > v_choose 5
len(X_) 6  v_choose 5
len(X_) 8988 > v_choose 5
len(X_) 6  v_choose 5
len(X_) 411 > v_choose 1
len(X_) 2  v_choose 1
len(X_) 385 > v_choose 1
len(X_) 2  v_choose 1
len(X_) 803 > v_choose 1
len(X_) 2  v_choose 1
len(X_) 423 > v_choose 1
len(X_) 2  v_choose 1
len(X_) 445 > v_choose 1
len(X_) 2  v_choose 1
len(X_) 214 > v_choose 1
len(X_) 2  v_choose 1
len(X_) 2999 > v_choose 2
len(X_) 2  v_choose 2
len(X_) 400 > v_choose 1
len(X_) 2  v_choose 1
len(X_) 1857 > v_choose 1
len(X_) 2  v_choose 1
len(X_) 6061 > v_choose 4
len(X_) 4  v_choose 4
len(X_) 3242 > v_choose 2
len(X_) 2  v_choose 2
len(X_) 247 > v_choose 1
len(X_) 2  v_choose 1
len(X_) 617 > v_choose 1
len(X_) 2  v_choose 1
len(X_) 851 > v_choose 1
len(X_) 2  v_choose 1
=> Acc: 0.199 Precision 0.199 Recall 0.199 F1 0.077 
=> Acc: 0.349 Precision 0.349 Recall 0.349 F1 0.218 
=> Acc: 0.269 Precision 0.269 Recall 0.269 F1 0.188 
=> Acc: 0.287 Precision 0.287 Recall 0.287 F1 0.195 
=> Acc: 0.454 Precision 0.454 Recall 0.454 F1 0.344 
=> Acc: 0.245 Precision 0.245 Recall 0.245 F1 0.198 
=> Acc: 0.312 Precision 0.312 Recall 0.312 F1 0.224 
=> Acc: 0.204 Precision 0.204 Recall 0.204 F1 0.069 
=> Acc: 0.230 Precision 0.230 Recall 0.230 F1 0.132 
=> Acc: 0.321 Precision 0.321 Recall 0.321 F1 0.218 
=> Acc: 0.210 Precision 0.210 Recall 0.210 F1 0.078 
=> Acc: 0.236 Precision 0.236 Recall 0.236 F1 0.121 
=> Acc: 0.311 Precision 0.311 Recall 0.311 F1 0.190 
=> Acc: 0.221 Precision 0.221 Recall 0.221 F1 0.133 
=> Acc: 0.237 Precision 0.237 Recall 0.237 F1 0.143 


accs [0.1988877118644068, 0.3486111111111111, 0.2685634975711312, 0.287292817679558, 0.4541984732824427, 0.24489795918367346, 0.3124118476727786, 0.20394736842105263, 0.22967479674796748, 0.32088122605363983, 0.20977011494252873, 0.2361111111111111, 0.3105022831050228, 0.22058823529411764, 0.23717948717948717]
 precisions [0.2076271186440678, 0.3541666666666667, 0.27133934767522555, 0.31215469613259667, 0.4198473282442748, 0.2571428571428571, 0.31029619181946405, 0.2021531100478469, 0.2601626016260163, 0.3342911877394636, 0.1990968801313629, 0.23366013071895425, 0.30441400304414, 0.2246732026143791, 0.2267628205128205]
 recalls [0.2184851694915254, 0.33194444444444443, 0.2532963219986121, 0.2960405156537753, 0.46564885496183206, 0.20816326530612245, 0.3011283497884344, 0.20035885167464115, 0.24390243902439024, 0.3148148148148148, 0.1990968801313629, 0.23937908496732027, 0.2937595129375951, 0.21486928104575165, 0.21634615384615385]
 f1scores [0.0764398400848958, 0.2100905543072073, 0.1883999490705373, 0.2107718879216236, 0.30844444444444447, 0.19610833704932384, 0.21354230960486148, 0.06594742403657458, 0.16989702124114248, 0.22116446141934776, 0.07261507264070338, 0.11852642319231292, 0.1954624740851241, 0.13287695439440095, 0.13982592907350253]
task 16 =>> taskLabels [75, 76, 77, 78, 79]
i am Task IFS
len(X_) 6704 > v_choose 4
len(X_) 4  v_choose 4
len(X_) 8998 > v_choose 5
len(X_) 6  v_choose 5
len(X_) 8997 > v_choose 5
len(X_) 6  v_choose 5
len(X_) 8996 > v_choose 5
len(X_) 6  v_choose 5
len(X_) 281 > v_choose 1
len(X_) 2  v_choose 1
len(X_) 4324 > v_choose 3
len(X_) 4  v_choose 3
len(X_) 299 > v_choose 1
len(X_) 2  v_choose 1
len(X_) 788 > v_choose 1
len(X_) 2  v_choose 1
len(X_) 785 > v_choose 1
len(X_) 2  v_choose 1
len(X_) 285 > v_choose 1
len(X_) 2  v_choose 1
len(X_) 627 > v_choose 1
len(X_) 2  v_choose 1
len(X_) 1707 > v_choose 1
len(X_) 2  v_choose 1
len(X_) 875 > v_choose 1
len(X_) 2  v_choose 1
len(X_) 759 > v_choose 1
len(X_) 2  v_choose 1
len(X_) 8997 > v_choose 5
len(X_) 6  v_choose 5
len(X_) 8992 > v_choose 5
len(X_) 6  v_choose 5
len(X_) 256 > v_choose 1
len(X_) 2  v_choose 1
len(X_) 188 > v_choose 1
len(X_) 2  v_choose 1
len(X_) 1120 > v_choose 1
len(X_) 2  v_choose 1
len(X_) 8994 > v_choose 5
len(X_) 6  v_choose 5
len(X_) 522 > v_choose 1
len(X_) 2  v_choose 1
len(X_) 451 > v_choose 1
len(X_) 2  v_choose 1
len(X_) 292 > v_choose 1
len(X_) 2  v_choose 1
len(X_) 598 > v_choose 1
len(X_) 2  v_choose 1
len(X_) 484 > v_choose 1
len(X_) 2  v_choose 1
len(X_) 494 > v_choose 1
len(X_) 2  v_choose 1
len(X_) 729 > v_choose 1
len(X_) 2  v_choose 1
len(X_) 261 > v_choose 1
len(X_) 2  v_choose 1
len(X_) 240 > v_choose 1
len(X_) 2  v_choose 1
len(X_) 475 > v_choose 1
len(X_) 2  v_choose 1
len(X_) 442 > v_choose 1
len(X_) 2  v_choose 1
len(X_) 8984 > v_choose 5
len(X_) 6  v_choose 5
len(X_) 382 > v_choose 1
len(X_) 2  v_choose 1
len(X_) 2621 > v_choose 2
len(X_) 2  v_choose 2
len(X_) 338 > v_choose 1
len(X_) 2  v_choose 1
len(X_) 228 > v_choose 1
len(X_) 2  v_choose 1
len(X_) 5933 > v_choose 3
len(X_) 4  v_choose 3
len(X_) 2769 > v_choose 2
len(X_) 2  v_choose 2
len(X_) 5743 > v_choose 3
len(X_) 4  v_choose 3
len(X_) 378 > v_choose 1
len(X_) 2  v_choose 1
len(X_) 757 > v_choose 1
len(X_) 2  v_choose 1
len(X_) 228 > v_choose 1
len(X_) 2  v_choose 1
len(X_) 1516 > v_choose 1
len(X_) 2  v_choose 1
len(X_) 1758 > v_choose 1
len(X_) 2  v_choose 1
len(X_) 184 > v_choose 1
len(X_) 2  v_choose 1
len(X_) 816 > v_choose 1
len(X_) 2  v_choose 1
len(X_) 8996 > v_choose 5
len(X_) 6  v_choose 5
len(X_) 393 > v_choose 1
len(X_) 2  v_choose 1
len(X_) 8994 > v_choose 5
len(X_) 6  v_choose 5
len(X_) 8993 > v_choose 5
len(X_) 6  v_choose 5
len(X_) 8988 > v_choose 5
len(X_) 6  v_choose 5
len(X_) 1322 > v_choose 1
len(X_) 2  v_choose 1
len(X_) 958 > v_choose 1
len(X_) 2  v_choose 1
len(X_) 1691 > v_choose 1
len(X_) 2  v_choose 1
len(X_) 8951 > v_choose 5
len(X_) 6  v_choose 5
len(X_) 8988 > v_choose 5
len(X_) 6  v_choose 5
len(X_) 411 > v_choose 1
len(X_) 2  v_choose 1
len(X_) 385 > v_choose 1
len(X_) 2  v_choose 1
len(X_) 803 > v_choose 1
len(X_) 2  v_choose 1
len(X_) 423 > v_choose 1
len(X_) 2  v_choose 1
len(X_) 445 > v_choose 1
len(X_) 2  v_choose 1
len(X_) 214 > v_choose 1
len(X_) 2  v_choose 1
len(X_) 2999 > v_choose 2
len(X_) 2  v_choose 2
len(X_) 400 > v_choose 1
len(X_) 2  v_choose 1
len(X_) 1857 > v_choose 1
len(X_) 2  v_choose 1
len(X_) 6061 > v_choose 4
len(X_) 4  v_choose 4
len(X_) 3242 > v_choose 2
len(X_) 2  v_choose 2
len(X_) 247 > v_choose 1
len(X_) 2  v_choose 1
len(X_) 617 > v_choose 1
len(X_) 2  v_choose 1
len(X_) 851 > v_choose 1
len(X_) 2  v_choose 1
len(X_) 4595 > v_choose 3
len(X_) 4  v_choose 3
len(X_) 1391 > v_choose 1
len(X_) 2  v_choose 1
len(X_) 475 > v_choose 1
len(X_) 2  v_choose 1
len(X_) 509 > v_choose 1
len(X_) 2  v_choose 1
len(X_) 4252 > v_choose 3
len(X_) 4  v_choose 3
=> Acc: 0.349 Precision 0.349 Recall 0.349 F1 0.268 
=> Acc: 0.368 Precision 0.368 Recall 0.368 F1 0.306 
=> Acc: 0.273 Precision 0.273 Recall 0.273 F1 0.242 
=> Acc: 0.296 Precision 0.296 Recall 0.296 F1 0.229 
=> Acc: 0.374 Precision 0.374 Recall 0.374 F1 0.287 
=> Acc: 0.241 Precision 0.241 Recall 0.241 F1 0.176 
=> Acc: 0.242 Precision 0.242 Recall 0.242 F1 0.130 
=> Acc: 0.185 Precision 0.185 Recall 0.185 F1 0.063 
=> Acc: 0.280 Precision 0.280 Recall 0.280 F1 0.216 
=> Acc: 0.345 Precision 0.345 Recall 0.345 F1 0.260 
=> Acc: 0.207 Precision 0.207 Recall 0.207 F1 0.086 
=> Acc: 0.202 Precision 0.202 Recall 0.202 F1 0.080 
=> Acc: 0.262 Precision 0.262 Recall 0.262 F1 0.157 
=> Acc: 0.245 Precision 0.245 Recall 0.245 F1 0.201 
=> Acc: 0.195 Precision 0.195 Recall 0.195 F1 0.104 
=> Acc: 0.137 Precision 0.137 Recall 0.137 F1 0.110 


accs [0.3490466101694915, 0.3680555555555556, 0.2734212352532963, 0.2955801104972376, 0.37404580152671757, 0.24081632653061225, 0.24188998589562766, 0.1854066985645933, 0.2804878048780488, 0.34514687100894, 0.20689655172413793, 0.20179738562091504, 0.2617960426179604, 0.24509803921568626, 0.19471153846153846, 0.13702623906705538]
 precisions [0.352489406779661, 0.3611111111111111, 0.26648160999306036, 0.281767955801105, 0.4198473282442748, 0.23673469387755103, 0.21861777150916784, 0.19617224880382775, 0.2784552845528455, 0.3492975734355045, 0.229064039408867, 0.22058823529411764, 0.2724505327245053, 0.24101307189542484, 0.2219551282051282, 0.12536443148688048]
 recalls [0.3548728813559322, 0.3680555555555556, 0.29562803608605137, 0.27348066298342544, 0.3931297709923664, 0.21224489795918366, 0.2165021156558533, 0.1854066985645933, 0.3170731707317073, 0.3438697318007663, 0.20320197044334976, 0.1895424836601307, 0.2465753424657534, 0.24019607843137256, 0.22756410256410256, 0.14285714285714285]
 f1scores [0.26581581822068767, 0.2855075785131946, 0.2426849899732967, 0.21041899019676177, 0.2977012317170933, 0.16380385113538753, 0.12020807255315318, 0.07315549752294635, 0.2264249789975632, 0.2733513698261364, 0.0773685608693449, 0.08306703913859093, 0.16640373940987438, 0.2023089024999496, 0.11359975058810193, 0.12010027925869508]
task 17 =>> taskLabels [80, 81, 82, 83, 84]
i am Task IFS
len(X_) 6704 > v_choose 4
len(X_) 4  v_choose 4
len(X_) 8998 > v_choose 5
len(X_) 6  v_choose 5
len(X_) 8997 > v_choose 5
len(X_) 6  v_choose 5
len(X_) 8996 > v_choose 5
len(X_) 6  v_choose 5
len(X_) 281 > v_choose 1
len(X_) 2  v_choose 1
len(X_) 4324 > v_choose 3
len(X_) 4  v_choose 3
len(X_) 299 > v_choose 1
len(X_) 2  v_choose 1
len(X_) 788 > v_choose 1
len(X_) 2  v_choose 1
len(X_) 785 > v_choose 1
len(X_) 2  v_choose 1
len(X_) 285 > v_choose 1
len(X_) 2  v_choose 1
len(X_) 627 > v_choose 1
len(X_) 2  v_choose 1
len(X_) 1707 > v_choose 1
len(X_) 2  v_choose 1
len(X_) 875 > v_choose 1
len(X_) 2  v_choose 1
len(X_) 759 > v_choose 1
len(X_) 2  v_choose 1
len(X_) 8997 > v_choose 5
len(X_) 6  v_choose 5
len(X_) 8992 > v_choose 5
len(X_) 6  v_choose 5
len(X_) 256 > v_choose 1
len(X_) 2  v_choose 1
len(X_) 188 > v_choose 1
len(X_) 2  v_choose 1
len(X_) 1120 > v_choose 1
len(X_) 2  v_choose 1
len(X_) 8994 > v_choose 5
len(X_) 6  v_choose 5
len(X_) 522 > v_choose 1
len(X_) 2  v_choose 1
len(X_) 451 > v_choose 1
len(X_) 2  v_choose 1
len(X_) 292 > v_choose 1
len(X_) 2  v_choose 1
len(X_) 598 > v_choose 1
len(X_) 2  v_choose 1
len(X_) 484 > v_choose 1
len(X_) 2  v_choose 1
len(X_) 494 > v_choose 1
len(X_) 2  v_choose 1
len(X_) 729 > v_choose 1
len(X_) 2  v_choose 1
len(X_) 261 > v_choose 1
len(X_) 2  v_choose 1
len(X_) 240 > v_choose 1
len(X_) 2  v_choose 1
len(X_) 475 > v_choose 1
len(X_) 2  v_choose 1
len(X_) 442 > v_choose 1
len(X_) 2  v_choose 1
len(X_) 8984 > v_choose 5
len(X_) 6  v_choose 5
len(X_) 382 > v_choose 1
len(X_) 2  v_choose 1
len(X_) 2621 > v_choose 2
len(X_) 2  v_choose 2
len(X_) 338 > v_choose 1
len(X_) 2  v_choose 1
len(X_) 228 > v_choose 1
len(X_) 2  v_choose 1
len(X_) 5933 > v_choose 3
len(X_) 4  v_choose 3
len(X_) 2769 > v_choose 2
len(X_) 2  v_choose 2
len(X_) 5743 > v_choose 3
len(X_) 4  v_choose 3
len(X_) 378 > v_choose 1
len(X_) 2  v_choose 1
len(X_) 757 > v_choose 1
len(X_) 2  v_choose 1
len(X_) 228 > v_choose 1
len(X_) 2  v_choose 1
len(X_) 1516 > v_choose 1
len(X_) 2  v_choose 1
len(X_) 1758 > v_choose 1
len(X_) 2  v_choose 1
len(X_) 184 > v_choose 1
len(X_) 2  v_choose 1
len(X_) 816 > v_choose 1
len(X_) 2  v_choose 1
len(X_) 8996 > v_choose 5
len(X_) 6  v_choose 5
len(X_) 393 > v_choose 1
len(X_) 2  v_choose 1
len(X_) 8994 > v_choose 5
len(X_) 6  v_choose 5
len(X_) 8993 > v_choose 5
len(X_) 6  v_choose 5
len(X_) 8988 > v_choose 5
len(X_) 6  v_choose 5
len(X_) 1322 > v_choose 1
len(X_) 2  v_choose 1
len(X_) 958 > v_choose 1
len(X_) 2  v_choose 1
len(X_) 1691 > v_choose 1
len(X_) 2  v_choose 1
len(X_) 8951 > v_choose 5
len(X_) 6  v_choose 5
len(X_) 8988 > v_choose 5
len(X_) 6  v_choose 5
len(X_) 411 > v_choose 1
len(X_) 2  v_choose 1
len(X_) 385 > v_choose 1
len(X_) 2  v_choose 1
len(X_) 803 > v_choose 1
len(X_) 2  v_choose 1
len(X_) 423 > v_choose 1
len(X_) 2  v_choose 1
len(X_) 445 > v_choose 1
len(X_) 2  v_choose 1
len(X_) 214 > v_choose 1
len(X_) 2  v_choose 1
len(X_) 2999 > v_choose 2
len(X_) 2  v_choose 2
len(X_) 400 > v_choose 1
len(X_) 2  v_choose 1
len(X_) 1857 > v_choose 1
len(X_) 2  v_choose 1
len(X_) 6061 > v_choose 3
len(X_) 4  v_choose 3
len(X_) 3242 > v_choose 2
len(X_) 2  v_choose 2
len(X_) 247 > v_choose 1
len(X_) 2  v_choose 1
len(X_) 617 > v_choose 1
len(X_) 2  v_choose 1
len(X_) 851 > v_choose 1
len(X_) 2  v_choose 1
len(X_) 4595 > v_choose 3
len(X_) 4  v_choose 3
len(X_) 1391 > v_choose 1
len(X_) 2  v_choose 1
len(X_) 475 > v_choose 1
len(X_) 2  v_choose 1
len(X_) 509 > v_choose 1
len(X_) 2  v_choose 1
len(X_) 4252 > v_choose 3
len(X_) 4  v_choose 3
len(X_) 1395 > v_choose 1
len(X_) 2  v_choose 1
len(X_) 190 > v_choose 1
len(X_) 2  v_choose 1
len(X_) 227 > v_choose 1
len(X_) 2  v_choose 1
len(X_) 1036 > v_choose 1
len(X_) 2  v_choose 1
len(X_) 242 > v_choose 1
len(X_) 2  v_choose 1
=> Acc: 0.356 Precision 0.356 Recall 0.356 F1 0.262 
=> Acc: 0.439 Precision 0.439 Recall 0.439 F1 0.377 
=> Acc: 0.379 Precision 0.379 Recall 0.379 F1 0.320 
=> Acc: 0.390 Precision 0.390 Recall 0.390 F1 0.286 
=> Acc: 0.527 Precision 0.527 Recall 0.527 F1 0.459 
=> Acc: 0.241 Precision 0.241 Recall 0.241 F1 0.189 
=> Acc: 0.382 Precision 0.382 Recall 0.382 F1 0.276 
=> Acc: 0.219 Precision 0.219 Recall 0.219 F1 0.085 
=> Acc: 0.234 Precision 0.234 Recall 0.234 F1 0.170 
=> Acc: 0.294 Precision 0.294 Recall 0.294 F1 0.247 
=> Acc: 0.206 Precision 0.206 Recall 0.206 F1 0.075 
=> Acc: 0.232 Precision 0.232 Recall 0.232 F1 0.119 
=> Acc: 0.210 Precision 0.210 Recall 0.210 F1 0.115 
=> Acc: 0.206 Precision 0.206 Recall 0.206 F1 0.206 
=> Acc: 0.253 Precision 0.253 Recall 0.253 F1 0.190 
=> Acc: 0.122 Precision 0.122 Recall 0.122 F1 0.071 
=> Acc: 0.270 Precision 0.270 Recall 0.270 F1 0.175 


accs [0.3564618644067797, 0.4388888888888889, 0.3789035392088827, 0.38950276243093923, 0.5267175572519084, 0.24081632653061225, 0.3815232722143865, 0.21949760765550239, 0.23373983739837398, 0.2940613026819923, 0.20607553366174056, 0.23202614379084968, 0.2100456621004566, 0.20588235294117646, 0.2532051282051282, 0.12244897959183673, 0.2695139911634757]
 precisions [0.3606991525423729, 0.43333333333333335, 0.3754337265787647, 0.4120626151012891, 0.5229007633587787, 0.24489795918367346, 0.36741889985895626, 0.19736842105263158, 0.26422764227642276, 0.3212005108556833, 0.21018062397372742, 0.21323529411764705, 0.2222222222222222, 0.17565359477124182, 0.24759615384615385, 0.13411078717201166, 0.27835051546391754]
 recalls [0.3516949152542373, 0.45694444444444443, 0.39208882720333105, 0.3747697974217311, 0.5572519083969466, 0.2938775510204082, 0.3906911142454161, 0.20454545454545456, 0.2540650406504065, 0.31353767560664114, 0.19170771756978652, 0.2361111111111111, 0.1872146118721461, 0.19117647058823528, 0.2692307692307692, 0.18075801749271136, 0.25699558173784975]
 f1scores [0.26603226764711385, 0.37116793692872724, 0.33217744477436856, 0.2716996777704488, 0.48954105640714013, 0.20334196831932294, 0.27506561772066707, 0.07318940060404679, 0.17010155239162875, 0.24708064223556972, 0.0803986192145122, 0.12470884191451463, 0.1270274029767701, 0.17223257779216233, 0.17876726101070708, 0.1009086455144224, 0.1842296668443403]
task 18 =>> taskLabels [85, 86, 87, 88, 89]
i am Task IFS
len(X_) 6704 > v_choose 4
len(X_) 4  v_choose 4
len(X_) 8998 > v_choose 5
len(X_) 6  v_choose 5
len(X_) 8997 > v_choose 5
len(X_) 6  v_choose 5
len(X_) 8996 > v_choose 5
len(X_) 6  v_choose 5
len(X_) 281 > v_choose 1
len(X_) 2  v_choose 1
len(X_) 4324 > v_choose 3
len(X_) 4  v_choose 3
len(X_) 299 > v_choose 1
len(X_) 2  v_choose 1
len(X_) 788 > v_choose 1
len(X_) 2  v_choose 1
len(X_) 785 > v_choose 1
len(X_) 2  v_choose 1
len(X_) 285 > v_choose 1
len(X_) 2  v_choose 1
len(X_) 627 > v_choose 1
len(X_) 2  v_choose 1
len(X_) 1707 > v_choose 1
len(X_) 2  v_choose 1
len(X_) 875 > v_choose 1
len(X_) 2  v_choose 1
len(X_) 759 > v_choose 1
len(X_) 2  v_choose 1
len(X_) 8997 > v_choose 5
len(X_) 6  v_choose 5
len(X_) 8992 > v_choose 5
len(X_) 6  v_choose 5
len(X_) 256 > v_choose 1
len(X_) 2  v_choose 1
len(X_) 188 > v_choose 1
len(X_) 2  v_choose 1
len(X_) 1120 > v_choose 1
len(X_) 2  v_choose 1
len(X_) 8994 > v_choose 5
len(X_) 6  v_choose 5
len(X_) 522 > v_choose 1
len(X_) 2  v_choose 1
len(X_) 451 > v_choose 1
len(X_) 2  v_choose 1
len(X_) 292 > v_choose 1
len(X_) 2  v_choose 1
len(X_) 598 > v_choose 1
len(X_) 2  v_choose 1
len(X_) 484 > v_choose 1
len(X_) 2  v_choose 1
len(X_) 494 > v_choose 1
len(X_) 2  v_choose 1
len(X_) 729 > v_choose 1
len(X_) 2  v_choose 1
len(X_) 261 > v_choose 1
len(X_) 2  v_choose 1
len(X_) 240 > v_choose 1
len(X_) 2  v_choose 1
len(X_) 475 > v_choose 1
len(X_) 2  v_choose 1
len(X_) 442 > v_choose 1
len(X_) 2  v_choose 1
len(X_) 8984 > v_choose 5
len(X_) 6  v_choose 5
len(X_) 382 > v_choose 1
len(X_) 2  v_choose 1
len(X_) 2621 > v_choose 2
len(X_) 2  v_choose 2
len(X_) 338 > v_choose 1
len(X_) 2  v_choose 1
len(X_) 228 > v_choose 1
len(X_) 2  v_choose 1
len(X_) 5933 > v_choose 3
len(X_) 4  v_choose 3
len(X_) 2769 > v_choose 2
len(X_) 2  v_choose 2
len(X_) 5743 > v_choose 3
len(X_) 4  v_choose 3
len(X_) 378 > v_choose 1
len(X_) 2  v_choose 1
len(X_) 757 > v_choose 1
len(X_) 2  v_choose 1
len(X_) 228 > v_choose 1
len(X_) 2  v_choose 1
len(X_) 1516 > v_choose 1
len(X_) 2  v_choose 1
len(X_) 1758 > v_choose 1
len(X_) 2  v_choose 1
len(X_) 184 > v_choose 1
len(X_) 2  v_choose 1
len(X_) 816 > v_choose 1
len(X_) 2  v_choose 1
len(X_) 8996 > v_choose 5
len(X_) 6  v_choose 5
len(X_) 393 > v_choose 1
len(X_) 2  v_choose 1
len(X_) 8994 > v_choose 5
len(X_) 6  v_choose 5
len(X_) 8993 > v_choose 5
len(X_) 6  v_choose 5
len(X_) 8988 > v_choose 5
len(X_) 6  v_choose 5
len(X_) 1322 > v_choose 1
len(X_) 2  v_choose 1
len(X_) 958 > v_choose 1
len(X_) 2  v_choose 1
len(X_) 1691 > v_choose 1
len(X_) 2  v_choose 1
len(X_) 8951 > v_choose 5
len(X_) 6  v_choose 5
len(X_) 8988 > v_choose 5
len(X_) 6  v_choose 5
len(X_) 411 > v_choose 1
len(X_) 2  v_choose 1
len(X_) 385 > v_choose 1
len(X_) 2  v_choose 1
len(X_) 803 > v_choose 1
len(X_) 2  v_choose 1
len(X_) 423 > v_choose 1
len(X_) 2  v_choose 1
len(X_) 445 > v_choose 1
len(X_) 2  v_choose 1
len(X_) 214 > v_choose 1
len(X_) 2  v_choose 1
len(X_) 2999 > v_choose 2
len(X_) 2  v_choose 2
len(X_) 400 > v_choose 1
len(X_) 2  v_choose 1
len(X_) 1857 > v_choose 1
len(X_) 2  v_choose 1
len(X_) 6061 > v_choose 3
len(X_) 4  v_choose 3
len(X_) 3242 > v_choose 2
len(X_) 2  v_choose 2
len(X_) 247 > v_choose 1
len(X_) 2  v_choose 1
len(X_) 617 > v_choose 1
len(X_) 2  v_choose 1
len(X_) 851 > v_choose 1
len(X_) 2  v_choose 1
len(X_) 4595 > v_choose 3
len(X_) 4  v_choose 3
len(X_) 1391 > v_choose 1
len(X_) 2  v_choose 1
len(X_) 475 > v_choose 1
len(X_) 2  v_choose 1
len(X_) 509 > v_choose 1
len(X_) 2  v_choose 1
len(X_) 4252 > v_choose 2
len(X_) 2  v_choose 2
len(X_) 1395 > v_choose 1
len(X_) 2  v_choose 1
len(X_) 190 > v_choose 1
len(X_) 2  v_choose 1
len(X_) 227 > v_choose 1
len(X_) 2  v_choose 1
len(X_) 1036 > v_choose 1
len(X_) 2  v_choose 1
len(X_) 242 > v_choose 1
len(X_) 2  v_choose 1
len(X_) 233 > v_choose 1
len(X_) 2  v_choose 1
len(X_) 9000 > v_choose 5
len(X_) 6  v_choose 5
len(X_) 1562 > v_choose 1
len(X_) 2  v_choose 1
len(X_) 204 > v_choose 1
len(X_) 2  v_choose 1
len(X_) 1220 > v_choose 1
len(X_) 2  v_choose 1
=> Acc: 0.395 Precision 0.395 Recall 0.395 F1 0.293 
=> Acc: 0.401 Precision 0.401 Recall 0.401 F1 0.398 
=> Acc: 0.409 Precision 0.409 Recall 0.409 F1 0.354 
=> Acc: 0.422 Precision 0.422 Recall 0.422 F1 0.335 
=> Acc: 0.615 Precision 0.615 Recall 0.615 F1 0.558 
=> Acc: 0.310 Precision 0.310 Recall 0.310 F1 0.279 
=> Acc: 0.327 Precision 0.327 Recall 0.327 F1 0.275 
=> Acc: 0.211 Precision 0.211 Recall 0.211 F1 0.083 
=> Acc: 0.262 Precision 0.262 Recall 0.262 F1 0.136 
=> Acc: 0.229 Precision 0.229 Recall 0.229 F1 0.162 
=> Acc: 0.245 Precision 0.245 Recall 0.245 F1 0.128 
=> Acc: 0.212 Precision 0.212 Recall 0.212 F1 0.117 
=> Acc: 0.253 Precision 0.253 Recall 0.253 F1 0.135 
=> Acc: 0.232 Precision 0.232 Recall 0.232 F1 0.206 
=> Acc: 0.260 Precision 0.260 Recall 0.260 F1 0.172 
=> Acc: 0.184 Precision 0.184 Recall 0.184 F1 0.134 
=> Acc: 0.253 Precision 0.253 Recall 0.253 F1 0.171 
=> Acc: 0.211 Precision 0.211 Recall 0.211 F1 0.145 


accs [0.3948622881355932, 0.4013888888888889, 0.4087439278278973, 0.4221915285451197, 0.6145038167938931, 0.31020408163265306, 0.32722143864598024, 0.21052631578947367, 0.2621951219512195, 0.2289272030651341, 0.24507389162561577, 0.21160130718954248, 0.2526636225266362, 0.23202614379084968, 0.2604166666666667, 0.1836734693877551, 0.25257731958762886, 0.21144967682363805]
 precisions [0.3866525423728814, 0.4375, 0.40180430256766136, 0.4148250460405157, 0.7061068702290076, 0.2571428571428571, 0.29901269393511987, 0.21411483253588517, 0.21341463414634146, 0.24936143039591316, 0.2376847290640394, 0.2181372549019608, 0.213089802130898, 0.25326797385620914, 0.2620192307692308, 0.17784256559766765, 0.2709867452135493, 0.20544783010156972]
 recalls [0.3943326271186441, 0.43194444444444446, 0.41845940319222763, 0.4189686924493554, 0.6221374045801527, 0.27346938775510204, 0.3342736248236953, 0.21650717703349281, 0.23577235772357724, 0.24042145593869732, 0.23522167487684728, 0.21486928104575165, 0.2009132420091324, 0.22058823529411764, 0.25240384615384615, 0.1661807580174927, 0.2776141384388807, 0.19990766389658357]
 f1scores [0.2940731974511014, 0.4139435943646251, 0.33847153169939026, 0.32119188507513535, 0.5808959953903775, 0.2667911397540366, 0.2629195702256638, 0.07045143478133169, 0.11625384490853166, 0.1610857532824343, 0.12161025103826413, 0.11136861313868614, 0.11246387588514643, 0.20790502340139336, 0.18571059911639623, 0.09957774269928965, 0.17782233222638194, 0.14955143426110012]
task 19 =>> taskLabels [90, 91, 92, 93, 94]
i am Task IFS
len(X_) 6704 > v_choose 3
len(X_) 4  v_choose 3
len(X_) 8998 > v_choose 4
len(X_) 4  v_choose 4
len(X_) 8997 > v_choose 4
len(X_) 4  v_choose 4
len(X_) 8996 > v_choose 4
len(X_) 4  v_choose 4
len(X_) 281 > v_choose 1
len(X_) 2  v_choose 1
len(X_) 4324 > v_choose 2
len(X_) 2  v_choose 2
len(X_) 299 > v_choose 1
len(X_) 2  v_choose 1
len(X_) 788 > v_choose 1
len(X_) 2  v_choose 1
len(X_) 785 > v_choose 1
len(X_) 2  v_choose 1
len(X_) 285 > v_choose 1
len(X_) 2  v_choose 1
len(X_) 627 > v_choose 1
len(X_) 2  v_choose 1
len(X_) 1707 > v_choose 1
len(X_) 2  v_choose 1
len(X_) 875 > v_choose 1
len(X_) 2  v_choose 1
len(X_) 759 > v_choose 1
len(X_) 2  v_choose 1
len(X_) 8997 > v_choose 4
len(X_) 4  v_choose 4
len(X_) 8992 > v_choose 4
len(X_) 4  v_choose 4
len(X_) 256 > v_choose 1
len(X_) 2  v_choose 1
len(X_) 188 > v_choose 1
len(X_) 2  v_choose 1
len(X_) 1120 > v_choose 1
len(X_) 2  v_choose 1
len(X_) 8994 > v_choose 4
len(X_) 4  v_choose 4
len(X_) 522 > v_choose 1
len(X_) 2  v_choose 1
len(X_) 451 > v_choose 1
len(X_) 2  v_choose 1
len(X_) 292 > v_choose 1
len(X_) 2  v_choose 1
len(X_) 598 > v_choose 1
len(X_) 2  v_choose 1
len(X_) 484 > v_choose 1
len(X_) 2  v_choose 1
len(X_) 494 > v_choose 1
len(X_) 2  v_choose 1
len(X_) 729 > v_choose 1
len(X_) 2  v_choose 1
len(X_) 261 > v_choose 1
len(X_) 2  v_choose 1
len(X_) 240 > v_choose 1
len(X_) 2  v_choose 1
len(X_) 475 > v_choose 1
len(X_) 2  v_choose 1
len(X_) 442 > v_choose 1
len(X_) 2  v_choose 1
len(X_) 8984 > v_choose 4
len(X_) 4  v_choose 4
len(X_) 382 > v_choose 1
len(X_) 2  v_choose 1
len(X_) 2621 > v_choose 2
len(X_) 2  v_choose 2
len(X_) 338 > v_choose 1
len(X_) 2  v_choose 1
len(X_) 228 > v_choose 1
len(X_) 2  v_choose 1
len(X_) 5933 > v_choose 3
len(X_) 4  v_choose 3
len(X_) 2769 > v_choose 2
len(X_) 2  v_choose 2
len(X_) 5743 > v_choose 3
len(X_) 4  v_choose 3
len(X_) 378 > v_choose 1
len(X_) 2  v_choose 1
len(X_) 757 > v_choose 1
len(X_) 2  v_choose 1
len(X_) 228 > v_choose 1
len(X_) 2  v_choose 1
len(X_) 1516 > v_choose 1
len(X_) 2  v_choose 1
len(X_) 1758 > v_choose 1
len(X_) 2  v_choose 1
len(X_) 184 > v_choose 1
len(X_) 2  v_choose 1
len(X_) 816 > v_choose 1
len(X_) 2  v_choose 1
len(X_) 8996 > v_choose 4
len(X_) 4  v_choose 4
len(X_) 393 > v_choose 1
len(X_) 2  v_choose 1
len(X_) 8994 > v_choose 4
len(X_) 4  v_choose 4
len(X_) 8993 > v_choose 4
len(X_) 4  v_choose 4
len(X_) 8988 > v_choose 4
len(X_) 4  v_choose 4
len(X_) 1322 > v_choose 1
len(X_) 2  v_choose 1
len(X_) 958 > v_choose 1
len(X_) 2  v_choose 1
len(X_) 1691 > v_choose 1
len(X_) 2  v_choose 1
len(X_) 8951 > v_choose 4
len(X_) 4  v_choose 4
len(X_) 8988 > v_choose 4
len(X_) 4  v_choose 4
len(X_) 411 > v_choose 1
len(X_) 2  v_choose 1
len(X_) 385 > v_choose 1
len(X_) 2  v_choose 1
len(X_) 803 > v_choose 1
len(X_) 2  v_choose 1
len(X_) 423 > v_choose 1
len(X_) 2  v_choose 1
len(X_) 445 > v_choose 1
len(X_) 2  v_choose 1
len(X_) 214 > v_choose 1
len(X_) 2  v_choose 1
len(X_) 2999 > v_choose 2
len(X_) 2  v_choose 2
len(X_) 400 > v_choose 1
len(X_) 2  v_choose 1
len(X_) 1857 > v_choose 1
len(X_) 2  v_choose 1
len(X_) 6061 > v_choose 3
len(X_) 4  v_choose 3
len(X_) 3242 > v_choose 2
len(X_) 2  v_choose 2
len(X_) 247 > v_choose 1
len(X_) 2  v_choose 1
len(X_) 617 > v_choose 1
len(X_) 2  v_choose 1
len(X_) 851 > v_choose 1
len(X_) 2  v_choose 1
len(X_) 4595 > v_choose 2
len(X_) 2  v_choose 2
len(X_) 1391 > v_choose 1
len(X_) 2  v_choose 1
len(X_) 475 > v_choose 1
len(X_) 2  v_choose 1
len(X_) 509 > v_choose 1
len(X_) 2  v_choose 1
len(X_) 4252 > v_choose 2
len(X_) 2  v_choose 2
len(X_) 1395 > v_choose 1
len(X_) 2  v_choose 1
len(X_) 190 > v_choose 1
len(X_) 2  v_choose 1
len(X_) 227 > v_choose 1
len(X_) 2  v_choose 1
len(X_) 1036 > v_choose 1
len(X_) 2  v_choose 1
len(X_) 242 > v_choose 1
len(X_) 2  v_choose 1
len(X_) 233 > v_choose 1
len(X_) 2  v_choose 1
len(X_) 9000 > v_choose 4
len(X_) 4  v_choose 4
len(X_) 1562 > v_choose 1
len(X_) 2  v_choose 1
len(X_) 204 > v_choose 1
len(X_) 2  v_choose 1
len(X_) 1220 > v_choose 1
len(X_) 2  v_choose 1
len(X_) 536 > v_choose 1
len(X_) 2  v_choose 1
len(X_) 8968 > v_choose 4
len(X_) 4  v_choose 4
len(X_) 476 > v_choose 1
len(X_) 2  v_choose 1
len(X_) 7178 > v_choose 4
len(X_) 4  v_choose 4
len(X_) 2339 > v_choose 2
len(X_) 2  v_choose 2
=> Acc: 0.401 Precision 0.401 Recall 0.401 F1 0.321 
=> Acc: 0.347 Precision 0.347 Recall 0.347 F1 0.281 
=> Acc: 0.421 Precision 0.421 Recall 0.421 F1 0.378 
=> Acc: 0.345 Precision 0.345 Recall 0.345 F1 0.273 
=> Acc: 0.626 Precision 0.626 Recall 0.626 F1 0.573 
=> Acc: 0.278 Precision 0.278 Recall 0.278 F1 0.232 
=> Acc: 0.358 Precision 0.358 Recall 0.358 F1 0.286 
=> Acc: 0.209 Precision 0.209 Recall 0.209 F1 0.114 
=> Acc: 0.262 Precision 0.262 Recall 0.262 F1 0.165 
=> Acc: 0.392 Precision 0.392 Recall 0.392 F1 0.329 
=> Acc: 0.209 Precision 0.209 Recall 0.209 F1 0.121 
=> Acc: 0.214 Precision 0.214 Recall 0.214 F1 0.094 
=> Acc: 0.233 Precision 0.233 Recall 0.233 F1 0.135 
=> Acc: 0.327 Precision 0.327 Recall 0.327 F1 0.321 
=> Acc: 0.243 Precision 0.243 Recall 0.243 F1 0.143 
=> Acc: 0.210 Precision 0.210 Recall 0.210 F1 0.138 
=> Acc: 0.267 Precision 0.267 Recall 0.267 F1 0.172 
=> Acc: 0.230 Precision 0.230 Recall 0.230 F1 0.139 
=> Acc: 0.187 Precision 0.187 Recall 0.187 F1 0.064 


accs [0.4009533898305085, 0.3472222222222222, 0.4205412907702984, 0.3453038674033149, 0.6259541984732825, 0.27755102040816326, 0.35754583921015515, 0.20873205741626794, 0.2621951219512195, 0.39240102171136654, 0.20935960591133004, 0.21405228758169934, 0.2328767123287671, 0.32679738562091504, 0.24278846153846154, 0.2099125364431487, 0.2665684830633284, 0.23037857802400738, 0.1867145421903052]
 precisions [0.3988347457627119, 0.34305555555555556, 0.421235253296322, 0.3351749539594843, 0.6221374045801527, 0.2816326530612245, 0.34062059238363895, 0.2284688995215311, 0.2601626016260163, 0.37292464878671777, 0.21880131362889985, 0.21241830065359477, 0.2420091324200913, 0.34068627450980393, 0.23958333333333334, 0.17201166180758018, 0.280559646539028, 0.2516158818097876, 0.1992818671454219]
 recalls [0.3990995762711864, 0.36527777777777776, 0.39000693962526023, 0.3268876611418048, 0.6106870229007634, 0.2530612244897959, 0.3321579689703808, 0.2075358851674641, 0.25609756097560976, 0.3879310344827586, 0.2319376026272578, 0.21323529411764705, 0.228310502283105, 0.30637254901960786, 0.22916666666666666, 0.20116618075801748, 0.28939617083946984, 0.22022160664819945, 0.20287253141831238]
 f1scores [0.3044912251086096, 0.28552325414698293, 0.37355656011695537, 0.2664130956105988, 0.5998998757018559, 0.2350227169741565, 0.2746634942069077, 0.13470708832116116, 0.17364386438643864, 0.3216002533497503, 0.1273364127599298, 0.08651679278154559, 0.12145534550195566, 0.3242886968787221, 0.14293611762214975, 0.1054755865635056, 0.1812507984861532, 0.13459943766717428, 0.06594761171032358]
task 20 =>> taskLabels [95, 96, 97, 98, 99]
i am Task IFS
len(X_) 6704 > v_choose 3
len(X_) 4  v_choose 3
len(X_) 8998 > v_choose 4
len(X_) 4  v_choose 4
len(X_) 8997 > v_choose 4
len(X_) 4  v_choose 4
len(X_) 8996 > v_choose 4
len(X_) 4  v_choose 4
len(X_) 281 > v_choose 1
len(X_) 2  v_choose 1
len(X_) 4324 > v_choose 2
len(X_) 2  v_choose 2
len(X_) 299 > v_choose 1
len(X_) 2  v_choose 1
len(X_) 788 > v_choose 1
len(X_) 2  v_choose 1
len(X_) 785 > v_choose 1
len(X_) 2  v_choose 1
len(X_) 285 > v_choose 1
len(X_) 2  v_choose 1
len(X_) 627 > v_choose 1
len(X_) 2  v_choose 1
len(X_) 1707 > v_choose 1
len(X_) 2  v_choose 1
len(X_) 875 > v_choose 1
len(X_) 2  v_choose 1
len(X_) 759 > v_choose 1
len(X_) 2  v_choose 1
len(X_) 8997 > v_choose 4
len(X_) 4  v_choose 4
len(X_) 8992 > v_choose 4
len(X_) 4  v_choose 4
len(X_) 256 > v_choose 1
len(X_) 2  v_choose 1
len(X_) 188 > v_choose 1
len(X_) 2  v_choose 1
len(X_) 1120 > v_choose 1
len(X_) 2  v_choose 1
len(X_) 8994 > v_choose 4
len(X_) 4  v_choose 4
len(X_) 522 > v_choose 1
len(X_) 2  v_choose 1
len(X_) 451 > v_choose 1
len(X_) 2  v_choose 1
len(X_) 292 > v_choose 1
len(X_) 2  v_choose 1
len(X_) 598 > v_choose 1
len(X_) 2  v_choose 1
len(X_) 484 > v_choose 1
len(X_) 2  v_choose 1
len(X_) 494 > v_choose 1
len(X_) 2  v_choose 1
len(X_) 729 > v_choose 1
len(X_) 2  v_choose 1
len(X_) 261 > v_choose 1
len(X_) 2  v_choose 1
len(X_) 240 > v_choose 1
len(X_) 2  v_choose 1
len(X_) 475 > v_choose 1
len(X_) 2  v_choose 1
len(X_) 442 > v_choose 1
len(X_) 2  v_choose 1
len(X_) 8984 > v_choose 4
len(X_) 4  v_choose 4
len(X_) 382 > v_choose 1
len(X_) 2  v_choose 1
len(X_) 2621 > v_choose 2
len(X_) 2  v_choose 2
len(X_) 338 > v_choose 1
len(X_) 2  v_choose 1
len(X_) 228 > v_choose 1
len(X_) 2  v_choose 1
len(X_) 5933 > v_choose 3
len(X_) 4  v_choose 3
len(X_) 2769 > v_choose 2
len(X_) 2  v_choose 2
len(X_) 5743 > v_choose 3
len(X_) 4  v_choose 3
len(X_) 378 > v_choose 1
len(X_) 2  v_choose 1
len(X_) 757 > v_choose 1
len(X_) 2  v_choose 1
len(X_) 228 > v_choose 1
len(X_) 2  v_choose 1
len(X_) 1516 > v_choose 1
len(X_) 2  v_choose 1
len(X_) 1758 > v_choose 1
len(X_) 2  v_choose 1
len(X_) 184 > v_choose 1
len(X_) 2  v_choose 1
len(X_) 816 > v_choose 1
len(X_) 2  v_choose 1
len(X_) 8996 > v_choose 4
len(X_) 4  v_choose 4
len(X_) 393 > v_choose 1
len(X_) 2  v_choose 1
len(X_) 8994 > v_choose 4
len(X_) 4  v_choose 4
len(X_) 8993 > v_choose 4
len(X_) 4  v_choose 4
len(X_) 8988 > v_choose 4
len(X_) 4  v_choose 4
len(X_) 1322 > v_choose 1
len(X_) 2  v_choose 1
len(X_) 958 > v_choose 1
len(X_) 2  v_choose 1
len(X_) 1691 > v_choose 1
len(X_) 2  v_choose 1
len(X_) 8951 > v_choose 4
len(X_) 4  v_choose 4
len(X_) 8988 > v_choose 4
len(X_) 4  v_choose 4
len(X_) 411 > v_choose 1
len(X_) 2  v_choose 1
len(X_) 385 > v_choose 1
len(X_) 2  v_choose 1
len(X_) 803 > v_choose 1
len(X_) 2  v_choose 1
len(X_) 423 > v_choose 1
len(X_) 2  v_choose 1
len(X_) 445 > v_choose 1
len(X_) 2  v_choose 1
len(X_) 214 > v_choose 1
len(X_) 2  v_choose 1
len(X_) 2999 > v_choose 2
len(X_) 2  v_choose 2
len(X_) 400 > v_choose 1
len(X_) 2  v_choose 1
len(X_) 1857 > v_choose 1
len(X_) 2  v_choose 1
len(X_) 6061 > v_choose 3
len(X_) 4  v_choose 3
len(X_) 3242 > v_choose 2
len(X_) 2  v_choose 2
len(X_) 247 > v_choose 1
len(X_) 2  v_choose 1
len(X_) 617 > v_choose 1
len(X_) 2  v_choose 1
len(X_) 851 > v_choose 1
len(X_) 2  v_choose 1
len(X_) 4595 > v_choose 2
len(X_) 2  v_choose 2
len(X_) 1391 > v_choose 1
len(X_) 2  v_choose 1
len(X_) 475 > v_choose 1
len(X_) 2  v_choose 1
len(X_) 509 > v_choose 1
len(X_) 2  v_choose 1
len(X_) 4252 > v_choose 2
len(X_) 2  v_choose 2
len(X_) 1395 > v_choose 1
len(X_) 2  v_choose 1
len(X_) 190 > v_choose 1
len(X_) 2  v_choose 1
len(X_) 227 > v_choose 1
len(X_) 2  v_choose 1
len(X_) 1036 > v_choose 1
len(X_) 2  v_choose 1
len(X_) 242 > v_choose 1
len(X_) 2  v_choose 1
len(X_) 233 > v_choose 1
len(X_) 2  v_choose 1
len(X_) 9000 > v_choose 4
len(X_) 4  v_choose 4
len(X_) 1562 > v_choose 1
len(X_) 2  v_choose 1
len(X_) 204 > v_choose 1
len(X_) 2  v_choose 1
len(X_) 1220 > v_choose 1
len(X_) 2  v_choose 1
len(X_) 536 > v_choose 1
len(X_) 2  v_choose 1
len(X_) 8968 > v_choose 4
len(X_) 4  v_choose 4
len(X_) 476 > v_choose 1
len(X_) 2  v_choose 1
len(X_) 7178 > v_choose 4
len(X_) 4  v_choose 4
len(X_) 2339 > v_choose 1
len(X_) 2  v_choose 1
len(X_) 831 > v_choose 1
len(X_) 2  v_choose 1
len(X_) 346 > v_choose 1
len(X_) 2  v_choose 1
len(X_) 3030 > v_choose 2
len(X_) 2  v_choose 2
len(X_) 595 > v_choose 1
len(X_) 2  v_choose 1
len(X_) 216 > v_choose 1
len(X_) 2  v_choose 1
=> Acc: 0.380 Precision 0.380 Recall 0.380 F1 0.309 
=> Acc: 0.469 Precision 0.469 Recall 0.469 F1 0.406 
=> Acc: 0.323 Precision 0.323 Recall 0.323 F1 0.281 
=> Acc: 0.344 Precision 0.344 Recall 0.344 F1 0.257 
=> Acc: 0.653 Precision 0.653 Recall 0.653 F1 0.576 
=> Acc: 0.269 Precision 0.269 Recall 0.269 F1 0.235 
=> Acc: 0.323 Precision 0.323 Recall 0.323 F1 0.247 
=> Acc: 0.184 Precision 0.184 Recall 0.184 F1 0.071 
=> Acc: 0.252 Precision 0.252 Recall 0.252 F1 0.138 
=> Acc: 0.393 Precision 0.393 Recall 0.393 F1 0.335 
=> Acc: 0.203 Precision 0.203 Recall 0.203 F1 0.102 
=> Acc: 0.227 Precision 0.227 Recall 0.227 F1 0.125 
=> Acc: 0.227 Precision 0.227 Recall 0.227 F1 0.112 
=> Acc: 0.243 Precision 0.243 Recall 0.243 F1 0.232 
=> Acc: 0.325 Precision 0.325 Recall 0.325 F1 0.237 
=> Acc: 0.172 Precision 0.172 Recall 0.172 F1 0.107 
=> Acc: 0.278 Precision 0.278 Recall 0.278 F1 0.159 
=> Acc: 0.271 Precision 0.271 Recall 0.271 F1 0.178 
=> Acc: 0.181 Precision 0.181 Recall 0.181 F1 0.062 
=> Acc: 0.225 Precision 0.225 Recall 0.225 F1 0.134 


accs [0.3802966101694915, 0.46944444444444444, 0.32338653712699517, 0.34392265193370164, 0.6526717557251909, 0.2693877551020408, 0.3229901269393512, 0.18361244019138756, 0.25203252032520324, 0.3933588761174968, 0.20320197044334976, 0.22712418300653595, 0.2267884322678843, 0.2434640522875817, 0.3245192307692308, 0.17201166180758018, 0.27835051546391754, 0.27146814404432135, 0.1813285457809695, 0.2251984126984127]
 precisions [0.4028072033898305, 0.4513888888888889, 0.3511450381679389, 0.3425414364640884, 0.6183206106870229, 0.30612244897959184, 0.3392101551480959, 0.180622009569378, 0.258130081300813, 0.38537675606641125, 0.22167487684729065, 0.21568627450980393, 0.1993911719939117, 0.2295751633986928, 0.28926282051282054, 0.119533527696793, 0.2702503681885125, 0.3033240997229917, 0.19748653500897667, 0.21825396825396826]
 recalls [0.3903601694915254, 0.4152777777777778, 0.3511450381679389, 0.34392265193370164, 0.6183206106870229, 0.2979591836734694, 0.3251057827926657, 0.21889952153110048, 0.23983739837398374, 0.37420178799489145, 0.24178981937602628, 0.2361111111111111, 0.2115677321156773, 0.22875816993464052, 0.3213141025641026, 0.15451895043731778, 0.2658321060382916, 0.2807017543859649, 0.20646319569120286, 0.20982142857142858]
 f1scores [0.323043050288801, 0.40585273195650673, 0.278645805842652, 0.2689626884884367, 0.5365839076178058, 0.24373909396831245, 0.22443932479838571, 0.07641710292312702, 0.14023744292237444, 0.3254867365757385, 0.11014323432028472, 0.1325098492749141, 0.10553626543209878, 0.2373280493022512, 0.2377521541273453, 0.09661318366897767, 0.15576357942249958, 0.20048100732494092, 0.06666666666666667, 0.1459256477926574]
done w/ time
All done
