Current date and time 
##### START task 10000 ifs #####
Start w/ time
CUDA is used

Preparing the data...
 Training data X (257023, 2439) Y (257023,)
 Test data X (28559, 2439) Y (28559,)

Parameter-stamp...
 --> task:          AZ_Task20-task
 --> model:         ember_MLP
 --> hyper-params:  i10000-lr0.001-b256-sgd
AZ_Task20-task--ember_MLP--i10000-lr0.001-b256-sgd--

----------------------------------------MAIN MODEL----------------------------------------
Classifier(
  (flatten): Flatten()
  (fcE): AZ_MLP_Net(
    (fc0): Linear(in_features=2439, out_features=2048, bias=True)
    (fc0_bn): BatchNorm1d(2048, eps=1e-05, momentum=0.1, affine=True, track_running_stats=True)
    (act0): ReLU()
    (fc0_drop): Dropout(p=0.5, inplace=False)
    (fc1): Linear(in_features=2048, out_features=1024, bias=True)
    (fc1_bn): BatchNorm1d(1024, eps=1e-05, momentum=0.1, affine=True, track_running_stats=True)
    (act1): ReLU()
    (fc1_drop): Dropout(p=0.5, inplace=False)
    (fc2): Linear(in_features=1024, out_features=512, bias=True)
    (fc2_bn): BatchNorm1d(512, eps=1e-05, momentum=0.1, affine=True, track_running_stats=True)
    (act2): ReLU()
    (fc2_drop): Dropout(p=0.5, inplace=False)
    (fc3): Linear(in_features=512, out_features=256, bias=True)
    (fc3_bn): BatchNorm1d(256, eps=1e-05, momentum=0.1, affine=True, track_running_stats=True)
    (act3): ReLU()
    (fc3_drop): Dropout(p=0.5, inplace=False)
    (fc4): Linear(in_features=256, out_features=128, bias=True)
    (fc4_bn): BatchNorm1d(128, eps=1e-05, momentum=0.1, affine=True, track_running_stats=True)
    (act4): ReLU()
    (fc4_drop): Dropout(p=0.5, inplace=False)
  )
  (classifier): AZ_Classifier(
    (fc_last): Linear(in_features=128, out_features=100, bias=True)
  )
)
------------------------------------------------------------------------------------------
--> this network has 7805156 parameters (~7.8 million)
      of which: - learnable: 7805156 (~7.8 million)
                - fixed: 0 (~0.0 million)
------------------------------------------------------------------------------------------

Training...
task 1 =>> taskLabels [0, 1, 2, 3, 4]
=> Acc: 0.998 Precision 0.998 Recall 0.998 F1 0.998 


accs [0.9978902953586498]
 precisions [1.0]
 recalls [0.9978902953586498]
 f1scores [0.9957642312864188]
task 2 =>> taskLabels [5, 6, 7, 8, 9]
i am Task IFS
len(X_) 346 > v_choose 9
len(X_) 10  v_choose 9
len(X_) 788 > v_choose 19
len(X_) 20  v_choose 19
len(X_) 2339 > v_choose 55
len(X_) 56  v_choose 55
len(X_) 188 > v_choose 5
len(X_) 6  v_choose 5
len(X_) 598 > v_choose 15
len(X_) 16  v_choose 15
=> Acc: 0.979 Precision 0.979 Recall 0.979 F1 0.979 
=> Acc: 1.000 Precision 1.000 Recall 1.000 F1 1.000 


accs [0.9789029535864979, 1.0]
 precisions [0.9810126582278481, 1.0]
 recalls [0.9767932489451476, 0.9991896272285251]
 f1scores [0.9853272148256785, 1.0]
task 3 =>> taskLabels [10, 11, 12, 13, 14]
i am Task IFS
len(X_) 346 > v_choose 3
len(X_) 4  v_choose 3
len(X_) 788 > v_choose 6
len(X_) 6  v_choose 6
len(X_) 2339 > v_choose 16
len(X_) 16  v_choose 16
len(X_) 188 > v_choose 2
len(X_) 2  v_choose 2
len(X_) 598 > v_choose 4
len(X_) 4  v_choose 4
len(X_) 227 > v_choose 2
len(X_) 2  v_choose 2
len(X_) 1120 > v_choose 8
len(X_) 8  v_choose 8
len(X_) 8993 > v_choose 59
len(X_) 60  v_choose 59
len(X_) 261 > v_choose 2
len(X_) 2  v_choose 2
len(X_) 509 > v_choose 4
len(X_) 4  v_choose 4
=> Acc: 0.970 Precision 0.970 Recall 0.970 F1 0.970 
=> Acc: 0.902 Precision 0.902 Recall 0.902 F1 0.893 
=> Acc: 0.857 Precision 0.857 Recall 0.857 F1 0.837 


accs [0.9704641350210971, 0.9019448946515397, 0.8565240931239848]
 precisions [0.9789029535864979, 0.9051863857374393, 0.8570655116404982]
 recalls [0.9746835443037974, 0.8833063209076175, 0.8624796968056307]
 f1scores [0.9728186523201817, 0.8625696353726466, 0.8304136485344277]
task 4 =>> taskLabels [15, 16, 17, 18, 19]
i am Task IFS
len(X_) 346 > v_choose 2
len(X_) 2  v_choose 2
len(X_) 788 > v_choose 3
len(X_) 4  v_choose 3
len(X_) 2339 > v_choose 8
len(X_) 8  v_choose 8
len(X_) 188 > v_choose 1
len(X_) 2  v_choose 1
len(X_) 598 > v_choose 2
len(X_) 2  v_choose 2
len(X_) 227 > v_choose 1
len(X_) 2  v_choose 1
len(X_) 1120 > v_choose 4
len(X_) 4  v_choose 4
len(X_) 8993 > v_choose 29
len(X_) 30  v_choose 29
len(X_) 261 > v_choose 1
len(X_) 2  v_choose 1
len(X_) 509 > v_choose 2
len(X_) 2  v_choose 2
len(X_) 338 > v_choose 2
len(X_) 2  v_choose 2
len(X_) 378 > v_choose 2
len(X_) 2  v_choose 2
len(X_) 247 > v_choose 1
len(X_) 2  v_choose 1
len(X_) 8951 > v_choose 28
len(X_) 28  v_choose 28
len(X_) 6704 > v_choose 21
len(X_) 22  v_choose 21
=> Acc: 0.964 Precision 0.964 Recall 0.964 F1 0.963 
=> Acc: 0.887 Precision 0.887 Recall 0.887 F1 0.878 
=> Acc: 0.760 Precision 0.760 Recall 0.760 F1 0.742 
=> Acc: 0.995 Precision 0.995 Recall 0.995 F1 0.995 


accs [0.9641350210970464, 0.8873581847649918, 0.7596101786681104, 0.9950071326676176]
 precisions [0.9578059071729957, 0.8784440842787682, 0.7964266377910124, 0.9971469329529244]
 recalls [0.9725738396624473, 0.8792544570502431, 0.7801840822956145, 0.9950071326676176]
 f1scores [0.9724316500122951, 0.8649063773932673, 0.7573751422170307, 0.9965658958945782]
task 5 =>> taskLabels [20, 21, 22, 23, 24]
i am Task IFS
len(X_) 346 > v_choose 1
len(X_) 2  v_choose 1
len(X_) 788 > v_choose 2
len(X_) 2  v_choose 2
len(X_) 2339 > v_choose 6
len(X_) 6  v_choose 6
len(X_) 188 > v_choose 1
len(X_) 2  v_choose 1
len(X_) 598 > v_choose 2
len(X_) 2  v_choose 2
len(X_) 227 > v_choose 1
len(X_) 2  v_choose 1
len(X_) 1120 > v_choose 3
len(X_) 4  v_choose 3
len(X_) 8993 > v_choose 21
len(X_) 22  v_choose 21
len(X_) 261 > v_choose 1
len(X_) 2  v_choose 1
len(X_) 509 > v_choose 2
len(X_) 2  v_choose 2
len(X_) 338 > v_choose 1
len(X_) 2  v_choose 1
len(X_) 378 > v_choose 1
len(X_) 2  v_choose 1
len(X_) 247 > v_choose 1
len(X_) 2  v_choose 1
len(X_) 8951 > v_choose 21
len(X_) 22  v_choose 21
len(X_) 6704 > v_choose 16
len(X_) 16  v_choose 16
len(X_) 1707 > v_choose 4
len(X_) 4  v_choose 4
len(X_) 9000 > v_choose 21
len(X_) 22  v_choose 21
len(X_) 831 > v_choose 2
len(X_) 2  v_choose 2
len(X_) 385 > v_choose 1
len(X_) 2  v_choose 1
len(X_) 694 > v_choose 2
len(X_) 2  v_choose 2
=> Acc: 0.975 Precision 0.975 Recall 0.975 F1 0.975 
=> Acc: 0.904 Precision 0.904 Recall 0.904 F1 0.900 
=> Acc: 0.716 Precision 0.716 Recall 0.716 F1 0.701 
=> Acc: 0.931 Precision 0.931 Recall 0.931 F1 0.933 
=> Acc: 1.000 Precision 1.000 Recall 1.000 F1 1.000 


accs [0.9746835443037974, 0.9043760129659644, 0.715755278830536, 0.9308131241084165, 1.0]
 precisions [0.9578059071729957, 0.9019448946515397, 0.7081754195993503, 0.9286733238231099, 1.0]
 recalls [0.9683544303797469, 0.9181523500810372, 0.6908500270709258, 0.8965763195435092, 1.0]
 f1scores [0.9670952729162122, 0.8908542803122039, 0.6833851617119953, 0.9143034236849296, 1.0]
task 6 =>> taskLabels [25, 26, 27, 28, 29]
i am Task IFS
len(X_) 346 > v_choose 1
len(X_) 2  v_choose 1
len(X_) 788 > v_choose 2
len(X_) 2  v_choose 2
len(X_) 2339 > v_choose 5
len(X_) 6  v_choose 5
len(X_) 188 > v_choose 1
len(X_) 2  v_choose 1
len(X_) 598 > v_choose 2
len(X_) 2  v_choose 2
len(X_) 227 > v_choose 1
len(X_) 2  v_choose 1
len(X_) 1120 > v_choose 3
len(X_) 4  v_choose 3
len(X_) 8993 > v_choose 20
len(X_) 20  v_choose 20
len(X_) 261 > v_choose 1
len(X_) 2  v_choose 1
len(X_) 509 > v_choose 2
len(X_) 2  v_choose 2
len(X_) 338 > v_choose 1
len(X_) 2  v_choose 1
len(X_) 378 > v_choose 1
len(X_) 2  v_choose 1
len(X_) 247 > v_choose 1
len(X_) 2  v_choose 1
len(X_) 8951 > v_choose 20
len(X_) 20  v_choose 20
len(X_) 6704 > v_choose 15
len(X_) 16  v_choose 15
len(X_) 1707 > v_choose 4
len(X_) 4  v_choose 4
len(X_) 9000 > v_choose 20
len(X_) 20  v_choose 20
len(X_) 831 > v_choose 2
len(X_) 2  v_choose 2
len(X_) 385 > v_choose 1
len(X_) 2  v_choose 1
len(X_) 694 > v_choose 2
len(X_) 2  v_choose 2
len(X_) 757 > v_choose 2
len(X_) 2  v_choose 2
len(X_) 536 > v_choose 2
len(X_) 2  v_choose 2
len(X_) 228 > v_choose 1
len(X_) 2  v_choose 1
len(X_) 400 > v_choose 1
len(X_) 2  v_choose 1
len(X_) 442 > v_choose 1
len(X_) 2  v_choose 1
=> Acc: 0.960 Precision 0.960 Recall 0.960 F1 0.957 
=> Acc: 0.808 Precision 0.808 Recall 0.808 F1 0.766 
=> Acc: 0.727 Precision 0.727 Recall 0.727 F1 0.722 
=> Acc: 0.954 Precision 0.954 Recall 0.954 F1 0.955 
=> Acc: 0.832 Precision 0.832 Recall 0.832 F1 0.825 
=> Acc: 0.929 Precision 0.929 Recall 0.929 F1 0.920 


accs [0.959915611814346, 0.8079416531604539, 0.7271250676773146, 0.9543509272467903, 0.8320610687022901, 0.9290780141843972]
 precisions [0.9683544303797469, 0.807131280388979, 0.7493232268543584, 0.9465049928673324, 0.816793893129771, 0.9432624113475178]
 recalls [0.9556962025316456, 0.7982171799027553, 0.7401191120736329, 0.9600570613409415, 0.8435114503816794, 0.9219858156028369]
 f1scores [0.9662004054062494, 0.7799025516302203, 0.7338629175579979, 0.9694301285723388, 0.8030476100184114, 0.9370784583573787]
task 7 =>> taskLabels [30, 31, 32, 33, 34]
i am Task IFS
len(X_) 346 > v_choose 1
len(X_) 2  v_choose 1
len(X_) 788 > v_choose 2
len(X_) 2  v_choose 2
len(X_) 2339 > v_choose 5
len(X_) 6  v_choose 5
len(X_) 188 > v_choose 1
len(X_) 2  v_choose 1
len(X_) 598 > v_choose 2
len(X_) 2  v_choose 2
len(X_) 227 > v_choose 1
len(X_) 2  v_choose 1
len(X_) 1120 > v_choose 3
len(X_) 4  v_choose 3
len(X_) 8993 > v_choose 19
len(X_) 20  v_choose 19
len(X_) 261 > v_choose 1
len(X_) 2  v_choose 1
len(X_) 509 > v_choose 2
len(X_) 2  v_choose 2
len(X_) 338 > v_choose 1
len(X_) 2  v_choose 1
len(X_) 378 > v_choose 1
len(X_) 2  v_choose 1
len(X_) 247 > v_choose 1
len(X_) 2  v_choose 1
len(X_) 8951 > v_choose 19
len(X_) 20  v_choose 19
len(X_) 6704 > v_choose 14
len(X_) 14  v_choose 14
len(X_) 1707 > v_choose 4
len(X_) 4  v_choose 4
len(X_) 9000 > v_choose 19
len(X_) 20  v_choose 19
len(X_) 831 > v_choose 2
len(X_) 2  v_choose 2
len(X_) 385 > v_choose 1
len(X_) 2  v_choose 1
len(X_) 694 > v_choose 2
len(X_) 2  v_choose 2
len(X_) 757 > v_choose 2
len(X_) 2  v_choose 2
len(X_) 536 > v_choose 2
len(X_) 2  v_choose 2
len(X_) 228 > v_choose 1
len(X_) 2  v_choose 1
len(X_) 400 > v_choose 1
len(X_) 2  v_choose 1
len(X_) 442 > v_choose 1
len(X_) 2  v_choose 1
len(X_) 240 > v_choose 1
len(X_) 2  v_choose 1
len(X_) 445 > v_choose 1
len(X_) 2  v_choose 1
len(X_) 393 > v_choose 1
len(X_) 2  v_choose 1
len(X_) 242 > v_choose 1
len(X_) 2  v_choose 1
len(X_) 1220 > v_choose 3
len(X_) 4  v_choose 3
=> Acc: 0.981 Precision 0.981 Recall 0.981 F1 0.980 
=> Acc: 0.830 Precision 0.830 Recall 0.830 F1 0.804 
=> Acc: 0.749 Precision 0.749 Recall 0.749 F1 0.741 
=> Acc: 0.956 Precision 0.956 Recall 0.956 F1 0.956 
=> Acc: 0.763 Precision 0.763 Recall 0.763 F1 0.746 
=> Acc: 0.904 Precision 0.904 Recall 0.904 F1 0.895 
=> Acc: 0.956 Precision 0.956 Recall 0.956 F1 0.953 


accs [0.9810126582278481, 0.8298217179902755, 0.7493232268543584, 0.956490727532097, 0.7633587786259542, 0.9042553191489362, 0.9558521560574949]
 precisions [0.9789029535864979, 0.8460291734197731, 0.7612344342176502, 0.9479315263908702, 0.7595419847328244, 0.900709219858156, 0.9650924024640657]
 recalls [0.9831223628691983, 0.8427876823338736, 0.760693015701137, 0.9536376604850214, 0.7366412213740458, 0.900709219858156, 0.9476386036960985]
 f1scores [0.9874278199651954, 0.8192085436648663, 0.7478953658421845, 0.944089035134885, 0.7686191149149865, 0.9000682802115143, 0.9585386138427147]
task 8 =>> taskLabels [35, 36, 37, 38, 39]
i am Task IFS
len(X_) 346 > v_choose 1
len(X_) 2  v_choose 1
len(X_) 788 > v_choose 2
len(X_) 2  v_choose 2
len(X_) 2339 > v_choose 5
len(X_) 6  v_choose 5
len(X_) 188 > v_choose 1
len(X_) 2  v_choose 1
len(X_) 598 > v_choose 2
len(X_) 2  v_choose 2
len(X_) 227 > v_choose 1
len(X_) 2  v_choose 1
len(X_) 1120 > v_choose 2
len(X_) 2  v_choose 2
len(X_) 8993 > v_choose 16
len(X_) 16  v_choose 16
len(X_) 261 > v_choose 1
len(X_) 2  v_choose 1
len(X_) 509 > v_choose 1
len(X_) 2  v_choose 1
len(X_) 338 > v_choose 1
len(X_) 2  v_choose 1
len(X_) 378 > v_choose 1
len(X_) 2  v_choose 1
len(X_) 247 > v_choose 1
len(X_) 2  v_choose 1
len(X_) 8951 > v_choose 16
len(X_) 16  v_choose 16
len(X_) 6704 > v_choose 12
len(X_) 12  v_choose 12
len(X_) 1707 > v_choose 3
len(X_) 4  v_choose 3
len(X_) 9000 > v_choose 16
len(X_) 16  v_choose 16
len(X_) 831 > v_choose 2
len(X_) 2  v_choose 2
len(X_) 385 > v_choose 1
len(X_) 2  v_choose 1
len(X_) 694 > v_choose 2
len(X_) 2  v_choose 2
len(X_) 757 > v_choose 2
len(X_) 2  v_choose 2
len(X_) 536 > v_choose 1
len(X_) 2  v_choose 1
len(X_) 228 > v_choose 1
len(X_) 2  v_choose 1
len(X_) 400 > v_choose 1
len(X_) 2  v_choose 1
len(X_) 442 > v_choose 1
len(X_) 2  v_choose 1
len(X_) 240 > v_choose 1
len(X_) 2  v_choose 1
len(X_) 445 > v_choose 1
len(X_) 2  v_choose 1
len(X_) 393 > v_choose 1
len(X_) 2  v_choose 1
len(X_) 242 > v_choose 1
len(X_) 2  v_choose 1
len(X_) 1220 > v_choose 3
len(X_) 4  v_choose 3
len(X_) 1036 > v_choose 2
len(X_) 2  v_choose 2
len(X_) 1691 > v_choose 3
len(X_) 4  v_choose 3
len(X_) 3881 > v_choose 7
len(X_) 8  v_choose 7
len(X_) 1562 > v_choose 3
len(X_) 4  v_choose 3
len(X_) 595 > v_choose 2
len(X_) 2  v_choose 2
=> Acc: 0.985 Precision 0.985 Recall 0.985 F1 0.985 
=> Acc: 0.827 Precision 0.827 Recall 0.827 F1 0.807 
=> Acc: 0.727 Precision 0.727 Recall 0.727 F1 0.708 
=> Acc: 0.928 Precision 0.928 Recall 0.928 F1 0.929 
=> Acc: 0.775 Precision 0.775 Recall 0.775 F1 0.766 
=> Acc: 0.901 Precision 0.901 Recall 0.901 F1 0.884 
=> Acc: 0.903 Precision 0.903 Recall 0.903 F1 0.898 
=> Acc: 0.926 Precision 0.926 Recall 0.926 F1 0.922 


accs [0.9852320675105485, 0.8273905996758509, 0.7265836491608013, 0.927960057061341, 0.7748091603053435, 0.900709219858156, 0.9034907597535934, 0.9261744966442953]
 precisions [0.9936708860759493, 0.8273905996758509, 0.721710882512182, 0.9358059914407989, 0.8206106870229007, 0.9361702127659575, 0.9209445585215605, 0.912751677852349]
 recalls [0.9831223628691983, 0.8192868719611021, 0.7162966973470493, 0.9300998573466477, 0.8129770992366412, 0.9148936170212766, 0.9004106776180698, 0.9194630872483222]
 f1scores [0.9809793902184898, 0.8042979803646476, 0.683240733419666, 0.9273946309983121, 0.785043994160768, 0.8996840869480106, 0.8990517395024993, 0.9191456418563435]
task 9 =>> taskLabels [40, 41, 42, 43, 44]
i am Task IFS
len(X_) 346 > v_choose 1
len(X_) 2  v_choose 1
len(X_) 788 > v_choose 1
len(X_) 2  v_choose 1
len(X_) 2339 > v_choose 3
len(X_) 4  v_choose 3
len(X_) 188 > v_choose 1
len(X_) 2  v_choose 1
len(X_) 598 > v_choose 1
len(X_) 2  v_choose 1
len(X_) 227 > v_choose 1
len(X_) 2  v_choose 1
len(X_) 1120 > v_choose 2
len(X_) 2  v_choose 2
len(X_) 8993 > v_choose 11
len(X_) 12  v_choose 11
len(X_) 261 > v_choose 1
len(X_) 2  v_choose 1
len(X_) 509 > v_choose 1
len(X_) 2  v_choose 1
len(X_) 338 > v_choose 1
len(X_) 2  v_choose 1
len(X_) 378 > v_choose 1
len(X_) 2  v_choose 1
len(X_) 247 > v_choose 1
len(X_) 2  v_choose 1
len(X_) 8951 > v_choose 11
len(X_) 12  v_choose 11
len(X_) 6704 > v_choose 8
len(X_) 8  v_choose 8
len(X_) 1707 > v_choose 2
len(X_) 2  v_choose 2
len(X_) 9000 > v_choose 11
len(X_) 12  v_choose 11
len(X_) 831 > v_choose 1
len(X_) 2  v_choose 1
len(X_) 385 > v_choose 1
len(X_) 2  v_choose 1
len(X_) 694 > v_choose 1
len(X_) 2  v_choose 1
len(X_) 757 > v_choose 1
len(X_) 2  v_choose 1
len(X_) 536 > v_choose 1
len(X_) 2  v_choose 1
len(X_) 228 > v_choose 1
len(X_) 2  v_choose 1
len(X_) 400 > v_choose 1
len(X_) 2  v_choose 1
len(X_) 442 > v_choose 1
len(X_) 2  v_choose 1
len(X_) 240 > v_choose 1
len(X_) 2  v_choose 1
len(X_) 445 > v_choose 1
len(X_) 2  v_choose 1
len(X_) 393 > v_choose 1
len(X_) 2  v_choose 1
len(X_) 242 > v_choose 1
len(X_) 2  v_choose 1
len(X_) 1220 > v_choose 2
len(X_) 2  v_choose 2
len(X_) 1036 > v_choose 2
len(X_) 2  v_choose 2
len(X_) 1691 > v_choose 2
len(X_) 2  v_choose 2
len(X_) 3881 > v_choose 5
len(X_) 6  v_choose 5
len(X_) 1562 > v_choose 2
len(X_) 2  v_choose 2
len(X_) 595 > v_choose 1
len(X_) 2  v_choose 1
len(X_) 8988 > v_choose 11
len(X_) 12  v_choose 11
len(X_) 8994 > v_choose 11
len(X_) 12  v_choose 11
len(X_) 299 > v_choose 1
len(X_) 2  v_choose 1
len(X_) 8992 > v_choose 11
len(X_) 12  v_choose 11
len(X_) 888 > v_choose 2
len(X_) 2  v_choose 2
=> Acc: 0.951 Precision 0.951 Recall 0.951 F1 0.952 
=> Acc: 0.780 Precision 0.780 Recall 0.780 F1 0.740 
=> Acc: 0.652 Precision 0.652 Recall 0.652 F1 0.640 
=> Acc: 0.875 Precision 0.875 Recall 0.875 F1 0.877 
=> Acc: 0.763 Precision 0.763 Recall 0.763 F1 0.749 
=> Acc: 0.897 Precision 0.897 Recall 0.897 F1 0.892 
=> Acc: 0.902 Precision 0.902 Recall 0.902 F1 0.903 
=> Acc: 0.867 Precision 0.867 Recall 0.867 F1 0.855 
=> Acc: 0.982 Precision 0.982 Recall 0.982 F1 0.982 


accs [0.9514767932489452, 0.7803889789303079, 0.652409312398484, 0.8751783166904422, 0.7633587786259542, 0.8971631205673759, 0.9024640657084189, 0.8673697666986258, 0.9823406165818617]
 precisions [0.9409282700421941, 0.7925445705024311, 0.6480779642663779, 0.8922967189728959, 0.7824427480916031, 0.8865248226950354, 0.8983572895277208, 0.8555449025247683, 0.9763543849146962]
 recalls [0.9451476793248945, 0.8184764991896273, 0.6713589604764483, 0.8780313837375179, 0.7824427480916031, 0.9326241134751773, 0.8963039014373717, 0.864173857462448, 0.9778509428314875]
 f1scores [0.9337498196233586, 0.7403264729493849, 0.6492873558818772, 0.8736232763005471, 0.7204647480976896, 0.9076067531573461, 0.8994541290559172, 0.8491453813588026, 0.982899676856217]
task 10 =>> taskLabels [45, 46, 47, 48, 49]
i am Task IFS
len(X_) 346 > v_choose 1
len(X_) 2  v_choose 1
len(X_) 788 > v_choose 1
len(X_) 2  v_choose 1
len(X_) 2339 > v_choose 3
len(X_) 4  v_choose 3
len(X_) 188 > v_choose 1
len(X_) 2  v_choose 1
len(X_) 598 > v_choose 1
len(X_) 2  v_choose 1
len(X_) 227 > v_choose 1
len(X_) 2  v_choose 1
len(X_) 1120 > v_choose 1
len(X_) 2  v_choose 1
len(X_) 8993 > v_choose 8
len(X_) 8  v_choose 8
len(X_) 261 > v_choose 1
len(X_) 2  v_choose 1
len(X_) 509 > v_choose 1
len(X_) 2  v_choose 1
len(X_) 338 > v_choose 1
len(X_) 2  v_choose 1
len(X_) 378 > v_choose 1
len(X_) 2  v_choose 1
len(X_) 247 > v_choose 1
len(X_) 2  v_choose 1
len(X_) 8951 > v_choose 8
len(X_) 8  v_choose 8
len(X_) 6704 > v_choose 6
len(X_) 6  v_choose 6
len(X_) 1707 > v_choose 2
len(X_) 2  v_choose 2
len(X_) 9000 > v_choose 8
len(X_) 8  v_choose 8
len(X_) 831 > v_choose 1
len(X_) 2  v_choose 1
len(X_) 385 > v_choose 1
len(X_) 2  v_choose 1
len(X_) 694 > v_choose 1
len(X_) 2  v_choose 1
len(X_) 757 > v_choose 1
len(X_) 2  v_choose 1
len(X_) 536 > v_choose 1
len(X_) 2  v_choose 1
len(X_) 228 > v_choose 1
len(X_) 2  v_choose 1
len(X_) 400 > v_choose 1
len(X_) 2  v_choose 1
len(X_) 442 > v_choose 1
len(X_) 2  v_choose 1
len(X_) 240 > v_choose 1
len(X_) 2  v_choose 1
len(X_) 445 > v_choose 1
len(X_) 2  v_choose 1
len(X_) 393 > v_choose 1
len(X_) 2  v_choose 1
len(X_) 242 > v_choose 1
len(X_) 2  v_choose 1
len(X_) 1220 > v_choose 2
len(X_) 2  v_choose 2
len(X_) 1036 > v_choose 1
len(X_) 2  v_choose 1
len(X_) 1691 > v_choose 2
len(X_) 2  v_choose 2
len(X_) 3881 > v_choose 4
len(X_) 4  v_choose 4
len(X_) 1562 > v_choose 2
len(X_) 2  v_choose 2
len(X_) 595 > v_choose 1
len(X_) 2  v_choose 1
len(X_) 8988 > v_choose 8
len(X_) 8  v_choose 8
len(X_) 8994 > v_choose 8
len(X_) 8  v_choose 8
len(X_) 299 > v_choose 1
len(X_) 2  v_choose 1
len(X_) 8992 > v_choose 8
len(X_) 8  v_choose 8
len(X_) 888 > v_choose 1
len(X_) 2  v_choose 1
len(X_) 1758 > v_choose 2
len(X_) 2  v_choose 2
len(X_) 5743 > v_choose 5
len(X_) 6  v_choose 5
len(X_) 4595 > v_choose 4
len(X_) 4  v_choose 4
len(X_) 8997 > v_choose 8
len(X_) 8  v_choose 8
len(X_) 8968 > v_choose 8
len(X_) 8  v_choose 8
=> Acc: 0.924 Precision 0.924 Recall 0.924 F1 0.919 
=> Acc: 0.802 Precision 0.802 Recall 0.802 F1 0.748 
=> Acc: 0.654 Precision 0.654 Recall 0.654 F1 0.637 
=> Acc: 0.953 Precision 0.953 Recall 0.953 F1 0.953 
=> Acc: 0.691 Precision 0.691 Recall 0.691 F1 0.663 
=> Acc: 0.929 Precision 0.929 Recall 0.929 F1 0.920 
=> Acc: 0.879 Precision 0.879 Recall 0.879 F1 0.875 
=> Acc: 0.855 Precision 0.855 Recall 0.855 F1 0.852 
=> Acc: 0.927 Precision 0.927 Recall 0.927 F1 0.926 
=> Acc: 0.983 Precision 0.983 Recall 0.983 F1 0.983 


accs [0.9240506329113924, 0.8022690437601296, 0.6540335679480238, 0.9529243937232525, 0.6908396946564885, 0.9290780141843972, 0.8788501026694046, 0.854586129753915, 0.9269679736605807, 0.9834324553950722]
 precisions [0.9409282700421941, 0.7876823338735819, 0.6556578234975636, 0.9514978601997147, 0.7404580152671756, 0.9148936170212766, 0.8809034907597536, 0.8501118568232662, 0.9320562705776714, 0.9893797790994052]
 recalls [0.9388185654008439, 0.7884927066450568, 0.6296697347049269, 0.9479315263908702, 0.7480916030534351, 0.9468085106382979, 0.8891170431211499, 0.867050175775008, 0.9185872493265489, 0.9842820730671198]
 f1scores [0.9397883370548905, 0.7527016202061496, 0.6403191142008924, 0.9483735710569354, 0.6664556122387447, 0.9191540645637744, 0.8726316898580638, 0.8463099338376902, 0.9228016508514537, 0.9859680698804985]
task 11 =>> taskLabels [50, 51, 52, 53, 54]
i am Task IFS
len(X_) 346 > v_choose 1
len(X_) 2  v_choose 1
len(X_) 788 > v_choose 1
len(X_) 2  v_choose 1
len(X_) 2339 > v_choose 2
len(X_) 2  v_choose 2
len(X_) 188 > v_choose 1
len(X_) 2  v_choose 1
len(X_) 598 > v_choose 1
len(X_) 2  v_choose 1
len(X_) 227 > v_choose 1
len(X_) 2  v_choose 1
len(X_) 1120 > v_choose 1
len(X_) 2  v_choose 1
len(X_) 8993 > v_choose 7
len(X_) 8  v_choose 7
len(X_) 261 > v_choose 1
len(X_) 2  v_choose 1
len(X_) 509 > v_choose 1
len(X_) 2  v_choose 1
len(X_) 338 > v_choose 1
len(X_) 2  v_choose 1
len(X_) 378 > v_choose 1
len(X_) 2  v_choose 1
len(X_) 247 > v_choose 1
len(X_) 2  v_choose 1
len(X_) 8951 > v_choose 7
len(X_) 8  v_choose 7
len(X_) 6704 > v_choose 5
len(X_) 6  v_choose 5
len(X_) 1707 > v_choose 2
len(X_) 2  v_choose 2
len(X_) 9000 > v_choose 7
len(X_) 8  v_choose 7
len(X_) 831 > v_choose 1
len(X_) 2  v_choose 1
len(X_) 385 > v_choose 1
len(X_) 2  v_choose 1
len(X_) 694 > v_choose 1
len(X_) 2  v_choose 1
len(X_) 757 > v_choose 1
len(X_) 2  v_choose 1
len(X_) 536 > v_choose 1
len(X_) 2  v_choose 1
len(X_) 228 > v_choose 1
len(X_) 2  v_choose 1
len(X_) 400 > v_choose 1
len(X_) 2  v_choose 1
len(X_) 442 > v_choose 1
len(X_) 2  v_choose 1
len(X_) 240 > v_choose 1
len(X_) 2  v_choose 1
len(X_) 445 > v_choose 1
len(X_) 2  v_choose 1
len(X_) 393 > v_choose 1
len(X_) 2  v_choose 1
len(X_) 242 > v_choose 1
len(X_) 2  v_choose 1
len(X_) 1220 > v_choose 1
len(X_) 2  v_choose 1
len(X_) 1036 > v_choose 1
len(X_) 2  v_choose 1
len(X_) 1691 > v_choose 2
len(X_) 2  v_choose 2
len(X_) 3881 > v_choose 3
len(X_) 4  v_choose 3
len(X_) 1562 > v_choose 2
len(X_) 2  v_choose 2
len(X_) 595 > v_choose 1
len(X_) 2  v_choose 1
len(X_) 8988 > v_choose 7
len(X_) 8  v_choose 7
len(X_) 8994 > v_choose 7
len(X_) 8  v_choose 7
len(X_) 299 > v_choose 1
len(X_) 2  v_choose 1
len(X_) 8992 > v_choose 7
len(X_) 8  v_choose 7
len(X_) 888 > v_choose 1
len(X_) 2  v_choose 1
len(X_) 1758 > v_choose 2
len(X_) 2  v_choose 2
len(X_) 5743 > v_choose 5
len(X_) 6  v_choose 5
len(X_) 4595 > v_choose 4
len(X_) 4  v_choose 4
len(X_) 8997 > v_choose 7
len(X_) 8  v_choose 7
len(X_) 8968 > v_choose 7
len(X_) 8  v_choose 7
len(X_) 8988 > v_choose 7
len(X_) 8  v_choose 7
len(X_) 285 > v_choose 1
len(X_) 2  v_choose 1
len(X_) 8997 > v_choose 7
len(X_) 8  v_choose 7
len(X_) 1391 > v_choose 2
len(X_) 2  v_choose 2
len(X_) 1516 > v_choose 2
len(X_) 2  v_choose 2
=> Acc: 0.966 Precision 0.966 Recall 0.966 F1 0.966 
=> Acc: 0.861 Precision 0.861 Recall 0.861 F1 0.833 
=> Acc: 0.611 Precision 0.611 Recall 0.611 F1 0.589 
=> Acc: 0.874 Precision 0.874 Recall 0.874 F1 0.872 
=> Acc: 0.756 Precision 0.756 Recall 0.756 F1 0.737 
=> Acc: 0.904 Precision 0.904 Recall 0.904 F1 0.894 
=> Acc: 0.903 Precision 0.903 Recall 0.903 F1 0.900 
=> Acc: 0.866 Precision 0.866 Recall 0.866 F1 0.864 
=> Acc: 0.861 Precision 0.861 Recall 0.861 F1 0.858 
=> Acc: 0.984 Precision 0.984 Recall 0.984 F1 0.984 
=> Acc: 0.929 Precision 0.929 Recall 0.929 F1 0.930 


accs [0.9662447257383966, 0.8614262560777958, 0.6112615051434759, 0.8737517831669044, 0.7557251908396947, 0.9042553191489362, 0.9034907597535934, 0.8660914030041547, 0.8608201137384017, 0.9842820730671198, 0.9292989814260036]
 precisions [0.9514767932489452, 0.8654781199351702, 0.6210070384407147, 0.8687589158345221, 0.7022900763358778, 0.8687943262411347, 0.9240246406570842, 0.8667305848513902, 0.8683029033223586, 0.9817332200509771, 0.9215098861593769]
 recalls [0.9746835443037974, 0.8614262560777958, 0.6166756903086086, 0.8815977175463623, 0.7213740458015268, 0.8617021276595744, 0.9106776180698152, 0.8526685842122084, 0.8545345704878778, 0.9889549702633815, 0.9251048532055123]
 f1scores [0.9709727126805777, 0.8383639709151414, 0.6044299453843229, 0.8749229963166913, 0.7050107599385688, 0.8842977267443691, 0.915475743824057, 0.8599273884316168, 0.8691929664980933, 0.9805235510678958, 0.9335039017802632]
task 12 =>> taskLabels [55, 56, 57, 58, 59]
i am Task IFS
len(X_) 346 > v_choose 1
len(X_) 2  v_choose 1
len(X_) 788 > v_choose 1
len(X_) 2  v_choose 1
len(X_) 2339 > v_choose 2
len(X_) 2  v_choose 2
len(X_) 188 > v_choose 1
len(X_) 2  v_choose 1
len(X_) 598 > v_choose 1
len(X_) 2  v_choose 1
len(X_) 227 > v_choose 1
len(X_) 2  v_choose 1
len(X_) 1120 > v_choose 1
len(X_) 2  v_choose 1
len(X_) 8993 > v_choose 6
len(X_) 6  v_choose 6
len(X_) 261 > v_choose 1
len(X_) 2  v_choose 1
len(X_) 509 > v_choose 1
len(X_) 2  v_choose 1
len(X_) 338 > v_choose 1
len(X_) 2  v_choose 1
len(X_) 378 > v_choose 1
len(X_) 2  v_choose 1
len(X_) 247 > v_choose 1
len(X_) 2  v_choose 1
len(X_) 8951 > v_choose 6
len(X_) 6  v_choose 6
len(X_) 6704 > v_choose 5
len(X_) 6  v_choose 5
len(X_) 1707 > v_choose 2
len(X_) 2  v_choose 2
len(X_) 9000 > v_choose 6
len(X_) 6  v_choose 6
len(X_) 831 > v_choose 1
len(X_) 2  v_choose 1
len(X_) 385 > v_choose 1
len(X_) 2  v_choose 1
len(X_) 694 > v_choose 1
len(X_) 2  v_choose 1
len(X_) 757 > v_choose 1
len(X_) 2  v_choose 1
len(X_) 536 > v_choose 1
len(X_) 2  v_choose 1
len(X_) 228 > v_choose 1
len(X_) 2  v_choose 1
len(X_) 400 > v_choose 1
len(X_) 2  v_choose 1
len(X_) 442 > v_choose 1
len(X_) 2  v_choose 1
len(X_) 240 > v_choose 1
len(X_) 2  v_choose 1
len(X_) 445 > v_choose 1
len(X_) 2  v_choose 1
len(X_) 393 > v_choose 1
len(X_) 2  v_choose 1
len(X_) 242 > v_choose 1
len(X_) 2  v_choose 1
len(X_) 1220 > v_choose 1
len(X_) 2  v_choose 1
len(X_) 1036 > v_choose 1
len(X_) 2  v_choose 1
len(X_) 1691 > v_choose 2
len(X_) 2  v_choose 2
len(X_) 3881 > v_choose 3
len(X_) 4  v_choose 3
len(X_) 1562 > v_choose 2
len(X_) 2  v_choose 2
len(X_) 595 > v_choose 1
len(X_) 2  v_choose 1
len(X_) 8988 > v_choose 6
len(X_) 6  v_choose 6
len(X_) 8994 > v_choose 6
len(X_) 6  v_choose 6
len(X_) 299 > v_choose 1
len(X_) 2  v_choose 1
len(X_) 8992 > v_choose 6
len(X_) 6  v_choose 6
len(X_) 888 > v_choose 1
len(X_) 2  v_choose 1
len(X_) 1758 > v_choose 2
len(X_) 2  v_choose 2
len(X_) 5743 > v_choose 4
len(X_) 4  v_choose 4
len(X_) 4595 > v_choose 4
len(X_) 4  v_choose 4
len(X_) 8997 > v_choose 6
len(X_) 6  v_choose 6
len(X_) 8968 > v_choose 6
len(X_) 6  v_choose 6
len(X_) 8988 > v_choose 6
len(X_) 6  v_choose 6
len(X_) 285 > v_choose 1
len(X_) 2  v_choose 1
len(X_) 8997 > v_choose 6
len(X_) 6  v_choose 6
len(X_) 1391 > v_choose 1
len(X_) 2  v_choose 1
len(X_) 1516 > v_choose 1
len(X_) 2  v_choose 1
len(X_) 8968 > v_choose 6
len(X_) 6  v_choose 6
len(X_) 4252 > v_choose 3
len(X_) 4  v_choose 3
len(X_) 476 > v_choose 1
len(X_) 2  v_choose 1
len(X_) 851 > v_choose 1
len(X_) 2  v_choose 1
len(X_) 475 > v_choose 1
len(X_) 2  v_choose 1
=> Acc: 0.945 Precision 0.945 Recall 0.945 F1 0.947 
=> Acc: 0.818 Precision 0.818 Recall 0.818 F1 0.785 
=> Acc: 0.711 Precision 0.711 Recall 0.711 F1 0.682 
=> Acc: 0.976 Precision 0.976 Recall 0.976 F1 0.976 
=> Acc: 0.691 Precision 0.691 Recall 0.691 F1 0.674 
=> Acc: 0.936 Precision 0.936 Recall 0.936 F1 0.923 
=> Acc: 0.847 Precision 0.847 Recall 0.847 F1 0.839 
=> Acc: 0.821 Precision 0.821 Recall 0.821 F1 0.815 
=> Acc: 0.823 Precision 0.823 Recall 0.823 F1 0.820 
=> Acc: 0.963 Precision 0.963 Recall 0.963 F1 0.963 
=> Acc: 0.914 Precision 0.914 Recall 0.914 F1 0.913 
=> Acc: 0.992 Precision 0.992 Recall 0.992 F1 0.992 


accs [0.9451476793248945, 0.8184764991896273, 0.7108825121819167, 0.9757489300998573, 0.6908396946564885, 0.9361702127659575, 0.8470225872689938, 0.8210290827740492, 0.8228075426519006, 0.9630416312659303, 0.9137207908927502, 0.9921568627450981]
 precisions [0.9219409282700421, 0.8168557536466775, 0.7114239306984299, 0.9693295292439372, 0.7213740458015268, 0.8687943262411347, 0.8429158110882957, 0.8341323106423778, 0.8135288835677941, 0.9587935429056924, 0.9011384062312762, 0.9921568627450981]
 recalls [0.9578059071729957, 0.7982171799027553, 0.7152138603140228, 0.9657631954350927, 0.7824427480916031, 0.8794326241134752, 0.839835728952772, 0.843400447427293, 0.8213109847351092, 0.9634664401019541, 0.8951467944877172, 0.9901960784313726]
 f1scores [0.9406394833050445, 0.7968540122194471, 0.6755690213114105, 0.9708241663099241, 0.6697651245261651, 0.8582079861337351, 0.8231673098414246, 0.8364135639463421, 0.8162828663235204, 0.9604425866055488, 0.9030780946970065, 0.9941255870318934]
task 13 =>> taskLabels [60, 61, 62, 63, 64]
i am Task IFS
len(X_) 346 > v_choose 1
len(X_) 2  v_choose 1
len(X_) 788 > v_choose 1
len(X_) 2  v_choose 1
len(X_) 2339 > v_choose 2
len(X_) 2  v_choose 2
len(X_) 188 > v_choose 1
len(X_) 2  v_choose 1
len(X_) 598 > v_choose 1
len(X_) 2  v_choose 1
len(X_) 227 > v_choose 1
len(X_) 2  v_choose 1
len(X_) 1120 > v_choose 1
len(X_) 2  v_choose 1
len(X_) 8993 > v_choose 6
len(X_) 6  v_choose 6
len(X_) 261 > v_choose 1
len(X_) 2  v_choose 1
len(X_) 509 > v_choose 1
len(X_) 2  v_choose 1
len(X_) 338 > v_choose 1
len(X_) 2  v_choose 1
len(X_) 378 > v_choose 1
len(X_) 2  v_choose 1
len(X_) 247 > v_choose 1
len(X_) 2  v_choose 1
len(X_) 8951 > v_choose 6
len(X_) 6  v_choose 6
len(X_) 6704 > v_choose 5
len(X_) 6  v_choose 5
len(X_) 1707 > v_choose 2
len(X_) 2  v_choose 2
len(X_) 9000 > v_choose 6
len(X_) 6  v_choose 6
len(X_) 831 > v_choose 1
len(X_) 2  v_choose 1
len(X_) 385 > v_choose 1
len(X_) 2  v_choose 1
len(X_) 694 > v_choose 1
len(X_) 2  v_choose 1
len(X_) 757 > v_choose 1
len(X_) 2  v_choose 1
len(X_) 536 > v_choose 1
len(X_) 2  v_choose 1
len(X_) 228 > v_choose 1
len(X_) 2  v_choose 1
len(X_) 400 > v_choose 1
len(X_) 2  v_choose 1
len(X_) 442 > v_choose 1
len(X_) 2  v_choose 1
len(X_) 240 > v_choose 1
len(X_) 2  v_choose 1
len(X_) 445 > v_choose 1
len(X_) 2  v_choose 1
len(X_) 393 > v_choose 1
len(X_) 2  v_choose 1
len(X_) 242 > v_choose 1
len(X_) 2  v_choose 1
len(X_) 1220 > v_choose 1
len(X_) 2  v_choose 1
len(X_) 1036 > v_choose 1
len(X_) 2  v_choose 1
len(X_) 1691 > v_choose 2
len(X_) 2  v_choose 2
len(X_) 3881 > v_choose 3
len(X_) 4  v_choose 3
len(X_) 1562 > v_choose 1
len(X_) 2  v_choose 1
len(X_) 595 > v_choose 1
len(X_) 2  v_choose 1
len(X_) 8988 > v_choose 6
len(X_) 6  v_choose 6
len(X_) 8994 > v_choose 6
len(X_) 6  v_choose 6
len(X_) 299 > v_choose 1
len(X_) 2  v_choose 1
len(X_) 8992 > v_choose 6
len(X_) 6  v_choose 6
len(X_) 888 > v_choose 1
len(X_) 2  v_choose 1
len(X_) 1758 > v_choose 2
len(X_) 2  v_choose 2
len(X_) 5743 > v_choose 4
len(X_) 4  v_choose 4
len(X_) 4595 > v_choose 3
len(X_) 4  v_choose 3
len(X_) 8997 > v_choose 6
len(X_) 6  v_choose 6
len(X_) 8968 > v_choose 6
len(X_) 6  v_choose 6
len(X_) 8988 > v_choose 6
len(X_) 6  v_choose 6
len(X_) 285 > v_choose 1
len(X_) 2  v_choose 1
len(X_) 8997 > v_choose 6
len(X_) 6  v_choose 6
len(X_) 1391 > v_choose 1
len(X_) 2  v_choose 1
len(X_) 1516 > v_choose 1
len(X_) 2  v_choose 1
len(X_) 8968 > v_choose 6
len(X_) 6  v_choose 6
len(X_) 4252 > v_choose 3
len(X_) 4  v_choose 3
len(X_) 476 > v_choose 1
len(X_) 2  v_choose 1
len(X_) 851 > v_choose 1
len(X_) 2  v_choose 1
len(X_) 475 > v_choose 1
len(X_) 2  v_choose 1
len(X_) 803 > v_choose 1
len(X_) 2  v_choose 1
len(X_) 2621 > v_choose 2
len(X_) 2  v_choose 2
len(X_) 411 > v_choose 1
len(X_) 2  v_choose 1
len(X_) 256 > v_choose 1
len(X_) 2  v_choose 1
len(X_) 494 > v_choose 1
len(X_) 2  v_choose 1
=> Acc: 0.954 Precision 0.954 Recall 0.954 F1 0.953 
=> Acc: 0.870 Precision 0.870 Recall 0.870 F1 0.856 
=> Acc: 0.747 Precision 0.747 Recall 0.747 F1 0.725 
=> Acc: 0.702 Precision 0.702 Recall 0.702 F1 0.693 
=> Acc: 0.767 Precision 0.767 Recall 0.767 F1 0.751 
=> Acc: 0.858 Precision 0.858 Recall 0.858 F1 0.857 
=> Acc: 0.844 Precision 0.844 Recall 0.844 F1 0.827 
=> Acc: 0.843 Precision 0.843 Recall 0.843 F1 0.837 
=> Acc: 0.867 Precision 0.867 Recall 0.867 F1 0.862 
=> Acc: 0.951 Precision 0.951 Recall 0.951 F1 0.952 
=> Acc: 0.849 Precision 0.849 Recall 0.849 F1 0.845 
=> Acc: 0.927 Precision 0.927 Recall 0.927 F1 0.928 
=> Acc: 0.908 Precision 0.908 Recall 0.908 F1 0.905 


accs [0.9535864978902954, 0.8695299837925445, 0.7466161342717921, 0.7018544935805991, 0.767175572519084, 0.8581560283687943, 0.8439425051334702, 0.8430808565036753, 0.8671056569889255, 0.9511469838572643, 0.8490113840623128, 0.9274509803921569, 0.9075520833333334]
 precisions [0.9535864978902954, 0.8743922204213939, 0.7249593936112615, 0.6990014265335235, 0.7595419847328244, 0.8687943262411347, 0.8583162217659137, 0.8469159475870885, 0.8596228674049686, 0.9524214103653356, 0.859796285200719, 0.9294117647058824, 0.9140625]
 recalls [0.9556962025316456, 0.8711507293354943, 0.7309149972929074, 0.6847360912981455, 0.7595419847328244, 0.900709219858156, 0.864476386036961, 0.8411633109619687, 0.8674049685722838, 0.9519966015293118, 0.8526063511084482, 0.9274509803921569, 0.91796875]
 f1scores [0.9447505884186107, 0.8317492690530232, 0.710200901685859, 0.709074940813254, 0.7747186811756812, 0.8502389937688459, 0.8416898786997787, 0.8240926168422501, 0.8521041139072091, 0.9542298321304752, 0.8554390237674341, 0.9308029794954692, 0.899979994703523]
task 14 =>> taskLabels [65, 66, 67, 68, 69]
i am Task IFS
len(X_) 346 > v_choose 1
len(X_) 2  v_choose 1
len(X_) 788 > v_choose 1
len(X_) 2  v_choose 1
len(X_) 2339 > v_choose 2
len(X_) 2  v_choose 2
len(X_) 188 > v_choose 1
len(X_) 2  v_choose 1
len(X_) 598 > v_choose 1
len(X_) 2  v_choose 1
len(X_) 227 > v_choose 1
len(X_) 2  v_choose 1
len(X_) 1120 > v_choose 1
len(X_) 2  v_choose 1
len(X_) 8993 > v_choose 6
len(X_) 6  v_choose 6
len(X_) 261 > v_choose 1
len(X_) 2  v_choose 1
len(X_) 509 > v_choose 1
len(X_) 2  v_choose 1
len(X_) 338 > v_choose 1
len(X_) 2  v_choose 1
len(X_) 378 > v_choose 1
len(X_) 2  v_choose 1
len(X_) 247 > v_choose 1
len(X_) 2  v_choose 1
len(X_) 8951 > v_choose 6
len(X_) 6  v_choose 6
len(X_) 6704 > v_choose 5
len(X_) 6  v_choose 5
len(X_) 1707 > v_choose 2
len(X_) 2  v_choose 2
len(X_) 9000 > v_choose 6
len(X_) 6  v_choose 6
len(X_) 831 > v_choose 1
len(X_) 2  v_choose 1
len(X_) 385 > v_choose 1
len(X_) 2  v_choose 1
len(X_) 694 > v_choose 1
len(X_) 2  v_choose 1
len(X_) 757 > v_choose 1
len(X_) 2  v_choose 1
len(X_) 536 > v_choose 1
len(X_) 2  v_choose 1
len(X_) 228 > v_choose 1
len(X_) 2  v_choose 1
len(X_) 400 > v_choose 1
len(X_) 2  v_choose 1
len(X_) 442 > v_choose 1
len(X_) 2  v_choose 1
len(X_) 240 > v_choose 1
len(X_) 2  v_choose 1
len(X_) 445 > v_choose 1
len(X_) 2  v_choose 1
len(X_) 393 > v_choose 1
len(X_) 2  v_choose 1
len(X_) 242 > v_choose 1
len(X_) 2  v_choose 1
len(X_) 1220 > v_choose 1
len(X_) 2  v_choose 1
len(X_) 1036 > v_choose 1
len(X_) 2  v_choose 1
len(X_) 1691 > v_choose 2
len(X_) 2  v_choose 2
len(X_) 3881 > v_choose 3
len(X_) 4  v_choose 3
len(X_) 1562 > v_choose 1
len(X_) 2  v_choose 1
len(X_) 595 > v_choose 1
len(X_) 2  v_choose 1
len(X_) 8988 > v_choose 6
len(X_) 6  v_choose 6
len(X_) 8994 > v_choose 6
len(X_) 6  v_choose 6
len(X_) 299 > v_choose 1
len(X_) 2  v_choose 1
len(X_) 8992 > v_choose 6
len(X_) 6  v_choose 6
len(X_) 888 > v_choose 1
len(X_) 2  v_choose 1
len(X_) 1758 > v_choose 2
len(X_) 2  v_choose 2
len(X_) 5743 > v_choose 4
len(X_) 4  v_choose 4
len(X_) 4595 > v_choose 3
len(X_) 4  v_choose 3
len(X_) 8997 > v_choose 6
len(X_) 6  v_choose 6
len(X_) 8968 > v_choose 6
len(X_) 6  v_choose 6
len(X_) 8988 > v_choose 6
len(X_) 6  v_choose 6
len(X_) 285 > v_choose 1
len(X_) 2  v_choose 1
len(X_) 8997 > v_choose 6
len(X_) 6  v_choose 6
len(X_) 1391 > v_choose 1
len(X_) 2  v_choose 1
len(X_) 1516 > v_choose 1
len(X_) 2  v_choose 1
len(X_) 8968 > v_choose 6
len(X_) 6  v_choose 6
len(X_) 4252 > v_choose 3
len(X_) 4  v_choose 3
len(X_) 476 > v_choose 1
len(X_) 2  v_choose 1
len(X_) 851 > v_choose 1
len(X_) 2  v_choose 1
len(X_) 475 > v_choose 1
len(X_) 2  v_choose 1
len(X_) 803 > v_choose 1
len(X_) 2  v_choose 1
len(X_) 2621 > v_choose 2
len(X_) 2  v_choose 2
len(X_) 411 > v_choose 1
len(X_) 2  v_choose 1
len(X_) 256 > v_choose 1
len(X_) 2  v_choose 1
len(X_) 494 > v_choose 1
len(X_) 2  v_choose 1
len(X_) 729 > v_choose 1
len(X_) 2  v_choose 1
len(X_) 4324 > v_choose 3
len(X_) 4  v_choose 3
len(X_) 190 > v_choose 1
len(X_) 2  v_choose 1
len(X_) 1395 > v_choose 1
len(X_) 2  v_choose 1
len(X_) 281 > v_choose 1
len(X_) 2  v_choose 1
=> Acc: 0.958 Precision 0.958 Recall 0.958 F1 0.959 
=> Acc: 0.906 Precision 0.906 Recall 0.906 F1 0.904 
=> Acc: 0.677 Precision 0.677 Recall 0.677 F1 0.665 
=> Acc: 0.892 Precision 0.892 Recall 0.892 F1 0.888 
=> Acc: 0.733 Precision 0.733 Recall 0.733 F1 0.726 
=> Acc: 0.890 Precision 0.890 Recall 0.890 F1 0.885 
=> Acc: 0.844 Precision 0.844 Recall 0.844 F1 0.834 
=> Acc: 0.859 Precision 0.859 Recall 0.859 F1 0.859 
=> Acc: 0.825 Precision 0.825 Recall 0.825 F1 0.824 
=> Acc: 0.942 Precision 0.942 Recall 0.942 F1 0.940 
=> Acc: 0.839 Precision 0.839 Recall 0.839 F1 0.837 
=> Acc: 0.929 Precision 0.929 Recall 0.929 F1 0.926 
=> Acc: 0.780 Precision 0.780 Recall 0.780 F1 0.773 
=> Acc: 0.975 Precision 0.975 Recall 0.975 F1 0.975 


accs [0.9578059071729957, 0.9059967585089141, 0.676773145641581, 0.891583452211127, 0.732824427480916, 0.8900709219858156, 0.8439425051334702, 0.8590604026845637, 0.8249027237354085, 0.9418011894647409, 0.8388256440982624, 0.9294117647058824, 0.7799479166666666, 0.9748982360922659]
 precisions [0.9514767932489452, 0.9100486223662885, 0.676773145641581, 0.9065620542082738, 0.7251908396946565, 0.8794326241134752, 0.8203285420944558, 0.8692873122403324, 0.827596527985633, 0.9401019541206457, 0.8400239664469742, 0.9411764705882353, 0.7799479166666666, 0.9748982360922659]
 recalls [0.9388185654008439, 0.9165316045380876, 0.6654033567948023, 0.8972895863052782, 0.7404580152671756, 0.8900709219858156, 0.851129363449692, 0.8648130393096836, 0.8332834480694403, 0.9405267629566695, 0.8334331935290593, 0.9588235294117647, 0.7903645833333334, 0.9721845318860244]
 f1scores [0.9535391482687114, 0.9009057228464943, 0.6609824394599559, 0.8779018851653502, 0.7332118174223436, 0.8834438544815647, 0.815008945520345, 0.8661090297314982, 0.8320008473285927, 0.9317509547463914, 0.8205483550540158, 0.9319758007873455, 0.7964117950896219, 0.9621073216477267]
task 15 =>> taskLabels [70, 71, 72, 73, 74]
i am Task IFS
len(X_) 346 > v_choose 1
len(X_) 2  v_choose 1
len(X_) 788 > v_choose 1
len(X_) 2  v_choose 1
len(X_) 2339 > v_choose 2
len(X_) 2  v_choose 2
len(X_) 188 > v_choose 1
len(X_) 2  v_choose 1
len(X_) 598 > v_choose 1
len(X_) 2  v_choose 1
len(X_) 227 > v_choose 1
len(X_) 2  v_choose 1
len(X_) 1120 > v_choose 1
len(X_) 2  v_choose 1
len(X_) 8993 > v_choose 6
len(X_) 6  v_choose 6
len(X_) 261 > v_choose 1
len(X_) 2  v_choose 1
len(X_) 509 > v_choose 1
len(X_) 2  v_choose 1
len(X_) 338 > v_choose 1
len(X_) 2  v_choose 1
len(X_) 378 > v_choose 1
len(X_) 2  v_choose 1
len(X_) 247 > v_choose 1
len(X_) 2  v_choose 1
len(X_) 8951 > v_choose 6
len(X_) 6  v_choose 6
len(X_) 6704 > v_choose 4
len(X_) 4  v_choose 4
len(X_) 1707 > v_choose 1
len(X_) 2  v_choose 1
len(X_) 9000 > v_choose 6
len(X_) 6  v_choose 6
len(X_) 831 > v_choose 1
len(X_) 2  v_choose 1
len(X_) 385 > v_choose 1
len(X_) 2  v_choose 1
len(X_) 694 > v_choose 1
len(X_) 2  v_choose 1
len(X_) 757 > v_choose 1
len(X_) 2  v_choose 1
len(X_) 536 > v_choose 1
len(X_) 2  v_choose 1
len(X_) 228 > v_choose 1
len(X_) 2  v_choose 1
len(X_) 400 > v_choose 1
len(X_) 2  v_choose 1
len(X_) 442 > v_choose 1
len(X_) 2  v_choose 1
len(X_) 240 > v_choose 1
len(X_) 2  v_choose 1
len(X_) 445 > v_choose 1
len(X_) 2  v_choose 1
len(X_) 393 > v_choose 1
len(X_) 2  v_choose 1
len(X_) 242 > v_choose 1
len(X_) 2  v_choose 1
len(X_) 1220 > v_choose 1
len(X_) 2  v_choose 1
len(X_) 1036 > v_choose 1
len(X_) 2  v_choose 1
len(X_) 1691 > v_choose 1
len(X_) 2  v_choose 1
len(X_) 3881 > v_choose 3
len(X_) 4  v_choose 3
len(X_) 1562 > v_choose 1
len(X_) 2  v_choose 1
len(X_) 595 > v_choose 1
len(X_) 2  v_choose 1
len(X_) 8988 > v_choose 6
len(X_) 6  v_choose 6
len(X_) 8994 > v_choose 6
len(X_) 6  v_choose 6
len(X_) 299 > v_choose 1
len(X_) 2  v_choose 1
len(X_) 8992 > v_choose 6
len(X_) 6  v_choose 6
len(X_) 888 > v_choose 1
len(X_) 2  v_choose 1
len(X_) 1758 > v_choose 1
len(X_) 2  v_choose 1
len(X_) 5743 > v_choose 4
len(X_) 4  v_choose 4
len(X_) 4595 > v_choose 3
len(X_) 4  v_choose 3
len(X_) 8997 > v_choose 6
len(X_) 6  v_choose 6
len(X_) 8968 > v_choose 6
len(X_) 6  v_choose 6
len(X_) 8988 > v_choose 6
len(X_) 6  v_choose 6
len(X_) 285 > v_choose 1
len(X_) 2  v_choose 1
len(X_) 8997 > v_choose 6
len(X_) 6  v_choose 6
len(X_) 1391 > v_choose 1
len(X_) 2  v_choose 1
len(X_) 1516 > v_choose 1
len(X_) 2  v_choose 1
len(X_) 8968 > v_choose 6
len(X_) 6  v_choose 6
len(X_) 4252 > v_choose 3
len(X_) 4  v_choose 3
len(X_) 476 > v_choose 1
len(X_) 2  v_choose 1
len(X_) 851 > v_choose 1
len(X_) 2  v_choose 1
len(X_) 475 > v_choose 1
len(X_) 2  v_choose 1
len(X_) 803 > v_choose 1
len(X_) 2  v_choose 1
len(X_) 2621 > v_choose 2
len(X_) 2  v_choose 2
len(X_) 411 > v_choose 1
len(X_) 2  v_choose 1
len(X_) 256 > v_choose 1
len(X_) 2  v_choose 1
len(X_) 494 > v_choose 1
len(X_) 2  v_choose 1
len(X_) 729 > v_choose 1
len(X_) 2  v_choose 1
len(X_) 4324 > v_choose 3
len(X_) 4  v_choose 3
len(X_) 190 > v_choose 1
len(X_) 2  v_choose 1
len(X_) 1395 > v_choose 1
len(X_) 2  v_choose 1
len(X_) 281 > v_choose 1
len(X_) 2  v_choose 1
len(X_) 8996 > v_choose 6
len(X_) 6  v_choose 6
len(X_) 2769 > v_choose 2
len(X_) 2  v_choose 2
len(X_) 875 > v_choose 1
len(X_) 2  v_choose 1
len(X_) 184 > v_choose 1
len(X_) 2  v_choose 1
len(X_) 451 > v_choose 1
len(X_) 2  v_choose 1
=> Acc: 0.935 Precision 0.935 Recall 0.935 F1 0.937 
=> Acc: 0.892 Precision 0.892 Recall 0.892 F1 0.885 
=> Acc: 0.743 Precision 0.743 Recall 0.743 F1 0.735 
=> Acc: 0.845 Precision 0.845 Recall 0.845 F1 0.842 
=> Acc: 0.767 Precision 0.767 Recall 0.767 F1 0.768 
=> Acc: 0.911 Precision 0.911 Recall 0.911 F1 0.901 
=> Acc: 0.811 Precision 0.811 Recall 0.811 F1 0.801 
=> Acc: 0.852 Precision 0.852 Recall 0.852 F1 0.848 
=> Acc: 0.848 Precision 0.848 Recall 0.848 F1 0.845 
=> Acc: 0.915 Precision 0.915 Recall 0.915 F1 0.915 
=> Acc: 0.727 Precision 0.727 Recall 0.727 F1 0.723 
=> Acc: 0.922 Precision 0.922 Recall 0.922 F1 0.917 
=> Acc: 0.811 Precision 0.811 Recall 0.811 F1 0.802 
=> Acc: 0.855 Precision 0.855 Recall 0.855 F1 0.841 
=> Acc: 0.972 Precision 0.972 Recall 0.972 F1 0.971 


accs [0.9345991561181435, 0.8922204213938412, 0.7433676231727125, 0.8445078459343794, 0.767175572519084, 0.9113475177304965, 0.811088295687885, 0.8523489932885906, 0.8476504040706375, 0.9154630416312659, 0.7273816656680647, 0.9215686274509803, 0.8111979166666666, 0.8554952510176391, 0.9721845318860244]
 precisions [0.9430379746835443, 0.8897893030794165, 0.7612344342176502, 0.8402282453637661, 0.7824427480916031, 0.9042553191489362, 0.8059548254620124, 0.8584212208373282, 0.864411852738701, 0.9175870858113849, 0.7435590173756741, 0.9156862745098039, 0.8229166666666666, 0.8622795115332429, 0.9674355495251018]
 recalls [0.959915611814346, 0.8743922204213939, 0.7531131564699513, 0.8466476462196861, 0.7595419847328244, 0.900709219858156, 0.8080082135523614, 0.8494726749760306, 0.8548338820712361, 0.9205607476635514, 0.7225883762732175, 0.9294117647058824, 0.8424479166666666, 0.8717774762550882, 0.9782903663500678]
 f1scores [0.9530185940416119, 0.8773441716470238, 0.7394055613575263, 0.8492919991148421, 0.7756761421010324, 0.9047313341857297, 0.7947232266652989, 0.8565179496617444, 0.8678983622106349, 0.9076930436330827, 0.7050732676448687, 0.9288047423851011, 0.8059058736915562, 0.8496523263792792, 0.9733446968378943]
task 16 =>> taskLabels [75, 76, 77, 78, 79]
i am Task IFS
len(X_) 346 > v_choose 1
len(X_) 2  v_choose 1
len(X_) 788 > v_choose 1
len(X_) 2  v_choose 1
len(X_) 2339 > v_choose 2
len(X_) 2  v_choose 2
len(X_) 188 > v_choose 1
len(X_) 2  v_choose 1
len(X_) 598 > v_choose 1
len(X_) 2  v_choose 1
len(X_) 227 > v_choose 1
len(X_) 2  v_choose 1
len(X_) 1120 > v_choose 1
len(X_) 2  v_choose 1
len(X_) 8993 > v_choose 5
len(X_) 6  v_choose 5
len(X_) 261 > v_choose 1
len(X_) 2  v_choose 1
len(X_) 509 > v_choose 1
len(X_) 2  v_choose 1
len(X_) 338 > v_choose 1
len(X_) 2  v_choose 1
len(X_) 378 > v_choose 1
len(X_) 2  v_choose 1
len(X_) 247 > v_choose 1
len(X_) 2  v_choose 1
len(X_) 8951 > v_choose 5
len(X_) 6  v_choose 5
len(X_) 6704 > v_choose 4
len(X_) 4  v_choose 4
len(X_) 1707 > v_choose 1
len(X_) 2  v_choose 1
len(X_) 9000 > v_choose 5
len(X_) 6  v_choose 5
len(X_) 831 > v_choose 1
len(X_) 2  v_choose 1
len(X_) 385 > v_choose 1
len(X_) 2  v_choose 1
len(X_) 694 > v_choose 1
len(X_) 2  v_choose 1
len(X_) 757 > v_choose 1
len(X_) 2  v_choose 1
len(X_) 536 > v_choose 1
len(X_) 2  v_choose 1
len(X_) 228 > v_choose 1
len(X_) 2  v_choose 1
len(X_) 400 > v_choose 1
len(X_) 2  v_choose 1
len(X_) 442 > v_choose 1
len(X_) 2  v_choose 1
len(X_) 240 > v_choose 1
len(X_) 2  v_choose 1
len(X_) 445 > v_choose 1
len(X_) 2  v_choose 1
len(X_) 393 > v_choose 1
len(X_) 2  v_choose 1
len(X_) 242 > v_choose 1
len(X_) 2  v_choose 1
len(X_) 1220 > v_choose 1
len(X_) 2  v_choose 1
len(X_) 1036 > v_choose 1
len(X_) 2  v_choose 1
len(X_) 1691 > v_choose 1
len(X_) 2  v_choose 1
len(X_) 3881 > v_choose 3
len(X_) 4  v_choose 3
len(X_) 1562 > v_choose 1
len(X_) 2  v_choose 1
len(X_) 595 > v_choose 1
len(X_) 2  v_choose 1
len(X_) 8988 > v_choose 5
len(X_) 6  v_choose 5
len(X_) 8994 > v_choose 5
len(X_) 6  v_choose 5
len(X_) 299 > v_choose 1
len(X_) 2  v_choose 1
len(X_) 8992 > v_choose 5
len(X_) 6  v_choose 5
len(X_) 888 > v_choose 1
len(X_) 2  v_choose 1
len(X_) 1758 > v_choose 1
len(X_) 2  v_choose 1
len(X_) 5743 > v_choose 4
len(X_) 4  v_choose 4
len(X_) 4595 > v_choose 3
len(X_) 4  v_choose 3
len(X_) 8997 > v_choose 5
len(X_) 6  v_choose 5
len(X_) 8968 > v_choose 5
len(X_) 6  v_choose 5
len(X_) 8988 > v_choose 5
len(X_) 6  v_choose 5
len(X_) 285 > v_choose 1
len(X_) 2  v_choose 1
len(X_) 8997 > v_choose 5
len(X_) 6  v_choose 5
len(X_) 1391 > v_choose 1
len(X_) 2  v_choose 1
len(X_) 1516 > v_choose 1
len(X_) 2  v_choose 1
len(X_) 8968 > v_choose 5
len(X_) 6  v_choose 5
len(X_) 4252 > v_choose 3
len(X_) 4  v_choose 3
len(X_) 476 > v_choose 1
len(X_) 2  v_choose 1
len(X_) 851 > v_choose 1
len(X_) 2  v_choose 1
len(X_) 475 > v_choose 1
len(X_) 2  v_choose 1
len(X_) 803 > v_choose 1
len(X_) 2  v_choose 1
len(X_) 2621 > v_choose 2
len(X_) 2  v_choose 2
len(X_) 411 > v_choose 1
len(X_) 2  v_choose 1
len(X_) 256 > v_choose 1
len(X_) 2  v_choose 1
len(X_) 494 > v_choose 1
len(X_) 2  v_choose 1
len(X_) 729 > v_choose 1
len(X_) 2  v_choose 1
len(X_) 4324 > v_choose 3
len(X_) 4  v_choose 3
len(X_) 190 > v_choose 1
len(X_) 2  v_choose 1
len(X_) 1395 > v_choose 1
len(X_) 2  v_choose 1
len(X_) 281 > v_choose 1
len(X_) 2  v_choose 1
len(X_) 8996 > v_choose 5
len(X_) 6  v_choose 5
len(X_) 2769 > v_choose 2
len(X_) 2  v_choose 2
len(X_) 875 > v_choose 1
len(X_) 2  v_choose 1
len(X_) 184 > v_choose 1
len(X_) 2  v_choose 1
len(X_) 451 > v_choose 1
len(X_) 2  v_choose 1
len(X_) 3242 > v_choose 2
len(X_) 2  v_choose 2
len(X_) 228 > v_choose 1
len(X_) 2  v_choose 1
len(X_) 423 > v_choose 1
len(X_) 2  v_choose 1
len(X_) 382 > v_choose 1
len(X_) 2  v_choose 1
len(X_) 8996 > v_choose 5
len(X_) 6  v_choose 5
=> Acc: 0.939 Precision 0.939 Recall 0.939 F1 0.938 
=> Acc: 0.835 Precision 0.835 Recall 0.835 F1 0.802 
=> Acc: 0.728 Precision 0.728 Recall 0.728 F1 0.709 
=> Acc: 0.937 Precision 0.937 Recall 0.937 F1 0.936 
=> Acc: 0.763 Precision 0.763 Recall 0.763 F1 0.752 
=> Acc: 0.904 Precision 0.904 Recall 0.904 F1 0.896 
=> Acc: 0.842 Precision 0.842 Recall 0.842 F1 0.812 
=> Acc: 0.832 Precision 0.832 Recall 0.832 F1 0.817 
=> Acc: 0.844 Precision 0.844 Recall 0.844 F1 0.843 
=> Acc: 0.924 Precision 0.924 Recall 0.924 F1 0.922 
=> Acc: 0.765 Precision 0.765 Recall 0.765 F1 0.766 
=> Acc: 0.933 Precision 0.933 Recall 0.933 F1 0.928 
=> Acc: 0.759 Precision 0.759 Recall 0.759 F1 0.742 
=> Acc: 0.956 Precision 0.956 Recall 0.956 F1 0.956 
=> Acc: 0.954 Precision 0.954 Recall 0.954 F1 0.952 
=> Acc: 0.858 Precision 0.858 Recall 0.858 F1 0.853 


accs [0.9388185654008439, 0.8346839546191248, 0.7282079047103411, 0.9372325249643366, 0.7633587786259542, 0.9042553191489362, 0.8418891170431212, 0.8318951741770534, 0.8440586650703382, 0.9239592183517417, 0.7651288196524865, 0.9333333333333333, 0.7591145833333334, 0.9559023066485753, 0.9538670284938942, 0.858085808580858]
 precisions [0.9620253164556962, 0.8346839546191248, 0.7130481862479697, 0.9465049928673324, 0.7633587786259542, 0.9078014184397163, 0.8285420944558521, 0.83381271971876, 0.8299910206524993, 0.9371282922684792, 0.7411623726782505, 0.9313725490196079, 0.7330729166666666, 0.9592944369063772, 0.9477611940298507, 0.8619361936193619]
 recalls [0.9810126582278481, 0.8363047001620746, 0.7255008121277747, 0.9379457917261056, 0.7748091603053435, 0.8865248226950354, 0.839835728952772, 0.8312559923298178, 0.8293923974857828, 0.9316057774001699, 0.7639304973037747, 0.9509803921568627, 0.7408854166666666, 0.9518317503392131, 0.9409769335142469, 0.8575357535753575]
 f1scores [0.9536719609898041, 0.7874678989666413, 0.7130408088683187, 0.9433903261472848, 0.7119338654510652, 0.8516724683184309, 0.7933024083700597, 0.8277551251981056, 0.8367801577875212, 0.9322387908903502, 0.7520885980707825, 0.9367177673476027, 0.7234857089884542, 0.9469434889290873, 0.9537318421764647, 0.8535046713821701]
task 17 =>> taskLabels [80, 81, 82, 83, 84]
i am Task IFS
len(X_) 346 > v_choose 1
len(X_) 2  v_choose 1
len(X_) 788 > v_choose 1
len(X_) 2  v_choose 1
len(X_) 2339 > v_choose 2
len(X_) 2  v_choose 2
len(X_) 188 > v_choose 1
len(X_) 2  v_choose 1
len(X_) 598 > v_choose 1
len(X_) 2  v_choose 1
len(X_) 227 > v_choose 1
len(X_) 2  v_choose 1
len(X_) 1120 > v_choose 1
len(X_) 2  v_choose 1
len(X_) 8993 > v_choose 5
len(X_) 6  v_choose 5
len(X_) 261 > v_choose 1
len(X_) 2  v_choose 1
len(X_) 509 > v_choose 1
len(X_) 2  v_choose 1
len(X_) 338 > v_choose 1
len(X_) 2  v_choose 1
len(X_) 378 > v_choose 1
len(X_) 2  v_choose 1
len(X_) 247 > v_choose 1
len(X_) 2  v_choose 1
len(X_) 8951 > v_choose 5
len(X_) 6  v_choose 5
len(X_) 6704 > v_choose 4
len(X_) 4  v_choose 4
len(X_) 1707 > v_choose 1
len(X_) 2  v_choose 1
len(X_) 9000 > v_choose 5
len(X_) 6  v_choose 5
len(X_) 831 > v_choose 1
len(X_) 2  v_choose 1
len(X_) 385 > v_choose 1
len(X_) 2  v_choose 1
len(X_) 694 > v_choose 1
len(X_) 2  v_choose 1
len(X_) 757 > v_choose 1
len(X_) 2  v_choose 1
len(X_) 536 > v_choose 1
len(X_) 2  v_choose 1
len(X_) 228 > v_choose 1
len(X_) 2  v_choose 1
len(X_) 400 > v_choose 1
len(X_) 2  v_choose 1
len(X_) 442 > v_choose 1
len(X_) 2  v_choose 1
len(X_) 240 > v_choose 1
len(X_) 2  v_choose 1
len(X_) 445 > v_choose 1
len(X_) 2  v_choose 1
len(X_) 393 > v_choose 1
len(X_) 2  v_choose 1
len(X_) 242 > v_choose 1
len(X_) 2  v_choose 1
len(X_) 1220 > v_choose 1
len(X_) 2  v_choose 1
len(X_) 1036 > v_choose 1
len(X_) 2  v_choose 1
len(X_) 1691 > v_choose 1
len(X_) 2  v_choose 1
len(X_) 3881 > v_choose 2
len(X_) 2  v_choose 2
len(X_) 1562 > v_choose 1
len(X_) 2  v_choose 1
len(X_) 595 > v_choose 1
len(X_) 2  v_choose 1
len(X_) 8988 > v_choose 5
len(X_) 6  v_choose 5
len(X_) 8994 > v_choose 5
len(X_) 6  v_choose 5
len(X_) 299 > v_choose 1
len(X_) 2  v_choose 1
len(X_) 8992 > v_choose 5
len(X_) 6  v_choose 5
len(X_) 888 > v_choose 1
len(X_) 2  v_choose 1
len(X_) 1758 > v_choose 1
len(X_) 2  v_choose 1
len(X_) 5743 > v_choose 3
len(X_) 4  v_choose 3
len(X_) 4595 > v_choose 3
len(X_) 4  v_choose 3
len(X_) 8997 > v_choose 5
len(X_) 6  v_choose 5
len(X_) 8968 > v_choose 5
len(X_) 6  v_choose 5
len(X_) 8988 > v_choose 5
len(X_) 6  v_choose 5
len(X_) 285 > v_choose 1
len(X_) 2  v_choose 1
len(X_) 8997 > v_choose 5
len(X_) 6  v_choose 5
len(X_) 1391 > v_choose 1
len(X_) 2  v_choose 1
len(X_) 1516 > v_choose 1
len(X_) 2  v_choose 1
len(X_) 8968 > v_choose 5
len(X_) 6  v_choose 5
len(X_) 4252 > v_choose 3
len(X_) 4  v_choose 3
len(X_) 476 > v_choose 1
len(X_) 2  v_choose 1
len(X_) 851 > v_choose 1
len(X_) 2  v_choose 1
len(X_) 475 > v_choose 1
len(X_) 2  v_choose 1
len(X_) 803 > v_choose 1
len(X_) 2  v_choose 1
len(X_) 2621 > v_choose 2
len(X_) 2  v_choose 2
len(X_) 411 > v_choose 1
len(X_) 2  v_choose 1
len(X_) 256 > v_choose 1
len(X_) 2  v_choose 1
len(X_) 494 > v_choose 1
len(X_) 2  v_choose 1
len(X_) 729 > v_choose 1
len(X_) 2  v_choose 1
len(X_) 4324 > v_choose 3
len(X_) 4  v_choose 3
len(X_) 190 > v_choose 1
len(X_) 2  v_choose 1
len(X_) 1395 > v_choose 1
len(X_) 2  v_choose 1
len(X_) 281 > v_choose 1
len(X_) 2  v_choose 1
len(X_) 8996 > v_choose 5
len(X_) 6  v_choose 5
len(X_) 2769 > v_choose 2
len(X_) 2  v_choose 2
len(X_) 875 > v_choose 1
len(X_) 2  v_choose 1
len(X_) 184 > v_choose 1
len(X_) 2  v_choose 1
len(X_) 451 > v_choose 1
len(X_) 2  v_choose 1
len(X_) 3242 > v_choose 2
len(X_) 2  v_choose 2
len(X_) 228 > v_choose 1
len(X_) 2  v_choose 1
len(X_) 423 > v_choose 1
len(X_) 2  v_choose 1
len(X_) 382 > v_choose 1
len(X_) 2  v_choose 1
len(X_) 8996 > v_choose 5
len(X_) 6  v_choose 5
len(X_) 8994 > v_choose 5
len(X_) 6  v_choose 5
len(X_) 475 > v_choose 1
len(X_) 2  v_choose 1
len(X_) 6061 > v_choose 3
len(X_) 4  v_choose 3
len(X_) 617 > v_choose 1
len(X_) 2  v_choose 1
len(X_) 214 > v_choose 1
len(X_) 2  v_choose 1
=> Acc: 0.954 Precision 0.954 Recall 0.954 F1 0.953 
=> Acc: 0.864 Precision 0.864 Recall 0.864 F1 0.850 
=> Acc: 0.717 Precision 0.717 Recall 0.717 F1 0.697 
=> Acc: 0.968 Precision 0.968 Recall 0.968 F1 0.968 
=> Acc: 0.748 Precision 0.748 Recall 0.748 F1 0.726 
=> Acc: 0.915 Precision 0.915 Recall 0.915 F1 0.887 
=> Acc: 0.836 Precision 0.836 Recall 0.836 F1 0.817 
=> Acc: 0.848 Precision 0.848 Recall 0.848 F1 0.831 
=> Acc: 0.792 Precision 0.792 Recall 0.792 F1 0.783 
=> Acc: 0.930 Precision 0.930 Recall 0.930 F1 0.929 
=> Acc: 0.736 Precision 0.736 Recall 0.736 F1 0.735 
=> Acc: 0.886 Precision 0.886 Recall 0.886 F1 0.878 
=> Acc: 0.729 Precision 0.729 Recall 0.729 F1 0.722 
=> Acc: 0.944 Precision 0.944 Recall 0.944 F1 0.944 
=> Acc: 0.943 Precision 0.943 Recall 0.943 F1 0.942 
=> Acc: 0.860 Precision 0.860 Recall 0.860 F1 0.849 
=> Acc: 0.977 Precision 0.977 Recall 0.977 F1 0.976 


accs [0.9535864978902954, 0.8638573743922204, 0.7168381158635625, 0.9679029957203994, 0.7480916030534351, 0.9148936170212766, 0.8357289527720739, 0.8475551294343241, 0.7916791379826399, 0.9299065420560748, 0.7357699221090473, 0.8862745098039215, 0.7291666666666666, 0.9443690637720489, 0.9430122116689281, 0.8597359735973598, 0.9771210676835081]
 precisions [0.9556962025316456, 0.8654781199351702, 0.7352463454250135, 0.9714693295292439, 0.8053435114503816, 0.8829787234042553, 0.8090349075975359, 0.8552253116011506, 0.7785094283148758, 0.9265080713678845, 0.7537447573397243, 0.8960784313725491, 0.75, 0.9504748982360922, 0.9470827679782904, 0.8575357535753575, 0.9675881792183031]
 recalls [0.9514767932489452, 0.8654781199351702, 0.7379534380075798, 0.9693295292439372, 0.7824427480916031, 0.8794326241134752, 0.8049281314168378, 0.8520294023649728, 0.7859922178988327, 0.9269328802039083, 0.738166566806471, 0.8941176470588236, 0.7578125, 0.9477611940298507, 0.9443690637720489, 0.845984598459846, 0.9742612011439467]
 f1scores [0.9576667653128658, 0.8339635741493909, 0.6924639188323785, 0.9526229748052775, 0.7441502539328627, 0.9018262705297365, 0.7984226262685722, 0.8385810696779554, 0.7895907992292334, 0.9310805621488022, 0.7575260108523041, 0.8855686750118039, 0.7632337264045786, 0.946080803809876, 0.9528090192577817, 0.8541765694458265, 0.9702996448124293]
task 18 =>> taskLabels [85, 86, 87, 88, 89]
i am Task IFS
len(X_) 346 > v_choose 1
len(X_) 2  v_choose 1
len(X_) 788 > v_choose 1
len(X_) 2  v_choose 1
len(X_) 2339 > v_choose 2
len(X_) 2  v_choose 2
len(X_) 188 > v_choose 1
len(X_) 2  v_choose 1
len(X_) 598 > v_choose 1
len(X_) 2  v_choose 1
len(X_) 227 > v_choose 1
len(X_) 2  v_choose 1
len(X_) 1120 > v_choose 1
len(X_) 2  v_choose 1
len(X_) 8993 > v_choose 5
len(X_) 6  v_choose 5
len(X_) 261 > v_choose 1
len(X_) 2  v_choose 1
len(X_) 509 > v_choose 1
len(X_) 2  v_choose 1
len(X_) 338 > v_choose 1
len(X_) 2  v_choose 1
len(X_) 378 > v_choose 1
len(X_) 2  v_choose 1
len(X_) 247 > v_choose 1
len(X_) 2  v_choose 1
len(X_) 8951 > v_choose 5
len(X_) 6  v_choose 5
len(X_) 6704 > v_choose 4
len(X_) 4  v_choose 4
len(X_) 1707 > v_choose 1
len(X_) 2  v_choose 1
len(X_) 9000 > v_choose 5
len(X_) 6  v_choose 5
len(X_) 831 > v_choose 1
len(X_) 2  v_choose 1
len(X_) 385 > v_choose 1
len(X_) 2  v_choose 1
len(X_) 694 > v_choose 1
len(X_) 2  v_choose 1
len(X_) 757 > v_choose 1
len(X_) 2  v_choose 1
len(X_) 536 > v_choose 1
len(X_) 2  v_choose 1
len(X_) 228 > v_choose 1
len(X_) 2  v_choose 1
len(X_) 400 > v_choose 1
len(X_) 2  v_choose 1
len(X_) 442 > v_choose 1
len(X_) 2  v_choose 1
len(X_) 240 > v_choose 1
len(X_) 2  v_choose 1
len(X_) 445 > v_choose 1
len(X_) 2  v_choose 1
len(X_) 393 > v_choose 1
len(X_) 2  v_choose 1
len(X_) 242 > v_choose 1
len(X_) 2  v_choose 1
len(X_) 1220 > v_choose 1
len(X_) 2  v_choose 1
len(X_) 1036 > v_choose 1
len(X_) 2  v_choose 1
len(X_) 1691 > v_choose 1
len(X_) 2  v_choose 1
len(X_) 3881 > v_choose 2
len(X_) 2  v_choose 2
len(X_) 1562 > v_choose 1
len(X_) 2  v_choose 1
len(X_) 595 > v_choose 1
len(X_) 2  v_choose 1
len(X_) 8988 > v_choose 5
len(X_) 6  v_choose 5
len(X_) 8994 > v_choose 5
len(X_) 6  v_choose 5
len(X_) 299 > v_choose 1
len(X_) 2  v_choose 1
len(X_) 8992 > v_choose 5
len(X_) 6  v_choose 5
len(X_) 888 > v_choose 1
len(X_) 2  v_choose 1
len(X_) 1758 > v_choose 1
len(X_) 2  v_choose 1
len(X_) 5743 > v_choose 3
len(X_) 4  v_choose 3
len(X_) 4595 > v_choose 3
len(X_) 4  v_choose 3
len(X_) 8997 > v_choose 5
len(X_) 6  v_choose 5
len(X_) 8968 > v_choose 5
len(X_) 6  v_choose 5
len(X_) 8988 > v_choose 5
len(X_) 6  v_choose 5
len(X_) 285 > v_choose 1
len(X_) 2  v_choose 1
len(X_) 8997 > v_choose 5
len(X_) 6  v_choose 5
len(X_) 1391 > v_choose 1
len(X_) 2  v_choose 1
len(X_) 1516 > v_choose 1
len(X_) 2  v_choose 1
len(X_) 8968 > v_choose 5
len(X_) 6  v_choose 5
len(X_) 4252 > v_choose 2
len(X_) 2  v_choose 2
len(X_) 476 > v_choose 1
len(X_) 2  v_choose 1
len(X_) 851 > v_choose 1
len(X_) 2  v_choose 1
len(X_) 475 > v_choose 1
len(X_) 2  v_choose 1
len(X_) 803 > v_choose 1
len(X_) 2  v_choose 1
len(X_) 2621 > v_choose 2
len(X_) 2  v_choose 2
len(X_) 411 > v_choose 1
len(X_) 2  v_choose 1
len(X_) 256 > v_choose 1
len(X_) 2  v_choose 1
len(X_) 494 > v_choose 1
len(X_) 2  v_choose 1
len(X_) 729 > v_choose 1
len(X_) 2  v_choose 1
len(X_) 4324 > v_choose 2
len(X_) 2  v_choose 2
len(X_) 190 > v_choose 1
len(X_) 2  v_choose 1
len(X_) 1395 > v_choose 1
len(X_) 2  v_choose 1
len(X_) 281 > v_choose 1
len(X_) 2  v_choose 1
len(X_) 8996 > v_choose 5
len(X_) 6  v_choose 5
len(X_) 2769 > v_choose 2
len(X_) 2  v_choose 2
len(X_) 875 > v_choose 1
len(X_) 2  v_choose 1
len(X_) 184 > v_choose 1
len(X_) 2  v_choose 1
len(X_) 451 > v_choose 1
len(X_) 2  v_choose 1
len(X_) 3242 > v_choose 2
len(X_) 2  v_choose 2
len(X_) 228 > v_choose 1
len(X_) 2  v_choose 1
len(X_) 423 > v_choose 1
len(X_) 2  v_choose 1
len(X_) 382 > v_choose 1
len(X_) 2  v_choose 1
len(X_) 8996 > v_choose 5
len(X_) 6  v_choose 5
len(X_) 8994 > v_choose 5
len(X_) 6  v_choose 5
len(X_) 475 > v_choose 1
len(X_) 2  v_choose 1
len(X_) 6061 > v_choose 3
len(X_) 4  v_choose 3
len(X_) 617 > v_choose 1
len(X_) 2  v_choose 1
len(X_) 214 > v_choose 1
len(X_) 2  v_choose 1
len(X_) 816 > v_choose 1
len(X_) 2  v_choose 1
len(X_) 627 > v_choose 1
len(X_) 2  v_choose 1
len(X_) 204 > v_choose 1
len(X_) 2  v_choose 1
len(X_) 5933 > v_choose 3
len(X_) 4  v_choose 3
len(X_) 1857 > v_choose 1
len(X_) 2  v_choose 1
=> Acc: 0.945 Precision 0.945 Recall 0.945 F1 0.943 
=> Acc: 0.925 Precision 0.925 Recall 0.925 F1 0.925 
=> Acc: 0.729 Precision 0.729 Recall 0.729 F1 0.706 
=> Acc: 0.953 Precision 0.953 Recall 0.953 F1 0.952 
=> Acc: 0.733 Precision 0.733 Recall 0.733 F1 0.711 
=> Acc: 0.897 Precision 0.897 Recall 0.897 F1 0.877 
=> Acc: 0.816 Precision 0.816 Recall 0.816 F1 0.796 
=> Acc: 0.843 Precision 0.843 Recall 0.843 F1 0.832 
=> Acc: 0.799 Precision 0.799 Recall 0.799 F1 0.794 
=> Acc: 0.934 Precision 0.934 Recall 0.934 F1 0.934 
=> Acc: 0.794 Precision 0.794 Recall 0.794 F1 0.793 
=> Acc: 0.884 Precision 0.884 Recall 0.884 F1 0.884 
=> Acc: 0.706 Precision 0.706 Recall 0.706 F1 0.674 
=> Acc: 0.955 Precision 0.955 Recall 0.955 F1 0.955 
=> Acc: 0.946 Precision 0.946 Recall 0.946 F1 0.946 
=> Acc: 0.824 Precision 0.824 Recall 0.824 F1 0.812 
=> Acc: 0.927 Precision 0.927 Recall 0.927 F1 0.925 
=> Acc: 0.977 Precision 0.977 Recall 0.977 F1 0.977 


accs [0.9451476793248945, 0.9254457050243112, 0.7292907417433676, 0.9529243937232525, 0.732824427480916, 0.8971631205673759, 0.8162217659137577, 0.8430808565036753, 0.7994612391499551, 0.9341546304163126, 0.7938885560215698, 0.884313725490196, 0.7057291666666666, 0.9552238805970149, 0.94640434192673, 0.823982398239824, 0.9265967588179218, 0.9770723104056437]
 precisions [0.9430379746835443, 0.9181523500810372, 0.723876556578235, 0.9365192582025678, 0.767175572519084, 0.9042553191489362, 0.8429158110882957, 0.8395653563438799, 0.787488775815624, 0.9358538657604079, 0.8064709406830437, 0.8529411764705882, 0.7122395833333334, 0.9348710990502035, 0.9531886024423338, 0.8283828382838284, 0.9065776930409915, 0.982363315696649]
 recalls [0.9282700421940928, 0.9311183144246353, 0.7314564158094207, 0.9507845934379457, 0.8358778625954199, 0.8900709219858156, 0.8172484599589322, 0.8274209012464045, 0.7973660580664472, 0.9311809685641461, 0.793289394847214, 0.8686274509803922, 0.7369791666666666, 0.9531886024423338, 0.9518317503392131, 0.8184818481848185, 0.9351763584366063, 0.9929453262786596]
 f1scores [0.9412776872528399, 0.9238814407133484, 0.697767162078907, 0.9363811116199591, 0.7438688295831153, 0.8633669244512034, 0.8306733138511977, 0.8270658727695208, 0.7773558138278562, 0.9154263655528426, 0.8008571834536682, 0.8702128884080473, 0.6961855780954007, 0.9511375790341734, 0.9499825528559643, 0.808460508970283, 0.9205843061015972, 0.9747924532344946]
task 19 =>> taskLabels [90, 91, 92, 93, 94]
i am Task IFS
len(X_) 346 > v_choose 1
len(X_) 2  v_choose 1
len(X_) 788 > v_choose 1
len(X_) 2  v_choose 1
len(X_) 2339 > v_choose 2
len(X_) 2  v_choose 2
len(X_) 188 > v_choose 1
len(X_) 2  v_choose 1
len(X_) 598 > v_choose 1
len(X_) 2  v_choose 1
len(X_) 227 > v_choose 1
len(X_) 2  v_choose 1
len(X_) 1120 > v_choose 1
len(X_) 2  v_choose 1
len(X_) 8993 > v_choose 5
len(X_) 6  v_choose 5
len(X_) 261 > v_choose 1
len(X_) 2  v_choose 1
len(X_) 509 > v_choose 1
len(X_) 2  v_choose 1
len(X_) 338 > v_choose 1
len(X_) 2  v_choose 1
len(X_) 378 > v_choose 1
len(X_) 2  v_choose 1
len(X_) 247 > v_choose 1
len(X_) 2  v_choose 1
len(X_) 8951 > v_choose 5
len(X_) 6  v_choose 5
len(X_) 6704 > v_choose 4
len(X_) 4  v_choose 4
len(X_) 1707 > v_choose 1
len(X_) 2  v_choose 1
len(X_) 9000 > v_choose 5
len(X_) 6  v_choose 5
len(X_) 831 > v_choose 1
len(X_) 2  v_choose 1
len(X_) 385 > v_choose 1
len(X_) 2  v_choose 1
len(X_) 694 > v_choose 1
len(X_) 2  v_choose 1
len(X_) 757 > v_choose 1
len(X_) 2  v_choose 1
len(X_) 536 > v_choose 1
len(X_) 2  v_choose 1
len(X_) 228 > v_choose 1
len(X_) 2  v_choose 1
len(X_) 400 > v_choose 1
len(X_) 2  v_choose 1
len(X_) 442 > v_choose 1
len(X_) 2  v_choose 1
len(X_) 240 > v_choose 1
len(X_) 2  v_choose 1
len(X_) 445 > v_choose 1
len(X_) 2  v_choose 1
len(X_) 393 > v_choose 1
len(X_) 2  v_choose 1
len(X_) 242 > v_choose 1
len(X_) 2  v_choose 1
len(X_) 1220 > v_choose 1
len(X_) 2  v_choose 1
len(X_) 1036 > v_choose 1
len(X_) 2  v_choose 1
len(X_) 1691 > v_choose 1
len(X_) 2  v_choose 1
len(X_) 3881 > v_choose 2
len(X_) 2  v_choose 2
len(X_) 1562 > v_choose 1
len(X_) 2  v_choose 1
len(X_) 595 > v_choose 1
len(X_) 2  v_choose 1
len(X_) 8988 > v_choose 5
len(X_) 6  v_choose 5
len(X_) 8994 > v_choose 5
len(X_) 6  v_choose 5
len(X_) 299 > v_choose 1
len(X_) 2  v_choose 1
len(X_) 8992 > v_choose 5
len(X_) 6  v_choose 5
len(X_) 888 > v_choose 1
len(X_) 2  v_choose 1
len(X_) 1758 > v_choose 1
len(X_) 2  v_choose 1
len(X_) 5743 > v_choose 3
len(X_) 4  v_choose 3
len(X_) 4595 > v_choose 3
len(X_) 4  v_choose 3
len(X_) 8997 > v_choose 5
len(X_) 6  v_choose 5
len(X_) 8968 > v_choose 5
len(X_) 6  v_choose 5
len(X_) 8988 > v_choose 5
len(X_) 6  v_choose 5
len(X_) 285 > v_choose 1
len(X_) 2  v_choose 1
len(X_) 8997 > v_choose 5
len(X_) 6  v_choose 5
len(X_) 1391 > v_choose 1
len(X_) 2  v_choose 1
len(X_) 1516 > v_choose 1
len(X_) 2  v_choose 1
len(X_) 8968 > v_choose 5
len(X_) 6  v_choose 5
len(X_) 4252 > v_choose 2
len(X_) 2  v_choose 2
len(X_) 476 > v_choose 1
len(X_) 2  v_choose 1
len(X_) 851 > v_choose 1
len(X_) 2  v_choose 1
len(X_) 475 > v_choose 1
len(X_) 2  v_choose 1
len(X_) 803 > v_choose 1
len(X_) 2  v_choose 1
len(X_) 2621 > v_choose 2
len(X_) 2  v_choose 2
len(X_) 411 > v_choose 1
len(X_) 2  v_choose 1
len(X_) 256 > v_choose 1
len(X_) 2  v_choose 1
len(X_) 494 > v_choose 1
len(X_) 2  v_choose 1
len(X_) 729 > v_choose 1
len(X_) 2  v_choose 1
len(X_) 4324 > v_choose 2
len(X_) 2  v_choose 2
len(X_) 190 > v_choose 1
len(X_) 2  v_choose 1
len(X_) 1395 > v_choose 1
len(X_) 2  v_choose 1
len(X_) 281 > v_choose 1
len(X_) 2  v_choose 1
len(X_) 8996 > v_choose 5
len(X_) 6  v_choose 5
len(X_) 2769 > v_choose 2
len(X_) 2  v_choose 2
len(X_) 875 > v_choose 1
len(X_) 2  v_choose 1
len(X_) 184 > v_choose 1
len(X_) 2  v_choose 1
len(X_) 451 > v_choose 1
len(X_) 2  v_choose 1
len(X_) 3242 > v_choose 2
len(X_) 2  v_choose 2
len(X_) 228 > v_choose 1
len(X_) 2  v_choose 1
len(X_) 423 > v_choose 1
len(X_) 2  v_choose 1
len(X_) 382 > v_choose 1
len(X_) 2  v_choose 1
len(X_) 8996 > v_choose 5
len(X_) 6  v_choose 5
len(X_) 8994 > v_choose 5
len(X_) 6  v_choose 5
len(X_) 475 > v_choose 1
len(X_) 2  v_choose 1
len(X_) 6061 > v_choose 3
len(X_) 4  v_choose 3
len(X_) 617 > v_choose 1
len(X_) 2  v_choose 1
len(X_) 214 > v_choose 1
len(X_) 2  v_choose 1
len(X_) 816 > v_choose 1
len(X_) 2  v_choose 1
len(X_) 627 > v_choose 1
len(X_) 2  v_choose 1
len(X_) 204 > v_choose 1
len(X_) 2  v_choose 1
len(X_) 5933 > v_choose 3
len(X_) 4  v_choose 3
len(X_) 1857 > v_choose 1
len(X_) 2  v_choose 1
len(X_) 1322 > v_choose 1
len(X_) 2  v_choose 1
len(X_) 216 > v_choose 1
len(X_) 2  v_choose 1
len(X_) 233 > v_choose 1
len(X_) 2  v_choose 1
len(X_) 3030 > v_choose 2
len(X_) 2  v_choose 2
len(X_) 292 > v_choose 1
len(X_) 2  v_choose 1
=> Acc: 0.924 Precision 0.924 Recall 0.924 F1 0.923 
=> Acc: 0.933 Precision 0.933 Recall 0.933 F1 0.928 
=> Acc: 0.739 Precision 0.739 Recall 0.739 F1 0.711 
=> Acc: 0.766 Precision 0.766 Recall 0.766 F1 0.742 
=> Acc: 0.729 Precision 0.729 Recall 0.729 F1 0.701 
=> Acc: 0.883 Precision 0.883 Recall 0.883 F1 0.868 
=> Acc: 0.796 Precision 0.796 Recall 0.796 F1 0.772 
=> Acc: 0.849 Precision 0.849 Recall 0.849 F1 0.840 
=> Acc: 0.832 Precision 0.832 Recall 0.832 F1 0.828 
=> Acc: 0.865 Precision 0.865 Recall 0.865 F1 0.865 
=> Acc: 0.836 Precision 0.836 Recall 0.836 F1 0.829 
=> Acc: 0.927 Precision 0.927 Recall 0.927 F1 0.927 
=> Acc: 0.760 Precision 0.760 Recall 0.760 F1 0.746 
=> Acc: 0.930 Precision 0.930 Recall 0.930 F1 0.930 
=> Acc: 0.923 Precision 0.923 Recall 0.923 F1 0.923 
=> Acc: 0.838 Precision 0.838 Recall 0.838 F1 0.829 
=> Acc: 0.875 Precision 0.875 Recall 0.875 F1 0.871 
=> Acc: 0.966 Precision 0.966 Recall 0.966 F1 0.967 
=> Acc: 0.906 Precision 0.906 Recall 0.906 F1 0.905 


accs [0.9240506329113924, 0.9327390599675851, 0.7390362750406064, 0.7660485021398002, 0.7290076335877863, 0.8829787234042553, 0.795687885010267, 0.849153084052413, 0.8320862017360072, 0.8653355989804588, 0.8364289994008388, 0.9274509803921569, 0.7604166666666666, 0.9301221166892809, 0.923337856173677, 0.8382838283828383, 0.8751191611058151, 0.9664902998236331, 0.9060356652949245]
 precisions [0.9261603375527426, 0.9165316045380876, 0.7103410936654033, 0.7781740370898717, 0.6984732824427481, 0.8900709219858156, 0.8367556468172485, 0.8376478108021732, 0.8362765639030231, 0.8725573491928632, 0.8328340323547034, 0.9392156862745098, 0.7174479166666666, 0.9280868385345997, 0.903663500678426, 0.8217821782178217, 0.877025738798856, 0.9594356261022927, 0.9190672153635117]
 recalls [0.9388185654008439, 0.9254457050243112, 0.723876556578235, 0.7781740370898717, 0.6717557251908397, 0.8617021276595744, 0.8316221765913757, 0.8421220837328219, 0.8440586650703382, 0.8610875106202209, 0.823247453565009, 0.9137254901960784, 0.7213541666666666, 0.9294436906377205, 0.9192672998643148, 0.834983498349835, 0.8703527168732126, 0.9770723104056437, 0.9060356652949245]
 f1scores [0.9326139169646381, 0.9039423683015795, 0.7024380413326767, 0.7405317389245787, 0.6707548706090065, 0.8746929218326851, 0.7779261694149386, 0.8213156896131087, 0.8313265738106695, 0.8624632020914452, 0.8245130919297476, 0.9450532647765193, 0.7425713806993928, 0.9328570251419006, 0.9123369097182294, 0.8144311998962817, 0.8735073785523703, 0.9651860997052528, 0.895798723422842]
task 20 =>> taskLabels [95, 96, 97, 98, 99]
i am Task IFS
len(X_) 346 > v_choose 1
len(X_) 2  v_choose 1
len(X_) 788 > v_choose 1
len(X_) 2  v_choose 1
len(X_) 2339 > v_choose 1
len(X_) 2  v_choose 1
len(X_) 188 > v_choose 1
len(X_) 2  v_choose 1
len(X_) 598 > v_choose 1
len(X_) 2  v_choose 1
len(X_) 227 > v_choose 1
len(X_) 2  v_choose 1
len(X_) 1120 > v_choose 1
len(X_) 2  v_choose 1
len(X_) 8993 > v_choose 4
len(X_) 4  v_choose 4
len(X_) 261 > v_choose 1
len(X_) 2  v_choose 1
len(X_) 509 > v_choose 1
len(X_) 2  v_choose 1
len(X_) 338 > v_choose 1
len(X_) 2  v_choose 1
len(X_) 378 > v_choose 1
len(X_) 2  v_choose 1
len(X_) 247 > v_choose 1
len(X_) 2  v_choose 1
len(X_) 8951 > v_choose 4
len(X_) 4  v_choose 4
len(X_) 6704 > v_choose 3
len(X_) 4  v_choose 3
len(X_) 1707 > v_choose 1
len(X_) 2  v_choose 1
len(X_) 9000 > v_choose 4
len(X_) 4  v_choose 4
len(X_) 831 > v_choose 1
len(X_) 2  v_choose 1
len(X_) 385 > v_choose 1
len(X_) 2  v_choose 1
len(X_) 694 > v_choose 1
len(X_) 2  v_choose 1
len(X_) 757 > v_choose 1
len(X_) 2  v_choose 1
len(X_) 536 > v_choose 1
len(X_) 2  v_choose 1
len(X_) 228 > v_choose 1
len(X_) 2  v_choose 1
len(X_) 400 > v_choose 1
len(X_) 2  v_choose 1
len(X_) 442 > v_choose 1
len(X_) 2  v_choose 1
len(X_) 240 > v_choose 1
len(X_) 2  v_choose 1
len(X_) 445 > v_choose 1
len(X_) 2  v_choose 1
len(X_) 393 > v_choose 1
len(X_) 2  v_choose 1
len(X_) 242 > v_choose 1
len(X_) 2  v_choose 1
len(X_) 1220 > v_choose 1
len(X_) 2  v_choose 1
len(X_) 1036 > v_choose 1
len(X_) 2  v_choose 1
len(X_) 1691 > v_choose 1
len(X_) 2  v_choose 1
len(X_) 3881 > v_choose 2
len(X_) 2  v_choose 2
len(X_) 1562 > v_choose 1
len(X_) 2  v_choose 1
len(X_) 595 > v_choose 1
len(X_) 2  v_choose 1
len(X_) 8988 > v_choose 4
len(X_) 4  v_choose 4
len(X_) 8994 > v_choose 4
len(X_) 4  v_choose 4
len(X_) 299 > v_choose 1
len(X_) 2  v_choose 1
len(X_) 8992 > v_choose 4
len(X_) 4  v_choose 4
len(X_) 888 > v_choose 1
len(X_) 2  v_choose 1
len(X_) 1758 > v_choose 1
len(X_) 2  v_choose 1
len(X_) 5743 > v_choose 3
len(X_) 4  v_choose 3
len(X_) 4595 > v_choose 2
len(X_) 2  v_choose 2
len(X_) 8997 > v_choose 4
len(X_) 4  v_choose 4
len(X_) 8968 > v_choose 4
len(X_) 4  v_choose 4
len(X_) 8988 > v_choose 4
len(X_) 4  v_choose 4
len(X_) 285 > v_choose 1
len(X_) 2  v_choose 1
len(X_) 8997 > v_choose 4
len(X_) 4  v_choose 4
len(X_) 1391 > v_choose 1
len(X_) 2  v_choose 1
len(X_) 1516 > v_choose 1
len(X_) 2  v_choose 1
len(X_) 8968 > v_choose 4
len(X_) 4  v_choose 4
len(X_) 4252 > v_choose 2
len(X_) 2  v_choose 2
len(X_) 476 > v_choose 1
len(X_) 2  v_choose 1
len(X_) 851 > v_choose 1
len(X_) 2  v_choose 1
len(X_) 475 > v_choose 1
len(X_) 2  v_choose 1
len(X_) 803 > v_choose 1
len(X_) 2  v_choose 1
len(X_) 2621 > v_choose 2
len(X_) 2  v_choose 2
len(X_) 411 > v_choose 1
len(X_) 2  v_choose 1
len(X_) 256 > v_choose 1
len(X_) 2  v_choose 1
len(X_) 494 > v_choose 1
len(X_) 2  v_choose 1
len(X_) 729 > v_choose 1
len(X_) 2  v_choose 1
len(X_) 4324 > v_choose 2
len(X_) 2  v_choose 2
len(X_) 190 > v_choose 1
len(X_) 2  v_choose 1
len(X_) 1395 > v_choose 1
len(X_) 2  v_choose 1
len(X_) 281 > v_choose 1
len(X_) 2  v_choose 1
len(X_) 8996 > v_choose 4
len(X_) 4  v_choose 4
len(X_) 2769 > v_choose 2
len(X_) 2  v_choose 2
len(X_) 875 > v_choose 1
len(X_) 2  v_choose 1
len(X_) 184 > v_choose 1
len(X_) 2  v_choose 1
len(X_) 451 > v_choose 1
len(X_) 2  v_choose 1
len(X_) 3242 > v_choose 2
len(X_) 2  v_choose 2
len(X_) 228 > v_choose 1
len(X_) 2  v_choose 1
len(X_) 423 > v_choose 1
len(X_) 2  v_choose 1
len(X_) 382 > v_choose 1
len(X_) 2  v_choose 1
len(X_) 8996 > v_choose 4
len(X_) 4  v_choose 4
len(X_) 8994 > v_choose 4
len(X_) 4  v_choose 4
len(X_) 475 > v_choose 1
len(X_) 2  v_choose 1
len(X_) 6061 > v_choose 3
len(X_) 4  v_choose 3
len(X_) 617 > v_choose 1
len(X_) 2  v_choose 1
len(X_) 214 > v_choose 1
len(X_) 2  v_choose 1
len(X_) 816 > v_choose 1
len(X_) 2  v_choose 1
len(X_) 627 > v_choose 1
len(X_) 2  v_choose 1
len(X_) 204 > v_choose 1
len(X_) 2  v_choose 1
len(X_) 5933 > v_choose 3
len(X_) 4  v_choose 3
len(X_) 1857 > v_choose 1
len(X_) 2  v_choose 1
len(X_) 1322 > v_choose 1
len(X_) 2  v_choose 1
len(X_) 216 > v_choose 1
len(X_) 2  v_choose 1
len(X_) 233 > v_choose 1
len(X_) 2  v_choose 1
len(X_) 3030 > v_choose 2
len(X_) 2  v_choose 2
len(X_) 292 > v_choose 1
len(X_) 2  v_choose 1
len(X_) 958 > v_choose 1
len(X_) 2  v_choose 1
len(X_) 7178 > v_choose 4
len(X_) 4  v_choose 4
len(X_) 3722 > v_choose 2
len(X_) 2  v_choose 2
len(X_) 484 > v_choose 1
len(X_) 2  v_choose 1
len(X_) 785 > v_choose 1
len(X_) 2  v_choose 1
=> Acc: 0.918 Precision 0.918 Recall 0.918 F1 0.917 
=> Acc: 0.889 Precision 0.889 Recall 0.889 F1 0.886 
=> Acc: 0.697 Precision 0.697 Recall 0.697 F1 0.689 
=> Acc: 0.906 Precision 0.906 Recall 0.906 F1 0.905 
=> Acc: 0.714 Precision 0.714 Recall 0.714 F1 0.688 
=> Acc: 0.904 Precision 0.904 Recall 0.904 F1 0.890 
=> Acc: 0.648 Precision 0.648 Recall 0.648 F1 0.612 
=> Acc: 0.864 Precision 0.864 Recall 0.864 F1 0.859 
=> Acc: 0.849 Precision 0.849 Recall 0.849 F1 0.845 
=> Acc: 0.820 Precision 0.820 Recall 0.820 F1 0.821 
=> Acc: 0.801 Precision 0.801 Recall 0.801 F1 0.798 
=> Acc: 0.882 Precision 0.882 Recall 0.882 F1 0.879 
=> Acc: 0.676 Precision 0.676 Recall 0.676 F1 0.643 
=> Acc: 0.917 Precision 0.917 Recall 0.917 F1 0.916 
=> Acc: 0.944 Precision 0.944 Recall 0.944 F1 0.943 
=> Acc: 0.821 Precision 0.821 Recall 0.821 F1 0.813 
=> Acc: 0.910 Precision 0.910 Recall 0.910 F1 0.910 
=> Acc: 0.945 Precision 0.945 Recall 0.945 F1 0.943 
=> Acc: 0.918 Precision 0.918 Recall 0.918 F1 0.919 
=> Acc: 0.903 Precision 0.903 Recall 0.903 F1 0.905 


accs [0.9177215189873418, 0.8889789303079416, 0.697347049269085, 0.905848787446505, 0.7137404580152672, 0.9042553191489362, 0.6478439425051334, 0.8635346756152126, 0.8494462735707872, 0.8198810535259133, 0.8010784901138406, 0.8823529411764706, 0.67578125, 0.9165535956580733, 0.9443690637720489, 0.8206820682068207, 0.9103908484270734, 0.9453262786596119, 0.9176954732510288, 0.9033562474727053]
 precisions [0.9261603375527426, 0.8865478119935171, 0.7125067677314564, 0.8980028530670471, 0.7213740458015268, 0.8723404255319149, 0.6591375770020534, 0.8638542665388304, 0.8539359473211613, 0.8045879354290569, 0.8004793289394847, 0.8941176470588236, 0.6875, 0.9192672998643148, 0.9226594301221167, 0.8162816281628162, 0.9161105815061964, 0.9294532627865961, 0.9300411522633745, 0.9029518803073191]
 recalls [0.9240506329113924, 0.8905996758508914, 0.7049269085002707, 0.9144079885877318, 0.7519083969465649, 0.8971631205673759, 0.6303901437371663, 0.8667305848513902, 0.8542352589045196, 0.7982158028887001, 0.7938885560215698, 0.907843137254902, 0.69921875, 0.9145183175033921, 0.9436906377204884, 0.8217821782178217, 0.897998093422307, 0.9611992945326279, 0.934156378600823, 0.9069955519611808]
 f1scores [0.9246595654758245, 0.9055239511434664, 0.7033306607591295, 0.9055935951362392, 0.7458148497781043, 0.886677994307159, 0.6248109359457816, 0.855687124933586, 0.8484491995907272, 0.8403833889947887, 0.8101036496336628, 0.8842033005182384, 0.6446011070123682, 0.9086865829713258, 0.9406717484300842, 0.8072887289058054, 0.9077837165646084, 0.9495935516481235, 0.9189820129651777, 0.9082190933237954]
done w/ time
All done
